# q=241
# m=40
# n=43
# n_fft=8
# k_fft=3
# n_lat=35
# beta_0=37
# beta_1=44
# avg_N=200001.000000
# avg_dlat=43.229753
# sdv_dlat=1.125667
# avg_dlsc=23.849187
# sdv_dlsc=3.350470
# nb_iteration=1
# Line i (starting from i=0) correspond to P(F >= i) where F is the score function when the target b is uniform (this is a first approximation of P_wrong(i)). nb_iteration correspond to the number of time we ran the algorithm with each time a different lattice, target
4.980681936465750081e-01
4.967985402558067198e-01
4.955399602543907323e-01
4.942755935140229484e-01
4.930000819430812031e-01
4.917405732057840706e-01
4.904699196379130322e-01
4.892054814563235876e-01
4.879252547647544014e-01
4.866653888213491319e-01
4.853977357847864549e-01
4.841190093588714771e-01
4.828536424414008876e-01
4.815798454597782219e-01
4.803293383164061736e-01
4.790603993378541592e-01
4.778015335715516954e-01
4.765545270480394113e-01
4.752988046954885748e-01
4.740398674879644503e-01
4.727678565368824692e-01
4.715186353354997584e-01
4.702416234989038601e-01
4.689803287310660429e-01
4.677216772884284501e-01
4.664682410549696456e-01
4.651929438076928269e-01
4.639315061574117438e-01
4.626796416308287530e-01
4.613945569361889154e-01
4.601309760492590106e-01
4.588743964020486343e-01
4.576331051762665414e-01
4.563968148359984767e-01
4.551448074269722199e-01
4.538797262743881622e-01
4.526306479554486617e-01
4.513945719388454680e-01
4.501502087405334085e-01
4.489082031025350972e-01
4.476471226583621510e-01
4.463804697989022241e-01
4.451378211899092441e-01
4.438924578144944344e-01
4.426399503169168304e-01
4.413935153231776098e-01
4.401379358530699837e-01
4.388902149173414258e-01
4.376522099877542815e-01
4.364132763222859368e-01
4.351776289530124853e-01
4.339326227837057570e-01
4.326855448189718678e-01
4.314201064602796176e-01
4.301928177139366372e-01
4.289404530988022990e-01
4.277062345539613952e-01
4.264528697617242514e-01
4.252036485603414850e-01
4.239687156032843074e-01
4.227218519622152892e-01
4.214764885868004796e-01
4.202498428114521123e-01
4.190076942910105351e-01
4.177807627507756361e-01
4.165399001723233963e-01
4.153030383022822125e-01
4.140635331070408598e-01
4.128091681377009659e-01
4.115689485302433392e-01
4.103468035518574863e-01
4.091144424787789280e-01
4.078971555034637819e-01
4.066633656059526758e-01
4.054405062153505490e-01
4.042112885560236180e-01
4.029812850432587523e-01
4.017567825045592067e-01
4.005289936696647679e-01
3.993117781355712825e-01
3.980864183022122527e-01
3.968813477757954233e-01
3.956527730874631055e-01
3.944166970708599118e-01
3.932102691612321954e-01
3.920081277249021223e-01
3.907897691312626209e-01
3.895794833956670034e-01
3.883616248905788493e-01
3.871503389778804261e-01
3.859265508513972098e-01
3.847301247127973833e-01
3.835094085588440782e-01
3.823062669454112550e-01
3.810938379731668157e-01
3.798943398620370226e-01
3.786978422822155355e-01
3.775064170291296817e-01
3.763159919531465780e-01
3.751334254115425426e-01
3.739491442806194277e-01
3.727535754366790854e-01
3.715519340889004707e-01
3.703681530465287586e-01
3.691609392834631076e-01
3.679693711479339879e-01
3.667802320139401662e-01
3.655855204646594192e-01
3.643998819505253617e-01
3.631998123096225606e-01
3.620162455909157195e-01
3.608233915133972625e-01
3.596241077259323404e-01
3.584489710713775756e-01
3.572659758824437426e-01
3.560904105805592357e-01
3.549242040787079500e-01
3.537472099523908398e-01
3.525809320093179489e-01
3.514213695410779992e-01
3.502574491583188010e-01
3.491047450473551694e-01
3.479448968142287435e-01
3.467764041932853702e-01
3.456144127235101227e-01
3.444556361087081076e-01
3.432654967976115357e-01
3.420965755293383648e-01
3.409142947526208611e-01
3.397540178721646376e-01
3.386017424085307481e-01
3.374549679189622342e-01
3.363005492186795231e-01
3.351412725153261052e-01
3.340003562059310482e-01
3.328554391881248242e-01
3.316967340145444143e-01
3.305466732287810072e-01
3.294141869835380265e-01
3.282671981703045860e-01
3.271217096227253540e-01
3.259746493682703083e-01
3.248475926558709870e-01
3.236893161296203747e-01
3.225446848767006824e-01
3.214189855475123037e-01
3.202939291893185936e-01
3.191696586845627626e-01
3.180499604179911621e-01
3.169302621514195062e-01
3.158172079184592973e-01
3.146906512946113788e-01
3.135725961761371972e-01
3.124618995034906810e-01
3.113390578231673977e-01
3.102088576970165046e-01
3.090788718945304825e-01
3.079536726538935065e-01
3.068436903934632642e-01
3.057394234307632130e-01
3.046357279978361698e-01
3.035358189496554226e-01
3.024413394343183903e-01
3.013474314487543659e-01
3.002456649288113288e-01
2.991383974348029162e-01
2.980533481607207658e-01
2.969489383155774487e-01
2.958692471331173524e-01
2.947903418040951906e-01
2.937028635284776312e-01
2.926357460010240441e-01
2.915529828460339257e-01
2.904920807048619324e-01
2.894166045544778743e-01
2.883319124865038607e-01
2.872567935422279395e-01
2.861991776972508394e-01
2.851331317881216076e-01
2.840520117812289635e-01
2.829848942537753764e-01
2.819184911385380077e-01
2.808449439011379001e-01
2.797786836683438527e-01
2.787064938141546877e-01
2.776414480821282615e-01
2.765778311745343832e-01
2.755251447738495951e-01
2.744838889686252448e-01
2.734289164488483137e-01
2.723985197093113930e-01
2.713544776964435523e-01
2.703260813111121874e-01
2.692813248860280173e-01
2.682362112548357658e-01
2.672028139839904282e-01
2.661767037177511508e-01
2.651413775339219181e-01
2.641064799974224275e-01
2.630807983785128923e-01
2.620480440786622234e-01
2.610252915498394444e-01
2.600163271767907958e-01
2.590022190357849641e-01
2.579761802107673474e-01
2.569469265307763872e-01
2.559341043317598929e-01
2.549290692259008062e-01
2.539300351826584423e-01
2.529139981286686600e-01
2.519061053739444223e-01
2.509034992696206889e-01
2.498940348080206375e-01
2.488988585907461748e-01
2.479037538146933173e-01
2.468984329439477265e-01
2.458947552212995546e-01
2.449095807750529541e-01
2.439361226891533230e-01
2.429481620352632321e-01
2.419661310027682866e-01
2.409775988191051876e-01
2.399990684064699786e-01
2.390212524060510435e-01
2.380320772513933036e-01
2.370633342861210857e-01
2.360902334063295915e-01
2.351225620593818122e-01
2.341572482727477256e-01
2.331822899211939137e-01
2.322136898383649617e-01
2.312587350288669019e-01
2.302879917093891005e-01
2.293357516663129259e-01
2.283860835072153150e-01
2.274367011130042360e-01
2.264813176561764063e-01
2.255355073230466967e-01
2.245696220066396021e-01
2.236481731300849762e-01
2.227162938351726629e-01
2.217694833249401754e-01
2.208393900605685745e-01
2.199021526740342070e-01
2.189713449974463322e-01
2.180546826827407525e-01
2.171468076382953860e-01
2.162212866121079602e-01
2.152951940561475264e-01
2.143678155581977829e-01
2.134590117778712437e-01
2.125515653807556471e-01
2.116393324217909766e-01
2.107402446476058233e-01
2.098297977191818375e-01
2.089214940274067012e-01
2.080171910440427319e-01
2.071066726743971409e-01
2.062143003750449843e-01
2.053250000482228221e-01
2.044333421610869395e-01
2.035477567777894403e-01
2.026493119745989280e-01
2.017615833546525794e-01
2.008686395255274149e-01
1.999749812841859764e-01
1.990930394031914519e-01
1.982186702916895193e-01
1.973493020657015040e-01
1.964789336626106830e-01
1.956144234396933468e-01
1.947445551251539564e-01
1.938805449907880230e-01
1.930164634152004566e-01
1.921531676930507970e-01
1.912999451831506326e-01
1.904455081724828192e-01
1.895993583435238161e-01
1.887409920656664963e-01
1.879027722123081667e-01
1.870518358215001176e-01
1.862192598246503739e-01
1.853858979743627511e-01
1.845439631774797862e-01
1.837101726798623935e-01
1.828911705151219369e-01
1.820638097274510370e-01
1.812364489397801093e-01
1.804055875322494729e-01
1.795933722835636459e-01
1.787649398775683074e-01
1.779434372700708922e-01
1.771371516427801829e-01
1.763215786566778576e-01
1.755154359118303864e-01
1.746935046570032013e-01
1.738976494480701240e-01
1.730888633780224284e-01
1.722971517599437841e-01
1.715065117601895228e-01
1.707095849329320625e-01
1.699262319377838337e-01
1.691321627593914689e-01
1.683418085245237394e-01
1.675495253766720594e-01
1.667587424944745600e-01
1.659792473252942324e-01
1.652053245714008856e-01
1.644326877594968483e-01
1.636503349414514252e-01
1.628737688623578539e-01
1.620970599008210167e-01
1.613300669454255376e-01
1.605662888450033465e-01
1.597916516788937258e-01
1.590241586349468716e-01
1.582680247452388222e-01
1.575169631822663507e-01
1.567563284955957592e-01
1.560010519005472496e-01
1.552497045726882741e-01
1.545081446921922896e-01
1.537592978070902727e-01
1.530156661311670718e-01
1.522698197773734441e-01
1.515140430937735316e-01
1.507721974483910432e-01
1.500318520686627355e-01
1.493044375500490462e-01
1.485770944726569898e-01
1.478523947204651579e-01
1.471150498720452116e-01
1.463847062633447660e-01
1.456672220745373336e-01
1.449517382399354848e-01
1.442370402587715428e-01
1.435408455540091721e-01
1.428491516462093436e-01
1.421466701139437461e-01
1.414473319954297759e-01
1.407491369364618217e-01
1.400638727386085136e-01
1.393796801590795886e-01
1.386853429260795634e-01
1.379927202823985899e-01
1.373025266402529421e-01
1.366044030225066208e-01
1.359243540338321288e-01
1.352420903672871821e-01
1.345605411129585094e-01
1.338838498617005157e-01
1.332083731112101987e-01
1.325392546294447416e-01
1.318702075889009173e-01
1.312000889300326822e-01
1.305228975902232857e-01
1.298519216366955387e-01
1.291888042175468043e-01
1.285282586823766893e-01
1.278708565609581738e-01
1.272215987388052583e-01
1.265705548861116303e-01
1.259265122731375031e-01
1.252748254494492341e-01
1.246334976028969643e-01
1.239885262540416921e-01
1.233617724167015012e-01
1.227235165426792396e-01
1.220879039938572025e-01
1.214397177900286839e-01
1.208212511343973034e-01
1.201999982711224324e-01
1.195701010200306141e-01
1.189394179155008890e-01
1.183330962675462339e-01
1.177158441126825300e-01
1.170975917807160344e-01
1.164951279587292665e-01
1.158815907473901979e-01
1.152875569895555063e-01
1.146770917507464321e-01
1.140707701027917770e-01
1.134746645495298828e-01
1.128709862267754382e-01
1.122739519376323852e-01
1.116772034133758362e-01
1.110884563059416075e-01
1.105109254703029176e-01
1.099204637735496232e-01
1.093309308126774737e-01
1.087466130609841541e-01
1.081697966375617520e-01
1.075936946263556238e-01
1.070256654731934348e-01
1.064530640818470708e-01
1.058891070783176541e-01
1.053165771281929092e-01
1.047355456726944689e-01
1.041711600218352962e-01
1.036117038152684355e-01
1.030506044606041283e-01
1.025008642601786396e-01
1.019433369665957295e-01
1.013772367264174912e-01
1.008113508099041239e-01
1.002515373972291263e-01
9.970258305024154444e-02
9.915348582081069673e-02
9.860860362345590102e-02
9.805464839095437424e-02
9.751405266689723572e-02
9.697802918102427228e-02
9.644664937455710296e-02
9.591562677419808447e-02
9.538338967307138927e-02
9.484972374751214630e-02
9.432763129985659301e-02
9.380068084913036064e-02
9.327173004419854474e-02
9.274556544691020532e-02
9.223268891684463511e-02
9.171752626768697736e-02
9.120622144449720692e-02
9.069848868238883366e-02
9.019218474471300817e-02
8.969331069408648105e-02
8.919322214269226334e-02
8.869449097450898822e-02
8.819697430709337593e-02
8.769895755112637470e-02
8.721229994939817820e-02
8.673214349883812124e-02
8.624812922231014922e-02
8.577047321450705086e-02
8.527609996084306587e-02
8.478979956522302019e-02
8.431135770398201501e-02
8.383220143052473594e-02
8.334661544712096415e-02
8.287553203170761051e-02
8.240344843919147899e-02
8.193643717341092536e-02
8.146928302518710585e-02
8.099469898991400185e-02
8.052925943100924799e-02
8.007210705381331839e-02
7.960323831627043323e-02
7.914515720319333092e-02
7.868250385193206742e-02
7.821999338311405592e-02
7.776798477387532327e-02
7.731547607608518780e-02
7.687154032489038058e-02
7.643782066838834821e-02
7.599288474009076311e-02
7.554216207284132623e-02
7.509322543613258794e-02
7.465236165746777508e-02
7.421178364368948011e-02
7.378063587116603927e-02
7.334305838869611960e-02
7.291769735512453054e-02
7.249169335055828667e-02
7.205583045740741877e-02
7.162832618718700806e-02
7.120760883302121313e-02
7.078453391854172549e-02
7.035860135519711456e-02
6.993924138424224834e-02
6.953274083318039533e-02
6.911209492023623335e-02
6.869673565769253420e-02
6.828673448677090307e-02
6.787744772806555971e-02
6.747902003504763213e-02
6.707852054660250196e-02
6.667594926273016920e-02
6.627002024144132419e-02
6.586944931177456108e-02
6.547366494395685799e-02
6.507273680818195793e-02
6.467680955792100284e-02
6.428031077788702585e-02
6.389081323757256348e-02
6.350195866825275592e-02
6.312446325317175311e-02
6.273467994797078673e-02
6.235754173899792779e-02
6.196518654981835600e-02
6.158833410573200801e-02
6.120176565550428799e-02
6.082862815494257530e-02
6.044941815054251377e-02
6.007213705912639590e-02
5.971100168379814971e-02
5.934172200920434515e-02
5.897551430714052800e-02
5.860752057453601921e-02
5.825002870151078926e-02
5.789439430024787697e-02
5.753668810355776903e-02
5.717983920152718696e-02
5.682806262623217586e-02
5.647721478681832358e-02
5.613043909703725048e-02
5.577894828662875032e-02
5.543438727471814570e-02
5.508696861394242472e-02
5.473933562950182574e-02
5.439748938401307160e-02
5.405621466829733934e-02
5.372644198926367076e-02
5.338623889187235627e-02
5.304767894257847449e-02
5.271340546658226378e-02
5.238970529138695098e-02
5.206271881999677276e-02
5.173066002187101664e-02
5.140231616726990277e-02
5.107718716764204220e-02
5.075920229017695517e-02
5.044228903103627898e-02
5.012308965280352219e-02
4.980810530664679658e-02
4.949419257881448875e-02
4.917970832120916597e-02
4.887079647889079614e-02
4.856531381521056456e-02
4.825575900189754686e-02
4.794106042062733913e-02
4.762586175080572859e-02
4.732216511766619560e-02
4.701489642344526543e-02
4.671177132007874738e-02
4.640185930065759273e-02
4.610237769959409093e-02
4.580182448020617136e-02
4.550505764556452698e-02
4.520743351626334283e-02
4.490895209230263280e-02
4.461490002408283889e-02
4.432684901847977477e-02
4.402908200673533862e-02
4.374760359352202616e-02
4.346219591311918651e-02
4.317364481896472650e-02
4.288980884543770050e-02
4.261104519864624546e-02
4.233406758239548207e-02
4.205787581958262550e-02
4.177882640790465951e-02
4.150642102983807119e-02
4.123980239072332771e-02
4.097132627984626657e-02
4.070242152163943555e-02
4.043401685198400736e-02
4.017054162662088423e-02
3.991106710966892124e-02
3.965044953317090753e-02
3.938454530627244488e-02
3.911928405036863010e-02
3.885566594256225498e-02
3.859783457370773163e-02
3.833721699720971793e-02
3.808074301156611635e-02
3.782212578927368618e-02
3.756393721431101895e-02
3.729946181184511100e-02
3.705384689188892522e-02
3.679765867113184152e-02
3.654861457253752444e-02
3.629721291362949381e-02
3.604795449137029179e-02
3.579976768743550752e-02
3.555508150336048750e-02
3.531632494068056433e-02
3.507221028637856619e-02
3.483631137256375937e-02
3.460234137173289620e-02
3.436787128235063715e-02
3.413890216703371894e-02
3.389978839824565882e-02
3.366967622338269683e-02
3.343799234164392120e-02
3.320752296067282228e-02
3.297698213848009041e-02
3.275115643691479256e-02
3.252740253077669730e-02
3.230114818188163650e-02
3.207696562841377136e-02
3.185328316349730904e-02
3.163967391083035569e-02
3.142649330549316528e-02
3.121545593680481040e-02
3.099420247342368762e-02
3.077816421922138779e-02
3.056484073144094538e-02
3.035001697800631879e-02
3.013304998792286013e-02
2.992651341619705432e-02
2.972212008112007711e-02
2.951022541777218941e-02
2.930276011016522131e-02
2.909336588957430261e-02
2.888925831938383981e-02
2.868350760109593736e-02
2.848854450727382470e-02
2.828943782259729992e-02
2.809204572723984425e-02
2.789372489600122629e-02
2.769304650444889479e-02
2.749644026252934248e-02
2.730754967254558907e-02
2.711401540315603112e-02
2.692162419331251694e-02
2.673237639722062312e-02
2.654384301334500665e-02
2.634959433173917134e-02
2.615791753411193452e-02
2.597224179910142747e-02
2.578435138622045888e-02
2.559981871075599907e-02
2.541557180017804674e-02
2.523232506670288269e-02
2.504964986300074054e-02
2.486868924861766750e-02
2.468901457622389023e-02
2.451126881681406355e-02
2.433409458717725876e-02
2.416084962472997769e-02
2.398824763327734796e-02
2.381535987693821077e-02
2.364718724122650065e-02
2.347908604673642000e-02
2.331241367667889058e-02
2.313852574323696162e-02
2.296592375178433537e-02
2.280160894204052296e-02
2.263872295672926527e-02
2.247962335616427929e-02
2.231895204872348312e-02
2.215435147409316324e-02
2.199832384605816815e-02
2.184001009893108899e-02
2.167548096552239512e-02
2.151502398174648042e-02
2.136071094303055445e-02
2.120275440201161224e-02
2.104694109764150209e-02
2.089127067571465088e-02
2.073531448890128526e-02
2.058407342271535018e-02
2.042933173666965779e-02
2.027937661247302195e-02
2.012706392796267257e-02
1.997446547856581225e-02
1.982415314826103947e-02
1.967684134926463158e-02
1.953260152279821457e-02
1.938879034366156745e-02
1.925226616913094935e-02
1.910788346022127687e-02
1.896671560628485423e-02
1.882911981342982183e-02
1.868995231369897578e-02
1.854578392845418824e-02
1.840547336917729843e-02
1.826973504808458715e-02
1.813528266898117164e-02
1.800440235095914637e-02
1.786802105887178027e-02
1.773485462175766747e-02
1.760761780603865498e-02
1.747923793077359872e-02
1.735235832116272664e-02
1.722254962146511567e-02
1.709316956909727112e-02
1.696664716559453598e-02
1.683605261245902165e-02
1.671081615094558576e-02
1.658365077644820273e-02
1.645612819584267930e-02
1.633146326410226529e-02
1.619908268042605584e-02
1.607641810289121842e-02
1.595239614214545576e-02
1.583337506691363458e-02
1.570871013517322057e-02
1.559133220803883731e-02
1.547809787175886444e-02
1.535557617666728249e-02
1.523898410297080432e-02
1.512382085370688085e-02
1.500680013268063627e-02
1.488735041011904868e-02
1.477132986619559239e-02
1.465895282457515235e-02
1.455021928525772508e-02
1.444198583449169369e-02
1.433125194096868983e-02
1.422737640472195031e-02
1.411507080432313627e-02
1.400362249858385678e-02
1.389596057759084555e-02
1.378922739247899661e-02
1.368399447302133011e-02
1.358133343754226209e-02
1.347352863410599712e-02
1.336565238944810267e-02
1.325941929288764788e-02
1.315961590627368928e-02
1.305816937156229277e-02
1.295572265974810795e-02
1.285334738915555088e-02
1.275625876896344796e-02
1.265616961746297842e-02
1.255929532093575697e-02
1.246549299693852988e-02
1.237083337828176824e-02
1.227603087718175286e-02
1.217994243409243650e-02
1.208721172841962545e-02
1.198869428379496609e-02
1.189453475368960032e-02
1.180044666480586056e-02
1.170921622478723195e-02
1.161820010843348655e-02
1.152568372642555697e-02
1.143859687726133875e-02
1.134465167082085446e-02
1.125627887966733527e-02
1.116497699842707893e-02
1.107710429582495389e-02
1.098458791381702604e-02
1.089407188601467305e-02
1.080669927196394216e-02
1.071996962890786088e-02
1.063624051716014624e-02
1.055322581762870721e-02
1.047035400054052365e-02
1.039083992086884539e-02
1.030561054346694656e-02
1.022102413705969735e-02
1.013486602377663796e-02
1.005878112274309101e-02
9.979338484293040490e-03
9.897252520642762022e-03
9.819524471511777153e-03
9.741582098715909077e-03
9.663068196147017383e-03
9.588197795881141933e-03
9.513327395615266482e-03
9.432813138840798195e-03
9.355870943147718416e-03
9.278857306233010901e-03
9.204701318183412806e-03
9.130473888912186975e-03
9.057318077965377176e-03
8.980447323493925132e-03
8.906077011779442096e-03
8.829920669524267407e-03
8.754978828036764221e-03
8.682966076635998190e-03
8.614382503873365196e-03
8.540798045596788984e-03
8.470071236185322192e-03
8.394129217595030709e-03
8.329903559351687845e-03
8.263963311789281063e-03
8.192879296269675593e-03
8.124795812058435013e-03
8.064213656118108392e-03
7.998559173442210818e-03
7.929761277014694618e-03
7.867535972976930081e-03
7.803238873511959481e-03
7.735941242738624858e-03
7.674573233360393147e-03
7.605703895711247477e-03
7.540978148916511331e-03
7.478895727322002265e-03
7.418885101154697528e-03
7.353159177257173086e-03
7.293791522084517968e-03
7.231209011938613887e-03
7.173984593414790834e-03
7.116188645117945896e-03
7.060750257134817097e-03
7.001025395854023302e-03
6.941943505567879126e-03
6.884719087044056073e-03
6.827851874628371696e-03
6.770055926331526759e-03
6.712760066586075970e-03
6.656750148829925287e-03
6.600668789852146001e-03
6.548945345393659447e-03
6.493149751302391103e-03
6.442283601503437374e-03
6.388059714287980077e-03
6.334836004175311078e-03
6.281397970397758004e-03
6.229531643496015979e-03
6.175093432615675476e-03
6.120083691962312222e-03
6.067360070401037371e-03
6.014850772504645726e-03
5.961198415062210314e-03
5.909546411825351495e-03
5.860323410123835682e-03
5.813600851179290610e-03
5.761948847942431791e-03
5.710868374478594856e-03
5.664503021642189329e-03
5.612851018405330510e-03
5.565128282357997141e-03
5.516476810429504080e-03
5.469897133928214479e-03
5.425675017740641017e-03
5.379095341239352283e-03
5.335873402154567118e-03
5.286864724117934511e-03
5.240785136168039926e-03
5.196705902423721934e-03
5.154126934333586388e-03
5.114048409000422450e-03
5.069397645483082575e-03
5.024961205630625906e-03
4.983453855864906391e-03
4.943161006866858380e-03
4.904868512074387829e-03
4.861860896654485870e-03
4.820496429332022693e-03
4.778274667350025824e-03
4.738196142016861019e-03
4.698331940348580288e-03
4.654752795155656445e-03
4.616460300363185894e-03
4.576453216251648824e-03
4.537660632907784125e-03
4.497724990017875658e-03
4.458789524230754621e-03
4.421497206541072367e-03
4.383919123964879171e-03
4.346555365053569181e-03
4.306548280942032111e-03
4.266684079273751380e-03
4.229963291357091010e-03
4.191956561451131401e-03
4.156521715523770269e-03
4.121229752039664608e-03
4.083651669463471412e-03
4.047430970098205190e-03
4.011353153176194439e-03
3.975418218697439159e-03
3.939697607883567085e-03
3.904191320734578651e-03
3.873185830548137986e-03
3.841680251810302739e-03
3.807959995202007692e-03
3.775454239361384148e-03
3.741233894201694520e-03
3.708585255917815938e-03
3.677294000844863898e-03
3.648646070972138503e-03
3.614925814363843457e-03
3.583063029517869532e-03
3.552128980553056602e-03
3.518765930052900233e-03
3.486903145206926308e-03
3.455754772577229739e-03
3.424534958725905867e-03
3.394172439534114821e-03
3.363024066904418252e-03
3.332804430155882677e-03
3.301155968974791959e-03
3.272150832993927887e-03
3.243502903121202492e-03
3.214354884697082949e-03
3.185992719710868930e-03
3.156916142508377123e-03
3.128053888970768522e-03
3.099620282762926334e-03
3.072972707095777967e-03
3.046039366542118224e-03
3.019891879426364004e-03
2.994458804526887140e-03
2.967311140308344624e-03
2.940949329527707198e-03
2.915301930963347127e-03
2.886939765977132675e-03
2.860935161304633927e-03
2.834859115410507443e-03
2.809783246619169256e-03
2.783349994616904095e-03
2.758131243382310437e-03
2.733269698255855456e-03
2.711051478329627121e-03
2.687833081300610490e-03
2.664614684271593426e-03
2.640396110139788498e-03
2.614105740580778374e-03
2.589101313011068356e-03
2.566668769419956381e-03
2.544307667050472576e-03
2.520874946356572738e-03
2.497013578332906054e-03
2.473795181303889423e-03
2.450933990383011470e-03
2.428644329235155400e-03
2.405211608541255128e-03
2.382421858842004910e-03
2.361632463348331285e-03
2.340485861746519416e-03
2.319339260144707114e-03
2.296906716553595573e-03
2.276403085946432890e-03
2.256185220225781583e-03
2.238110591153962339e-03
2.219250108644238006e-03
2.198960801701958529e-03
2.179457348197584576e-03
2.159168041255305100e-03
2.139164499199536999e-03
2.120804105241206813e-03
2.101086328071949220e-03
2.080868462351297913e-03
2.063794010382266966e-03
2.043218938553476548e-03
2.024715662151890892e-03
2.007855533847743585e-03
1.989995228440807548e-03
1.971420510817594157e-03
1.954774706178329623e-03
1.937557371766043422e-03
1.919054095364457766e-03
1.899407759416828125e-03
1.882833395999191544e-03
1.864901649370627771e-03
1.847898638623224777e-03
1.830038333216288740e-03
1.814106940793301995e-03
1.796318076607993693e-03
1.778886418530824069e-03
1.761954849005048810e-03
1.746952192463222626e-03
1.729877740494191896e-03
1.714160671736088140e-03
1.698086396869845707e-03
1.680797621235931771e-03
1.665366317364338957e-03
1.649792131049490889e-03
1.636003975275336208e-03
1.620786995068626817e-03
1.604998485088895326e-03
1.589067092665908580e-03
1.574635965897104280e-03
1.559204662025511466e-03
1.543559034489035663e-03
1.528056289395815113e-03
1.513982368735149707e-03
1.499479800744717671e-03
1.487834881619395271e-03
1.473975284623613071e-03
1.459615599076436506e-03
1.446470414296931661e-03
1.433539553182310022e-03
1.420965898175827061e-03
1.406177565298884083e-03
1.394461204951933948e-03
1.381744667502195515e-03
1.368670923944318406e-03
1.355668621608069032e-03
1.342809201715075128e-03
1.329378252049059341e-03
1.315447213831649189e-03
1.303302206154932641e-03
1.291800169472865929e-03
1.280441015234054687e-03
1.267510154119433049e-03
1.253793439566906103e-03
1.242291402884839390e-03
1.229646306656728694e-03
1.217572740201640098e-03
1.204927643973529401e-03
1.193354166069834736e-03
1.183066630155439744e-03
1.172779094241044534e-03
1.162277234661766119e-03
1.150846639201327142e-03
1.137915778086705503e-03
1.127271036064171617e-03
1.115768999382104904e-03
1.105481463467709695e-03
1.095336809996570173e-03
1.084834950417291758e-03
1.073690119843363723e-03
1.064545643475012498e-03
1.054758196112011654e-03
1.043827689202966825e-03
1.033468712066943880e-03
1.024967206693242275e-03
1.015679847881635579e-03
1.006178165405145677e-03
9.969622478151667164e-04
9.878177714468154916e-04
9.781017653054423829e-04
9.688858477154633142e-04
9.601700186768786106e-04
9.523829255194544681e-04
9.443815086971471193e-04
9.348083849990294816e-04
9.270927330632330746e-04
9.177339330299986433e-04
9.088752215481584688e-04
9.008023635042233844e-04
8.923008581305217788e-04
8.836564703135648107e-04
8.757979359345129328e-04
8.677250778905779569e-04
8.591521312952486158e-04
8.497218900403864491e-04
8.412203846666849519e-04
8.327903205146110818e-04
8.246460212490482619e-04
8.167874868699964925e-04
8.090003937125723500e-04
7.999273585658488606e-04
7.927832364030745543e-04
7.844246134726285281e-04
7.757087844340437160e-04
7.672072790603422189e-04
7.584200088001296714e-04
7.500613858696836452e-04
7.434887934799312226e-04
7.359160239873902866e-04
7.287004606029882448e-04
7.211991323320750442e-04
7.144836574990671508e-04
7.061964757902488600e-04
6.999096482870073794e-04
6.929798497891162794e-04
6.854785215182030789e-04
6.797632237879835905e-04
6.731906313982311679e-04
6.659750680138290177e-04
6.596882405105875371e-04
6.537586191154848422e-04
6.476146740554988325e-04
6.419708175469070795e-04
6.354696663787823925e-04
6.303973396432125233e-04
6.255393365725259690e-04
6.205384510585838353e-04
6.136086525606927354e-04
6.083934433818673953e-04
6.030353517597865842e-04
5.975343776944503022e-04
5.926049334021360124e-04
5.868181944502886800e-04
5.810314554984414561e-04
5.756019226547329096e-04
5.705295959191631489e-04
5.653858279619655442e-04
5.600277363398847331e-04
5.540266737231543028e-04
5.479541698847960286e-04
5.418102248248100189e-04
5.372379866406344065e-04
5.323085423483201167e-04
5.265932446181006282e-04
5.217352415474139655e-04
5.162342674820776835e-04
5.105189697518581950e-04
5.049465544648941775e-04
5.010172872753682928e-04
4.970880200858422996e-04
4.920871345719002744e-04
4.878721024958633935e-04
4.822282459872715863e-04
4.777274490247237094e-04
4.727980047324094196e-04
4.692973848726499477e-04
4.650823527966130668e-04
4.610816443854593924e-04
4.557235527633785813e-04
4.511513145792029689e-04
4.475792534978158157e-04
4.437214275299176123e-04
4.402922488917859300e-04
4.358628931508657886e-04
4.318621847397121141e-04
4.272899465555365017e-04
4.233606793660106169e-04
4.192170885116014716e-04
4.156450274302142642e-04
4.119300839055715859e-04
4.072149632781404483e-04
4.028570487588480965e-04
3.977847220232782815e-04
3.947841907149130121e-04
3.916407769632922718e-04
3.886402456549270567e-04
3.849253021302843783e-04
3.811389173840139103e-04
3.772096501944880256e-04
3.729946181184510905e-04
3.690653509289252058e-04
3.655647310691657339e-04
3.622784348742895226e-04
3.591350211226687823e-04
3.557058424845371001e-04
3.519908989598944217e-04
3.483473966568794789e-04
3.447038943538645360e-04
3.414890393806160602e-04
3.377740958559733277e-04
3.347021233259803771e-04
3.299870026985492395e-04
3.272007950550672307e-04
3.238430576385632840e-04
3.206282026653148082e-04
3.166989354757888692e-04
3.134126392809126580e-04
3.104121079725474428e-04
3.069114881127879709e-04
3.038395155827949660e-04
3.009104254960574864e-04
2.983385415174586840e-04
2.949093628793270018e-04
2.920517140142172576e-04
2.890511827058519882e-04
2.853362391812093099e-04
2.826214727593550366e-04
2.787636467914568331e-04
2.759774391479748244e-04
2.735484376126315472e-04
2.716195246286824726e-04
2.684761108770617323e-04
2.655470207903242526e-04
2.637609902496306489e-04
2.619035184873093097e-04
2.584743398491775733e-04
2.555452497624400936e-04
2.534020131136077584e-04
2.510444527998922167e-04
2.474723917185050093e-04
2.449719489615339967e-04
2.424715062045629298e-04
2.404711519989861197e-04
2.384707977934092825e-04
2.362561199229492117e-04
2.341128832741169036e-04
2.310409107441238987e-04
2.289691153169193260e-04
2.266115550032037843e-04
2.241111122462327446e-04
2.216106694892617049e-04
2.193959916188016341e-04
2.170384313050860924e-04
2.156096068725312203e-04
2.138950175534653521e-04
2.119661045695162775e-04
2.100371915855671757e-04
2.079653961583626030e-04
2.058221595095302949e-04
2.037503640823257222e-04
2.021786572065153520e-04
2.001068617793107793e-04
1.982493900169894402e-04
1.963204770330403384e-04
1.944630052707189993e-04
1.920340037353757221e-04
1.901050907514266204e-04
1.886048250972440128e-04
1.871045594430613781e-04
1.851042052374845409e-04
1.833896159184186998e-04
1.808891731614476600e-04
1.794603487288927879e-04
1.772456708584327172e-04
1.753167578744836425e-04
1.738879334419287433e-04
1.725305502310016067e-04
1.713160494633299681e-04
1.692442540361253954e-04
1.681011944900814923e-04
1.664580463926433867e-04
1.652435456249717481e-04
1.639576036356723469e-04
1.619572494300955097e-04
1.608141898840516066e-04
1.586709532352192985e-04
1.570992463594089283e-04
1.558847455917372897e-04
1.545273623808101531e-04
1.530985379482552539e-04
1.514553898508171482e-04
1.500980066398900116e-04
1.488120646505906375e-04
1.475975638829189719e-04
1.465973867801305668e-04
1.453828860124589282e-04
1.444541501312982586e-04
1.427395608122323904e-04
1.412392951580497828e-04
1.397390295038671482e-04
1.380244401848013070e-04
1.365241745306186724e-04
1.349524676548083022e-04
1.337379668871366636e-04
1.325949073410927605e-04
1.314518477950488574e-04
1.299515821408662227e-04
1.287370813731945841e-04
1.270224920541287159e-04
1.260223149513403109e-04
1.247363729620409097e-04
1.240219607457634736e-04
1.229503424213473331e-04
1.218072828753034165e-04
1.207356645508872624e-04
1.198783698913543283e-04
1.189496340101936587e-04
1.179494569074052536e-04
1.168063973613613505e-04
1.152346904855509804e-04
1.141630721611348127e-04
1.132343362799741431e-04
1.124484828420689581e-04
1.112339820743973195e-04
1.104481286364921344e-04
1.097337164202146984e-04
1.090907454255649978e-04
1.079476858795210947e-04
1.068760675551049406e-04
1.061616553388274910e-04
1.049471545711558524e-04
1.033754476953454822e-04
1.023038293709293281e-04
1.013036522681409095e-04
1.003749163869802400e-04
9.937473928419182135e-05
9.844600340303115177e-05
9.766014996512596669e-05
9.708862019210401514e-05
9.608844308931559653e-05
9.537403087303816048e-05
9.444529499187749090e-05
9.344511788908907229e-05
9.244494078630065368e-05
9.165908734839548215e-05
9.051602780235157904e-05
8.973017436444639396e-05
8.872999726165797536e-05
8.772982015886955675e-05
8.715829038584760519e-05
8.680108427770888717e-05
8.594378961817596661e-05
8.530081862352626603e-05
8.444352396399333193e-05
8.344334686120492687e-05
8.301469953143845982e-05
8.230028731516102376e-05
8.158587509888357416e-05
8.122866899074485613e-05
8.080002166097840263e-05
8.008560944470095302e-05
7.965696211493449952e-05
7.908543234191254797e-05
7.844246134726284739e-05
7.765660790935766231e-05
7.694219569308022625e-05
7.615634225517504117e-05
7.522760637401437159e-05
7.458463537936467101e-05
7.422742927122595298e-05
7.337013461169303243e-05
7.265572239541558282e-05
7.215563384402138029e-05
7.179842773588266227e-05
7.122689796286071071e-05
7.072680941146650818e-05
6.986951475193357408e-05
6.915510253565613802e-05
6.829780787612320392e-05
6.772627810310125236e-05
6.672610100031284731e-05
6.594024756240766223e-05
6.494007045961924362e-05
6.436854068659729206e-05
6.372556969194759148e-05
6.351124602706435796e-05
6.279683381078692190e-05
6.236818648102045485e-05
6.222530403776497035e-05
6.186809792962625232e-05
6.151089182148753430e-05
6.093936204846558274e-05
6.065359716195460696e-05
5.993918494567716413e-05
5.951053761591070386e-05
5.893900784288875230e-05
5.851036051312228525e-05
5.829603684823905850e-05
5.779594829684484919e-05
5.743874218870613117e-05
5.701009485893966411e-05
5.665288875080094609e-05
5.622424142103447903e-05
5.579559409126801876e-05
5.472397576685185790e-05
5.422388721545764859e-05
5.372379866406344607e-05
5.329515133429697901e-05
5.315226889104149451e-05
5.265218033964728521e-05
5.208065056662533366e-05
5.172344445848661563e-05
5.122335590709240633e-05
5.079470857732593927e-05
5.058038491244271252e-05
5.022317880430398772e-05
5.008029636104850322e-05
4.965164903128203616e-05
4.929444292314331814e-05
4.865147192849362433e-05
4.836570704198264856e-05
4.786561849058843925e-05
4.757985360407746347e-05
4.729408871756648770e-05
4.707976505268325417e-05
4.693688260942776967e-05
4.636535283640581812e-05
4.579382306338386656e-05
4.557949939850063304e-05
4.529373451198965726e-05
4.486508718222319698e-05
4.386491007943477837e-05
4.365058641455154485e-05
4.329338030641282682e-05
4.300761541990185104e-05
4.279329175501861752e-05
4.257896809013539077e-05
4.229320320362441499e-05
4.207887953874118146e-05
4.200743831711343921e-05
4.143590854409148766e-05
4.129302610083599638e-05
4.065005510618630258e-05
4.022140777641984230e-05
3.957843678177014172e-05
3.943555433851465722e-05
3.900690700874819017e-05
3.886402456549270567e-05
3.836393601409849636e-05
3.822105357084301186e-05
3.764952379782106031e-05
3.736375891131008453e-05
3.714943524642685100e-05
3.707799402479910875e-05
3.679222913828813298e-05
3.650646425177715720e-05
3.629214058689392367e-05
3.593493447875520565e-05
3.557772837061648084e-05
3.536340470573325409e-05
3.493475737596678704e-05
3.450611004620032676e-05
3.422034515968935098e-05
3.407746271643385971e-05
3.407746271643385971e-05
3.393458027317837521e-05
3.336305050015642365e-05
3.314872683527319013e-05
3.293440317038995660e-05
3.272007950550672307e-05
3.264863828387898082e-05
3.221999095411252055e-05
3.186278484597379574e-05
3.150557873783507772e-05
3.150557873783507772e-05
3.136269629457959321e-05
3.107693140806861744e-05
3.086260774318538391e-05
3.057684285667440813e-05
3.043396041341892025e-05
3.021963674853568672e-05
2.993387186202471094e-05
2.964810697551373516e-05
2.921945964574727150e-05
2.914801842411952925e-05
2.900513598086404136e-05
2.900513598086404136e-05
2.864792987272531995e-05
2.850504742946983206e-05
2.821928254295885628e-05
2.800495887807562614e-05
2.779063521319239261e-05
2.750487032668141684e-05
2.736198788342592895e-05
2.736198788342592895e-05
2.729054666179818670e-05
2.721910544017044106e-05
2.693334055365946528e-05
2.664757566714848951e-05
2.657613444552074726e-05
2.643325200226525937e-05
2.614748711575428359e-05
2.600460467249879570e-05
2.586172222924330781e-05
2.564739856436007429e-05
2.543307489947684415e-05
2.536163367784909851e-05
2.529019245622135626e-05
2.514731001296586837e-05
2.500442756971038048e-05
2.486154512645489260e-05
2.457578023994391682e-05
2.443289779668842893e-05
2.421857413180519540e-05
2.407569168854970751e-05
2.393280924529421963e-05
2.364704435878324385e-05
2.357560313715550160e-05
2.350416191552775596e-05
2.350416191552775596e-05
2.336127947227226807e-05
2.328983825064452582e-05
2.307551458576129230e-05
2.293263214250580441e-05
2.278974969925031652e-05
2.264686725599482863e-05
2.250398481273934074e-05
2.228966114785611060e-05
2.207533748297287708e-05
2.171813137483415905e-05
2.157524893157867116e-05
2.143236648832318327e-05
2.121804282343994974e-05
2.107516038018446186e-05
2.107516038018446186e-05
2.100371915855671961e-05
2.100371915855671961e-05
2.100371915855671961e-05
2.071795427204574383e-05
2.057507182879025594e-05
2.043218938553476805e-05
2.021786572065153453e-05
2.021786572065153453e-05
2.021786572065153453e-05
1.986065961251281650e-05
1.986065961251281650e-05
1.978921839088507086e-05
1.971777716925732861e-05
1.964633594762958297e-05
1.957489472600184072e-05
1.943201228274635283e-05
1.921768861786311931e-05
1.907480617460763142e-05
1.907480617460763142e-05
1.871760006646891339e-05
1.857471762321342550e-05
1.836039395833019198e-05
1.807462907181921620e-05
1.807462907181921620e-05
1.800318785019147395e-05
1.778886418530824042e-05
1.764598174205275253e-05
1.757454052042501028e-05
1.750309929879726464e-05
1.736021685554177676e-05
1.736021685554177676e-05
1.736021685554177676e-05
1.736021685554177676e-05
1.736021685554177676e-05
1.736021685554177676e-05
1.736021685554177676e-05
1.728877563391403451e-05
1.721733441228628887e-05
1.721733441228628887e-05
1.721733441228628887e-05
1.721733441228628887e-05
1.714589319065854662e-05
1.700301074740305873e-05
1.686012830414757084e-05
1.686012830414757084e-05
1.671724586089208295e-05
1.657436341763659506e-05
1.643148097438110717e-05
1.636003975275336154e-05
1.636003975275336154e-05
1.636003975275336154e-05
1.621715730949787365e-05
1.607427486624238576e-05
1.600283364461464351e-05
1.593139242298689787e-05
1.571706875810366773e-05
1.564562753647592209e-05
1.564562753647592209e-05
1.557418631484817984e-05
1.535986264996494632e-05
1.521698020670946012e-05
1.521698020670946012e-05
1.521698020670946012e-05
1.507409776345397223e-05
1.500265654182622829e-05
1.493121532019848435e-05
1.485977409857074040e-05
1.478833287694299646e-05
1.471689165531525251e-05
1.471689165531525251e-05
1.464545043368750857e-05
1.457400921205976462e-05
1.421680310392104490e-05
1.421680310392104490e-05
1.414536188229330096e-05
1.400247943903781307e-05
1.385959699578232518e-05
1.385959699578232518e-05
1.385959699578232518e-05
1.378815577415458124e-05
1.371671455252683729e-05
1.364527333089909335e-05
1.357383210927134941e-05
1.350239088764360546e-05
1.343094966601586152e-05
1.335950844438811757e-05
1.335950844438811757e-05
1.328806722276037363e-05
1.328806722276037363e-05
1.314518477950488574e-05
1.300230233624939785e-05
1.300230233624939785e-05
1.300230233624939785e-05
1.300230233624939785e-05
1.300230233624939785e-05
1.300230233624939785e-05
1.285941989299390996e-05
1.278797867136616602e-05
1.278797867136616602e-05
1.278797867136616602e-05
1.264509622811067813e-05
1.257365500648293419e-05
1.257365500648293419e-05
1.250221378485519024e-05
1.243077256322744630e-05
1.228789011997195841e-05
1.214500767671647052e-05
1.214500767671647052e-05
1.207356645508872658e-05
1.207356645508872658e-05
1.200212523346098263e-05
1.193068401183323869e-05
1.193068401183323869e-05
1.178780156857775080e-05
1.164491912532226291e-05
1.164491912532226291e-05
1.150203668206677502e-05
1.150203668206677502e-05
1.150203668206677502e-05
1.135915423881128713e-05
1.128771301718354319e-05
1.121627179555579925e-05
1.121627179555579925e-05
1.114483057392805530e-05
1.114483057392805530e-05
1.114483057392805530e-05
1.100194813067256741e-05
1.093050690904482347e-05
1.093050690904482347e-05
1.093050690904482347e-05
1.085906568741707952e-05
1.085906568741707952e-05
1.085906568741707952e-05
1.078762446578933558e-05
1.064474202253384769e-05
1.057330080090610375e-05
1.057330080090610375e-05
1.057330080090610375e-05
1.050185957927835980e-05
1.050185957927835980e-05
1.043041835765061586e-05
1.035897713602287191e-05
1.028753591439512797e-05
1.021609469276738403e-05
1.014465347113964008e-05
1.007321224951189614e-05
1.007321224951189614e-05
1.000177102788415219e-05
1.000177102788415219e-05
1.000177102788415219e-05
1.000177102788415219e-05
1.000177102788415219e-05
9.930329806256408249e-06
9.787447363000920361e-06
9.644564919745432472e-06
9.573123698117688528e-06
9.501682476489944584e-06
9.358800033234456695e-06
9.215917589978968807e-06
9.215917589978968807e-06
9.215917589978968807e-06
9.144476368351224863e-06
9.144476368351224863e-06
9.144476368351224863e-06
9.144476368351224863e-06
9.001593925095736974e-06
9.001593925095736974e-06
9.001593925095736974e-06
9.001593925095736974e-06
9.001593925095736974e-06
9.001593925095736974e-06
9.001593925095736974e-06
9.001593925095736974e-06
9.001593925095736974e-06
9.001593925095736974e-06
8.930152703467993030e-06
8.858711481840249086e-06
8.858711481840249086e-06
8.858711481840249086e-06
8.787270260212505141e-06
8.787270260212505141e-06
8.715829038584761197e-06
8.715829038584761197e-06
8.715829038584761197e-06
8.644387816957017253e-06
8.644387816957017253e-06
8.572946595329273309e-06
8.501505373701529364e-06
8.501505373701529364e-06
8.501505373701529364e-06
8.430064152073785420e-06
8.430064152073785420e-06
8.430064152073785420e-06
8.430064152073785420e-06
8.358622930446041476e-06
8.358622930446041476e-06
8.358622930446041476e-06
8.287181708818297532e-06
8.215740487190553587e-06
8.144299265562809643e-06
8.144299265562809643e-06
8.144299265562809643e-06
8.144299265562809643e-06
8.001416822307321755e-06
8.001416822307321755e-06
7.929975600679577810e-06
7.929975600679577810e-06
7.929975600679577810e-06
7.858534379051833866e-06
7.858534379051833866e-06
7.787093157424089922e-06
7.644210714168602034e-06
7.572769492540858089e-06
7.572769492540858089e-06
7.501328270913114145e-06
7.501328270913114145e-06
7.429887049285370201e-06
7.358445827657626257e-06
7.287004606029882312e-06
7.287004606029882312e-06
7.287004606029882312e-06
7.144122162774394424e-06
7.144122162774394424e-06
7.144122162774394424e-06
7.072680941146650480e-06
7.072680941146650480e-06
7.072680941146650480e-06
7.072680941146650480e-06
7.072680941146650480e-06
7.072680941146650480e-06
7.072680941146650480e-06
7.072680941146650480e-06
7.001239719518906535e-06
7.001239719518906535e-06
6.929798497891162591e-06
6.929798497891162591e-06
6.929798497891162591e-06
6.929798497891162591e-06
6.929798497891162591e-06
6.929798497891162591e-06
6.929798497891162591e-06
6.929798497891162591e-06
6.858357276263418647e-06
6.858357276263418647e-06
6.786916054635674703e-06
6.786916054635674703e-06
6.715474833007930758e-06
6.715474833007930758e-06
6.715474833007930758e-06
6.715474833007930758e-06
6.644033611380186814e-06
6.572592389752442870e-06
6.572592389752442870e-06
6.572592389752442870e-06
6.429709946496954981e-06
6.429709946496954981e-06
6.429709946496954981e-06
6.429709946496954981e-06
6.358268724869211037e-06
6.286827503241467093e-06
6.215386281613723149e-06
6.215386281613723149e-06
6.215386281613723149e-06
6.143945059985979205e-06
6.072503838358235260e-06
6.072503838358235260e-06
6.072503838358235260e-06
6.072503838358235260e-06
6.001062616730491316e-06
6.001062616730491316e-06
6.001062616730491316e-06
5.929621395102747372e-06
5.786738951847259483e-06
5.715297730219515539e-06
5.715297730219515539e-06
5.715297730219515539e-06
5.715297730219515539e-06
5.715297730219515539e-06
5.715297730219515539e-06
5.643856508591771595e-06
5.643856508591771595e-06
5.643856508591771595e-06
5.643856508591771595e-06
5.643856508591771595e-06
5.643856508591771595e-06
5.643856508591771595e-06
5.643856508591771595e-06
5.643856508591771595e-06
5.643856508591771595e-06
5.572415286964027651e-06
5.572415286964027651e-06
5.572415286964027651e-06
5.572415286964027651e-06
5.572415286964027651e-06
5.572415286964027651e-06
5.500974065336283706e-06
5.500974065336283706e-06
5.500974065336283706e-06
5.429532843708539762e-06
5.429532843708539762e-06
5.429532843708539762e-06
5.429532843708539762e-06
5.429532843708539762e-06
5.429532843708539762e-06
5.429532843708539762e-06
5.429532843708539762e-06
5.429532843708539762e-06
5.358091622080795818e-06
5.358091622080795818e-06
5.358091622080795818e-06
5.358091622080795818e-06
5.215209178825307929e-06
5.215209178825307929e-06
5.215209178825307929e-06
5.215209178825307929e-06
5.215209178825307929e-06
5.143767957197563985e-06
5.143767957197563985e-06
5.143767957197563985e-06
5.143767957197563985e-06
5.143767957197563985e-06
5.143767957197563985e-06
5.143767957197563985e-06
5.072326735569820041e-06
5.072326735569820041e-06
5.072326735569820041e-06
5.072326735569820041e-06
5.072326735569820041e-06
5.072326735569820041e-06
5.072326735569820041e-06
5.072326735569820041e-06
5.072326735569820041e-06
5.072326735569820041e-06
5.072326735569820041e-06
5.072326735569820041e-06
5.072326735569820041e-06
5.072326735569820041e-06
5.072326735569820041e-06
5.000885513942076097e-06
5.000885513942076097e-06
5.000885513942076097e-06
5.000885513942076097e-06
5.000885513942076097e-06
5.000885513942076097e-06
5.000885513942076097e-06
4.929444292314332152e-06
4.858003070686588208e-06
4.786561849058844264e-06
4.786561849058844264e-06
4.786561849058844264e-06
4.786561849058844264e-06
4.715120627431100320e-06
4.715120627431100320e-06
4.715120627431100320e-06
4.715120627431100320e-06
4.715120627431100320e-06
4.643679405803356376e-06
4.643679405803356376e-06
4.643679405803356376e-06
4.643679405803356376e-06
4.643679405803356376e-06
4.643679405803356376e-06
4.643679405803356376e-06
4.643679405803356376e-06
4.643679405803356376e-06
4.643679405803356376e-06
4.643679405803356376e-06
4.572238184175612431e-06
4.500796962547868487e-06
4.500796962547868487e-06
4.500796962547868487e-06
4.500796962547868487e-06
4.500796962547868487e-06
4.500796962547868487e-06
4.500796962547868487e-06
4.500796962547868487e-06
4.500796962547868487e-06
4.500796962547868487e-06
4.500796962547868487e-06
4.429355740920124543e-06
4.357914519292380599e-06
4.286473297664636654e-06
4.286473297664636654e-06
4.286473297664636654e-06
4.286473297664636654e-06
4.286473297664636654e-06
4.286473297664636654e-06
4.286473297664636654e-06
4.286473297664636654e-06
4.286473297664636654e-06
4.286473297664636654e-06
4.286473297664636654e-06
4.286473297664636654e-06
4.286473297664636654e-06
4.286473297664636654e-06
4.215032076036892710e-06
4.215032076036892710e-06
4.215032076036892710e-06
4.215032076036892710e-06
4.215032076036892710e-06
4.072149632781404822e-06
4.072149632781404822e-06
4.072149632781404822e-06
4.072149632781404822e-06
4.072149632781404822e-06
4.000708411153660877e-06
3.929267189525916933e-06
3.929267189525916933e-06
3.929267189525916933e-06
3.929267189525916933e-06
3.929267189525916933e-06
3.929267189525916933e-06
3.857825967898172989e-06
3.857825967898172989e-06
3.857825967898172989e-06
3.857825967898172989e-06
3.857825967898172989e-06
3.857825967898172989e-06
3.857825967898172989e-06
3.786384746270429045e-06
3.786384746270429045e-06
3.714943524642685100e-06
3.714943524642685100e-06
3.714943524642685100e-06
3.714943524642685100e-06
3.643502303014941156e-06
3.643502303014941156e-06
3.643502303014941156e-06
3.643502303014941156e-06
3.643502303014941156e-06
3.643502303014941156e-06
3.643502303014941156e-06
3.643502303014941156e-06
3.643502303014941156e-06
3.643502303014941156e-06
3.643502303014941156e-06
3.643502303014941156e-06
3.643502303014941156e-06
3.643502303014941156e-06
3.572061081387197212e-06
3.500619859759453268e-06
3.500619859759453268e-06
3.429178638131709323e-06
3.429178638131709323e-06
3.429178638131709323e-06
3.429178638131709323e-06
3.429178638131709323e-06
3.429178638131709323e-06
3.429178638131709323e-06
3.357737416503965379e-06
3.286296194876221435e-06
3.286296194876221435e-06
3.286296194876221435e-06
3.286296194876221435e-06
3.286296194876221435e-06
3.286296194876221435e-06
3.286296194876221435e-06
3.286296194876221435e-06
3.286296194876221435e-06
3.286296194876221435e-06
3.286296194876221435e-06
3.286296194876221435e-06
3.286296194876221435e-06
3.286296194876221435e-06
3.286296194876221435e-06
3.214854973248477491e-06
3.214854973248477491e-06
3.214854973248477491e-06
3.214854973248477491e-06
3.214854973248477491e-06
3.214854973248477491e-06
3.214854973248477491e-06
3.214854973248477491e-06
3.143413751620733546e-06
3.071972529992989602e-06
3.071972529992989602e-06
3.071972529992989602e-06
3.071972529992989602e-06
3.071972529992989602e-06
3.071972529992989602e-06
3.000531308365245658e-06
2.929090086737501714e-06
2.929090086737501714e-06
2.929090086737501714e-06
2.929090086737501714e-06
2.929090086737501714e-06
2.929090086737501714e-06
2.929090086737501714e-06
2.929090086737501714e-06
2.929090086737501714e-06
2.929090086737501714e-06
2.857648865109757770e-06
2.857648865109757770e-06
2.857648865109757770e-06
2.857648865109757770e-06
2.857648865109757770e-06
2.857648865109757770e-06
2.714766421854269881e-06
2.714766421854269881e-06
2.714766421854269881e-06
2.714766421854269881e-06
2.714766421854269881e-06
2.714766421854269881e-06
2.714766421854269881e-06
2.714766421854269881e-06
2.714766421854269881e-06
2.714766421854269881e-06
2.714766421854269881e-06
2.714766421854269881e-06
2.714766421854269881e-06
2.714766421854269881e-06
2.714766421854269881e-06
2.714766421854269881e-06
2.714766421854269881e-06
2.714766421854269881e-06
2.714766421854269881e-06
2.714766421854269881e-06
2.714766421854269881e-06
2.714766421854269881e-06
2.714766421854269881e-06
2.714766421854269881e-06
2.714766421854269881e-06
2.714766421854269881e-06
2.714766421854269881e-06
2.714766421854269881e-06
2.714766421854269881e-06
2.714766421854269881e-06
2.714766421854269881e-06
2.714766421854269881e-06
2.714766421854269881e-06
2.714766421854269881e-06
2.714766421854269881e-06
2.714766421854269881e-06
2.714766421854269881e-06
2.714766421854269881e-06
2.714766421854269881e-06
2.714766421854269881e-06
2.714766421854269881e-06
2.714766421854269881e-06
2.714766421854269881e-06
2.714766421854269881e-06
2.714766421854269881e-06
2.714766421854269881e-06
2.714766421854269881e-06
2.714766421854269881e-06
2.714766421854269881e-06
2.714766421854269881e-06
2.714766421854269881e-06
2.714766421854269881e-06
2.643325200226525937e-06
2.643325200226525937e-06
2.643325200226525937e-06
2.643325200226525937e-06
2.643325200226525937e-06
2.643325200226525937e-06
2.643325200226525937e-06
2.643325200226525937e-06
2.643325200226525937e-06
2.643325200226525937e-06
2.643325200226525937e-06
2.643325200226525937e-06
2.643325200226525937e-06
2.643325200226525937e-06
2.643325200226525937e-06
2.643325200226525937e-06
2.643325200226525937e-06
2.571883978598781993e-06
2.571883978598781993e-06
2.571883978598781993e-06
2.571883978598781993e-06
2.571883978598781993e-06
2.571883978598781993e-06
2.571883978598781993e-06
2.571883978598781993e-06
2.571883978598781993e-06
2.571883978598781993e-06
2.571883978598781993e-06
2.571883978598781993e-06
2.571883978598781993e-06
2.571883978598781993e-06
2.571883978598781993e-06
2.571883978598781993e-06
2.571883978598781993e-06
2.571883978598781993e-06
2.571883978598781993e-06
2.571883978598781993e-06
2.571883978598781993e-06
2.571883978598781993e-06
2.571883978598781993e-06
2.500442756971038048e-06
2.500442756971038048e-06
2.500442756971038048e-06
2.500442756971038048e-06
2.500442756971038048e-06
2.500442756971038048e-06
2.500442756971038048e-06
2.500442756971038048e-06
2.500442756971038048e-06
2.500442756971038048e-06
2.500442756971038048e-06
2.500442756971038048e-06
2.429001535343294104e-06
2.429001535343294104e-06
2.429001535343294104e-06
2.429001535343294104e-06
2.429001535343294104e-06
2.429001535343294104e-06
2.429001535343294104e-06
2.429001535343294104e-06
2.429001535343294104e-06
2.429001535343294104e-06
2.429001535343294104e-06
2.357560313715550160e-06
2.286119092087806216e-06
2.286119092087806216e-06
2.214677870460062271e-06
2.214677870460062271e-06
2.214677870460062271e-06
2.214677870460062271e-06
2.214677870460062271e-06
2.214677870460062271e-06
2.214677870460062271e-06
2.214677870460062271e-06
2.143236648832318327e-06
2.143236648832318327e-06
2.143236648832318327e-06
2.143236648832318327e-06
2.143236648832318327e-06
2.143236648832318327e-06
2.143236648832318327e-06
2.143236648832318327e-06
2.143236648832318327e-06
2.143236648832318327e-06
2.143236648832318327e-06
2.143236648832318327e-06
2.143236648832318327e-06
2.143236648832318327e-06
2.143236648832318327e-06
2.143236648832318327e-06
2.143236648832318327e-06
2.143236648832318327e-06
2.143236648832318327e-06
2.143236648832318327e-06
2.143236648832318327e-06
2.143236648832318327e-06
2.143236648832318327e-06
2.143236648832318327e-06
2.143236648832318327e-06
2.143236648832318327e-06
2.143236648832318327e-06
2.143236648832318327e-06
2.143236648832318327e-06
2.143236648832318327e-06
2.143236648832318327e-06
2.143236648832318327e-06
2.143236648832318327e-06
2.143236648832318327e-06
2.143236648832318327e-06
2.143236648832318327e-06
2.143236648832318327e-06
2.143236648832318327e-06
2.143236648832318327e-06
2.143236648832318327e-06
2.143236648832318327e-06
2.143236648832318327e-06
2.143236648832318327e-06
2.143236648832318327e-06
2.143236648832318327e-06
2.143236648832318327e-06
2.143236648832318327e-06
2.143236648832318327e-06
2.143236648832318327e-06
2.143236648832318327e-06
2.143236648832318327e-06
2.143236648832318327e-06
2.143236648832318327e-06
2.143236648832318327e-06
2.143236648832318327e-06
2.071795427204574383e-06
2.071795427204574383e-06
2.071795427204574383e-06
2.071795427204574383e-06
2.071795427204574383e-06
2.071795427204574383e-06
2.071795427204574383e-06
2.071795427204574383e-06
2.071795427204574383e-06
2.071795427204574383e-06
2.071795427204574383e-06
2.071795427204574383e-06
2.071795427204574383e-06
2.071795427204574383e-06
2.071795427204574383e-06
2.071795427204574383e-06
2.071795427204574383e-06
2.071795427204574383e-06
2.071795427204574383e-06
2.071795427204574383e-06
2.071795427204574383e-06
2.071795427204574383e-06
2.071795427204574383e-06
2.000354205576830439e-06
2.000354205576830439e-06
2.000354205576830439e-06
2.000354205576830439e-06
2.000354205576830439e-06
2.000354205576830439e-06
2.000354205576830439e-06
2.000354205576830439e-06
2.000354205576830439e-06
1.928912983949086494e-06
1.857471762321342550e-06
1.857471762321342550e-06
1.857471762321342550e-06
1.857471762321342550e-06
1.786030540693598606e-06
1.786030540693598606e-06
1.786030540693598606e-06
1.714589319065854662e-06
1.714589319065854662e-06
1.714589319065854662e-06
1.714589319065854662e-06
1.714589319065854662e-06
1.714589319065854662e-06
1.643148097438110717e-06
1.643148097438110717e-06
1.643148097438110717e-06
1.643148097438110717e-06
1.571706875810366773e-06
1.571706875810366773e-06
1.571706875810366773e-06
1.571706875810366773e-06
1.500265654182622829e-06
1.500265654182622829e-06
1.500265654182622829e-06
1.428824432554878885e-06
1.428824432554878885e-06
1.428824432554878885e-06
1.428824432554878885e-06
1.428824432554878885e-06
1.428824432554878885e-06
1.428824432554878885e-06
1.428824432554878885e-06
1.428824432554878885e-06
1.428824432554878885e-06
1.428824432554878885e-06
1.428824432554878885e-06
1.428824432554878885e-06
1.428824432554878885e-06
1.428824432554878885e-06
1.428824432554878885e-06
1.428824432554878885e-06
1.357383210927134941e-06
1.357383210927134941e-06
1.357383210927134941e-06
1.357383210927134941e-06
1.357383210927134941e-06
1.357383210927134941e-06
1.357383210927134941e-06
1.357383210927134941e-06
1.357383210927134941e-06
1.357383210927134941e-06
1.357383210927134941e-06
1.357383210927134941e-06
1.357383210927134941e-06
1.357383210927134941e-06
1.357383210927134941e-06
1.357383210927134941e-06
1.357383210927134941e-06
1.285941989299390996e-06
1.285941989299390996e-06
1.285941989299390996e-06
1.285941989299390996e-06
1.285941989299390996e-06
1.285941989299390996e-06
1.285941989299390996e-06
1.285941989299390996e-06
1.285941989299390996e-06
1.285941989299390996e-06
1.285941989299390996e-06
1.285941989299390996e-06
1.285941989299390996e-06
1.285941989299390996e-06
1.285941989299390996e-06
1.285941989299390996e-06
1.285941989299390996e-06
1.285941989299390996e-06
1.214500767671647052e-06
1.214500767671647052e-06
1.214500767671647052e-06
1.214500767671647052e-06
1.214500767671647052e-06
1.214500767671647052e-06
1.214500767671647052e-06
1.214500767671647052e-06
1.214500767671647052e-06
1.214500767671647052e-06
1.143059546043903108e-06
1.143059546043903108e-06
1.143059546043903108e-06
1.143059546043903108e-06
1.143059546043903108e-06
1.143059546043903108e-06
1.143059546043903108e-06
1.143059546043903108e-06
1.143059546043903108e-06
1.143059546043903108e-06
1.143059546043903108e-06
1.143059546043903108e-06
1.071618324416159164e-06
1.071618324416159164e-06
1.071618324416159164e-06
1.071618324416159164e-06
1.071618324416159164e-06
1.071618324416159164e-06
1.071618324416159164e-06
1.071618324416159164e-06
1.071618324416159164e-06
1.071618324416159164e-06
1.071618324416159164e-06
1.071618324416159164e-06
1.071618324416159164e-06
1.071618324416159164e-06
1.000177102788415219e-06
1.000177102788415219e-06
1.000177102788415219e-06
1.000177102788415219e-06
1.000177102788415219e-06
1.000177102788415219e-06
9.287358811606712751e-07
9.287358811606712751e-07
9.287358811606712751e-07
9.287358811606712751e-07
9.287358811606712751e-07
9.287358811606712751e-07
9.287358811606712751e-07
9.287358811606712751e-07
9.287358811606712751e-07
9.287358811606712751e-07
9.287358811606712751e-07
9.287358811606712751e-07
9.287358811606712751e-07
9.287358811606712751e-07
9.287358811606712751e-07
9.287358811606712751e-07
9.287358811606712751e-07
9.287358811606712751e-07
9.287358811606712751e-07
9.287358811606712751e-07
8.572946595329273309e-07
8.572946595329273309e-07
8.572946595329273309e-07
8.572946595329273309e-07
8.572946595329273309e-07
8.572946595329273309e-07
8.572946595329273309e-07
8.572946595329273309e-07
8.572946595329273309e-07
8.572946595329273309e-07
8.572946595329273309e-07
8.572946595329273309e-07
8.572946595329273309e-07
8.572946595329273309e-07
8.572946595329273309e-07
8.572946595329273309e-07
8.572946595329273309e-07
8.572946595329273309e-07
8.572946595329273309e-07
8.572946595329273309e-07
8.572946595329273309e-07
8.572946595329273309e-07
8.572946595329273309e-07
8.572946595329273309e-07
8.572946595329273309e-07
8.572946595329273309e-07
8.572946595329273309e-07
8.572946595329273309e-07
8.572946595329273309e-07
8.572946595329273309e-07
8.572946595329273309e-07
8.572946595329273309e-07
8.572946595329273309e-07
8.572946595329273309e-07
8.572946595329273309e-07
8.572946595329273309e-07
8.572946595329273309e-07
8.572946595329273309e-07
8.572946595329273309e-07
8.572946595329273309e-07
8.572946595329273309e-07
8.572946595329273309e-07
8.572946595329273309e-07
8.572946595329273309e-07
8.572946595329273309e-07
8.572946595329273309e-07
8.572946595329273309e-07
8.572946595329273309e-07
7.858534379051833866e-07
7.858534379051833866e-07
7.858534379051833866e-07
7.858534379051833866e-07
7.858534379051833866e-07
7.858534379051833866e-07
7.858534379051833866e-07
7.858534379051833866e-07
7.144122162774394424e-07
7.144122162774394424e-07
7.144122162774394424e-07
7.144122162774394424e-07
7.144122162774394424e-07
7.144122162774394424e-07
7.144122162774394424e-07
6.429709946496954981e-07
6.429709946496954981e-07
6.429709946496954981e-07
6.429709946496954981e-07
6.429709946496954981e-07
6.429709946496954981e-07
6.429709946496954981e-07
6.429709946496954981e-07
6.429709946496954981e-07
6.429709946496954981e-07
6.429709946496954981e-07
6.429709946496954981e-07
6.429709946496954981e-07
6.429709946496954981e-07
6.429709946496954981e-07
6.429709946496954981e-07
6.429709946496954981e-07
6.429709946496954981e-07
6.429709946496954981e-07
6.429709946496954981e-07
6.429709946496954981e-07
6.429709946496954981e-07
6.429709946496954981e-07
6.429709946496954981e-07
6.429709946496954981e-07
6.429709946496954981e-07
6.429709946496954981e-07
6.429709946496954981e-07
6.429709946496954981e-07
6.429709946496954981e-07
6.429709946496954981e-07
6.429709946496954981e-07
6.429709946496954981e-07
6.429709946496954981e-07
6.429709946496954981e-07
6.429709946496954981e-07
6.429709946496954981e-07
6.429709946496954981e-07
6.429709946496954981e-07
6.429709946496954981e-07
6.429709946496954981e-07
6.429709946496954981e-07
6.429709946496954981e-07
6.429709946496954981e-07
6.429709946496954981e-07
6.429709946496954981e-07
6.429709946496954981e-07
6.429709946496954981e-07
6.429709946496954981e-07
6.429709946496954981e-07
6.429709946496954981e-07
6.429709946496954981e-07
6.429709946496954981e-07
6.429709946496954981e-07
6.429709946496954981e-07
6.429709946496954981e-07
6.429709946496954981e-07
6.429709946496954981e-07
6.429709946496954981e-07
6.429709946496954981e-07
6.429709946496954981e-07
6.429709946496954981e-07
6.429709946496954981e-07
6.429709946496954981e-07
6.429709946496954981e-07
6.429709946496954981e-07
6.429709946496954981e-07
6.429709946496954981e-07
6.429709946496954981e-07
6.429709946496954981e-07
6.429709946496954981e-07
6.429709946496954981e-07
6.429709946496954981e-07
6.429709946496954981e-07
6.429709946496954981e-07
6.429709946496954981e-07
6.429709946496954981e-07
6.429709946496954981e-07
6.429709946496954981e-07
6.429709946496954981e-07
6.429709946496954981e-07
6.429709946496954981e-07
6.429709946496954981e-07
6.429709946496954981e-07
6.429709946496954981e-07
5.715297730219515539e-07
5.715297730219515539e-07
5.715297730219515539e-07
5.715297730219515539e-07
5.715297730219515539e-07
5.715297730219515539e-07
5.715297730219515539e-07
5.715297730219515539e-07
5.715297730219515539e-07
5.715297730219515539e-07
5.715297730219515539e-07
5.715297730219515539e-07
5.715297730219515539e-07
5.715297730219515539e-07
5.715297730219515539e-07
5.715297730219515539e-07
5.715297730219515539e-07
5.715297730219515539e-07
5.715297730219515539e-07
5.715297730219515539e-07
5.715297730219515539e-07
5.715297730219515539e-07
5.715297730219515539e-07
5.715297730219515539e-07
5.715297730219515539e-07
5.715297730219515539e-07
5.715297730219515539e-07
5.715297730219515539e-07
5.000885513942076097e-07
5.000885513942076097e-07
5.000885513942076097e-07
5.000885513942076097e-07
5.000885513942076097e-07
5.000885513942076097e-07
5.000885513942076097e-07
5.000885513942076097e-07
5.000885513942076097e-07
5.000885513942076097e-07
5.000885513942076097e-07
5.000885513942076097e-07
5.000885513942076097e-07
5.000885513942076097e-07
5.000885513942076097e-07
5.000885513942076097e-07
5.000885513942076097e-07
5.000885513942076097e-07
5.000885513942076097e-07
5.000885513942076097e-07
5.000885513942076097e-07
5.000885513942076097e-07
5.000885513942076097e-07
5.000885513942076097e-07
5.000885513942076097e-07
5.000885513942076097e-07
5.000885513942076097e-07
5.000885513942076097e-07
5.000885513942076097e-07
5.000885513942076097e-07
5.000885513942076097e-07
5.000885513942076097e-07
5.000885513942076097e-07
5.000885513942076097e-07
5.000885513942076097e-07
5.000885513942076097e-07
5.000885513942076097e-07
5.000885513942076097e-07
5.000885513942076097e-07
5.000885513942076097e-07
5.000885513942076097e-07
5.000885513942076097e-07
5.000885513942076097e-07
5.000885513942076097e-07
5.000885513942076097e-07
5.000885513942076097e-07
5.000885513942076097e-07
5.000885513942076097e-07
5.000885513942076097e-07
5.000885513942076097e-07
5.000885513942076097e-07
5.000885513942076097e-07
5.000885513942076097e-07
5.000885513942076097e-07
5.000885513942076097e-07
5.000885513942076097e-07
5.000885513942076097e-07
5.000885513942076097e-07
5.000885513942076097e-07
5.000885513942076097e-07
5.000885513942076097e-07
5.000885513942076097e-07
5.000885513942076097e-07
5.000885513942076097e-07
5.000885513942076097e-07
5.000885513942076097e-07
5.000885513942076097e-07
5.000885513942076097e-07
5.000885513942076097e-07
5.000885513942076097e-07
5.000885513942076097e-07
5.000885513942076097e-07
5.000885513942076097e-07
5.000885513942076097e-07
5.000885513942076097e-07
5.000885513942076097e-07
5.000885513942076097e-07
5.000885513942076097e-07
5.000885513942076097e-07
5.000885513942076097e-07
5.000885513942076097e-07
5.000885513942076097e-07
5.000885513942076097e-07
5.000885513942076097e-07
5.000885513942076097e-07
5.000885513942076097e-07
5.000885513942076097e-07
5.000885513942076097e-07
5.000885513942076097e-07
5.000885513942076097e-07
5.000885513942076097e-07
5.000885513942076097e-07
5.000885513942076097e-07
5.000885513942076097e-07
5.000885513942076097e-07
5.000885513942076097e-07
4.286473297664636654e-07
4.286473297664636654e-07
3.572061081387197212e-07
3.572061081387197212e-07
3.572061081387197212e-07
3.572061081387197212e-07
3.572061081387197212e-07
3.572061081387197212e-07
3.572061081387197212e-07
3.572061081387197212e-07
3.572061081387197212e-07
3.572061081387197212e-07
3.572061081387197212e-07
3.572061081387197212e-07
3.572061081387197212e-07
3.572061081387197212e-07
3.572061081387197212e-07
3.572061081387197212e-07
3.572061081387197212e-07
3.572061081387197212e-07
3.572061081387197212e-07
3.572061081387197212e-07
3.572061081387197212e-07
3.572061081387197212e-07
3.572061081387197212e-07
3.572061081387197212e-07
3.572061081387197212e-07
3.572061081387197212e-07
2.857648865109757770e-07
2.857648865109757770e-07
2.857648865109757770e-07
2.857648865109757770e-07
2.857648865109757770e-07
2.857648865109757770e-07
2.857648865109757770e-07
2.857648865109757770e-07
2.857648865109757770e-07
2.857648865109757770e-07
2.857648865109757770e-07
2.857648865109757770e-07
2.857648865109757770e-07
2.857648865109757770e-07
2.857648865109757770e-07
2.857648865109757770e-07
2.857648865109757770e-07
2.857648865109757770e-07
2.857648865109757770e-07
2.857648865109757770e-07
2.857648865109757770e-07
2.857648865109757770e-07
2.857648865109757770e-07
2.857648865109757770e-07
2.857648865109757770e-07
2.857648865109757770e-07
2.857648865109757770e-07
2.857648865109757770e-07
2.857648865109757770e-07
2.857648865109757770e-07
2.857648865109757770e-07
2.857648865109757770e-07
2.857648865109757770e-07
2.857648865109757770e-07
2.857648865109757770e-07
2.857648865109757770e-07
2.857648865109757770e-07
2.857648865109757770e-07
2.857648865109757770e-07
2.857648865109757770e-07
2.857648865109757770e-07
2.857648865109757770e-07
2.857648865109757770e-07
2.857648865109757770e-07
2.857648865109757770e-07
2.857648865109757770e-07
2.857648865109757770e-07
2.857648865109757770e-07
2.857648865109757770e-07
2.857648865109757770e-07
2.857648865109757770e-07
2.857648865109757770e-07
2.857648865109757770e-07
2.857648865109757770e-07
2.857648865109757770e-07
2.857648865109757770e-07
2.857648865109757770e-07
2.857648865109757770e-07
2.857648865109757770e-07
2.857648865109757770e-07
2.857648865109757770e-07
2.857648865109757770e-07
2.857648865109757770e-07
2.857648865109757770e-07
2.857648865109757770e-07
2.857648865109757770e-07
2.857648865109757770e-07
2.857648865109757770e-07
2.857648865109757770e-07
2.857648865109757770e-07
2.857648865109757770e-07
2.857648865109757770e-07
2.857648865109757770e-07
2.857648865109757770e-07
2.857648865109757770e-07
2.857648865109757770e-07
2.857648865109757770e-07
2.857648865109757770e-07
2.857648865109757770e-07
2.857648865109757770e-07
2.857648865109757770e-07
2.143236648832318327e-07
2.143236648832318327e-07
2.143236648832318327e-07
2.143236648832318327e-07
2.143236648832318327e-07
1.428824432554878885e-07
1.428824432554878885e-07
1.428824432554878885e-07
1.428824432554878885e-07
1.428824432554878885e-07
1.428824432554878885e-07
1.428824432554878885e-07
1.428824432554878885e-07
1.428824432554878885e-07
1.428824432554878885e-07
1.428824432554878885e-07
1.428824432554878885e-07
1.428824432554878885e-07
1.428824432554878885e-07
1.428824432554878885e-07
1.428824432554878885e-07
1.428824432554878885e-07
1.428824432554878885e-07
1.428824432554878885e-07
1.428824432554878885e-07
1.428824432554878885e-07
1.428824432554878885e-07
1.428824432554878885e-07
1.428824432554878885e-07
1.428824432554878885e-07
1.428824432554878885e-07
1.428824432554878885e-07
1.428824432554878885e-07
1.428824432554878885e-07
1.428824432554878885e-07
1.428824432554878885e-07
1.428824432554878885e-07
1.428824432554878885e-07
1.428824432554878885e-07
1.428824432554878885e-07
1.428824432554878885e-07
1.428824432554878885e-07
1.428824432554878885e-07
1.428824432554878885e-07
1.428824432554878885e-07
1.428824432554878885e-07
1.428824432554878885e-07
1.428824432554878885e-07
1.428824432554878885e-07
1.428824432554878885e-07
1.428824432554878885e-07
1.428824432554878885e-07
1.428824432554878885e-07
1.428824432554878885e-07
1.428824432554878885e-07
1.428824432554878885e-07
1.428824432554878885e-07
1.428824432554878885e-07
1.428824432554878885e-07
1.428824432554878885e-07
1.428824432554878885e-07
1.428824432554878885e-07
1.428824432554878885e-07
1.428824432554878885e-07
1.428824432554878885e-07
1.428824432554878885e-07
1.428824432554878885e-07
1.428824432554878885e-07
1.428824432554878885e-07
1.428824432554878885e-07
1.428824432554878885e-07
1.428824432554878885e-07
1.428824432554878885e-07
1.428824432554878885e-07
1.428824432554878885e-07
1.428824432554878885e-07
1.428824432554878885e-07
1.428824432554878885e-07
1.428824432554878885e-07
1.428824432554878885e-07
1.428824432554878885e-07
1.428824432554878885e-07
1.428824432554878885e-07
1.428824432554878885e-07
1.428824432554878885e-07
1.428824432554878885e-07
1.428824432554878885e-07
1.428824432554878885e-07
1.428824432554878885e-07
1.428824432554878885e-07
1.428824432554878885e-07
1.428824432554878885e-07
1.428824432554878885e-07
1.428824432554878885e-07
1.428824432554878885e-07
1.428824432554878885e-07
1.428824432554878885e-07
1.428824432554878885e-07
1.428824432554878885e-07
1.428824432554878885e-07
1.428824432554878885e-07
1.428824432554878885e-07
1.428824432554878885e-07
1.428824432554878885e-07
1.428824432554878885e-07
1.428824432554878885e-07
1.428824432554878885e-07
1.428824432554878885e-07
1.428824432554878885e-07
1.428824432554878885e-07
1.428824432554878885e-07
1.428824432554878885e-07
1.428824432554878885e-07
1.428824432554878885e-07
1.428824432554878885e-07
1.428824432554878885e-07
1.428824432554878885e-07
1.428824432554878885e-07
1.428824432554878885e-07
1.428824432554878885e-07
1.428824432554878885e-07
1.428824432554878885e-07
1.428824432554878885e-07
1.428824432554878885e-07
1.428824432554878885e-07
1.428824432554878885e-07
1.428824432554878885e-07
1.428824432554878885e-07
1.428824432554878885e-07
1.428824432554878885e-07
1.428824432554878885e-07
1.428824432554878885e-07
1.428824432554878885e-07
1.428824432554878885e-07
1.428824432554878885e-07
1.428824432554878885e-07
1.428824432554878885e-07
1.428824432554878885e-07
1.428824432554878885e-07
1.428824432554878885e-07
1.428824432554878885e-07
1.428824432554878885e-07
1.428824432554878885e-07
1.428824432554878885e-07
1.428824432554878885e-07
1.428824432554878885e-07
1.428824432554878885e-07
1.428824432554878885e-07
1.428824432554878885e-07
1.428824432554878885e-07
1.428824432554878885e-07
1.428824432554878885e-07
1.428824432554878885e-07
1.428824432554878885e-07
1.428824432554878885e-07
1.428824432554878885e-07
1.428824432554878885e-07
1.428824432554878885e-07
1.428824432554878885e-07
1.428824432554878885e-07
1.428824432554878885e-07
1.428824432554878885e-07
1.428824432554878885e-07
1.428824432554878885e-07
1.428824432554878885e-07
1.428824432554878885e-07
1.428824432554878885e-07
1.428824432554878885e-07
1.428824432554878885e-07
1.428824432554878885e-07
1.428824432554878885e-07
1.428824432554878885e-07
1.428824432554878885e-07
1.428824432554878885e-07
1.428824432554878885e-07
1.428824432554878885e-07
1.428824432554878885e-07
1.428824432554878885e-07
1.428824432554878885e-07
1.428824432554878885e-07
1.428824432554878885e-07
1.428824432554878885e-07
1.428824432554878885e-07
1.428824432554878885e-07
1.428824432554878885e-07
1.428824432554878885e-07
1.428824432554878885e-07
1.428824432554878885e-07
1.428824432554878885e-07
1.428824432554878885e-07
1.428824432554878885e-07
1.428824432554878885e-07
1.428824432554878885e-07
1.428824432554878885e-07
1.428824432554878885e-07
1.428824432554878885e-07
1.428824432554878885e-07
1.428824432554878885e-07
1.428824432554878885e-07
1.428824432554878885e-07
1.428824432554878885e-07
1.428824432554878885e-07
1.428824432554878885e-07
1.428824432554878885e-07
1.428824432554878885e-07
1.428824432554878885e-07
1.428824432554878885e-07
1.428824432554878885e-07
1.428824432554878885e-07
1.428824432554878885e-07
1.428824432554878885e-07
1.428824432554878885e-07
1.428824432554878885e-07
1.428824432554878885e-07
1.428824432554878885e-07
1.428824432554878885e-07
1.428824432554878885e-07
1.428824432554878885e-07
1.428824432554878885e-07
1.428824432554878885e-07
1.428824432554878885e-07
1.428824432554878885e-07
1.428824432554878885e-07
1.428824432554878885e-07
1.428824432554878885e-07
1.428824432554878885e-07
1.428824432554878885e-07
1.428824432554878885e-07
1.428824432554878885e-07
1.428824432554878885e-07
1.428824432554878885e-07
1.428824432554878885e-07
1.428824432554878885e-07
1.428824432554878885e-07
1.428824432554878885e-07
1.428824432554878885e-07
1.428824432554878885e-07
1.428824432554878885e-07
1.428824432554878885e-07
1.428824432554878885e-07
1.428824432554878885e-07
1.428824432554878885e-07
1.428824432554878885e-07
1.428824432554878885e-07
1.428824432554878885e-07
1.428824432554878885e-07
1.428824432554878885e-07
1.428824432554878885e-07
1.428824432554878885e-07
1.428824432554878885e-07
1.428824432554878885e-07
1.428824432554878885e-07
1.428824432554878885e-07
1.428824432554878885e-07
1.428824432554878885e-07
1.428824432554878885e-07
1.428824432554878885e-07
1.428824432554878885e-07
1.428824432554878885e-07
1.428824432554878885e-07
1.428824432554878885e-07
1.428824432554878885e-07
1.428824432554878885e-07
1.428824432554878885e-07
1.428824432554878885e-07
1.428824432554878885e-07
1.428824432554878885e-07
1.428824432554878885e-07
1.428824432554878885e-07
1.428824432554878885e-07
1.428824432554878885e-07
1.428824432554878885e-07
1.428824432554878885e-07
1.428824432554878885e-07
1.428824432554878885e-07
1.428824432554878885e-07
1.428824432554878885e-07
1.428824432554878885e-07
1.428824432554878885e-07
1.428824432554878885e-07
1.428824432554878885e-07
1.428824432554878885e-07
1.428824432554878885e-07
1.428824432554878885e-07
1.428824432554878885e-07
1.428824432554878885e-07
1.428824432554878885e-07
1.428824432554878885e-07
1.428824432554878885e-07
1.428824432554878885e-07
1.428824432554878885e-07
1.428824432554878885e-07
1.428824432554878885e-07
1.428824432554878885e-07
1.428824432554878885e-07
1.428824432554878885e-07
1.428824432554878885e-07
7.144122162774394424e-08
7.144122162774394424e-08
7.144122162774394424e-08
7.144122162774394424e-08
7.144122162774394424e-08
7.144122162774394424e-08
7.144122162774394424e-08
7.144122162774394424e-08
7.144122162774394424e-08
7.144122162774394424e-08
7.144122162774394424e-08
7.144122162774394424e-08
7.144122162774394424e-08
7.144122162774394424e-08
7.144122162774394424e-08
7.144122162774394424e-08
7.144122162774394424e-08
7.144122162774394424e-08
7.144122162774394424e-08
7.144122162774394424e-08
7.144122162774394424e-08
7.144122162774394424e-08
7.144122162774394424e-08
7.144122162774394424e-08
7.144122162774394424e-08
7.144122162774394424e-08
7.144122162774394424e-08
7.144122162774394424e-08
7.144122162774394424e-08
7.144122162774394424e-08
7.144122162774394424e-08
7.144122162774394424e-08
7.144122162774394424e-08
7.144122162774394424e-08
7.144122162774394424e-08
0.000000000000000000e+00
