# q=241
# m=40
# n=43
# n_fft=8
# k_fft=3
# n_lat=35
# beta_0=32
# beta_1=44
# avg_N=25971.000000
# avg_dlat=41.068986
# sdv_dlat=1.125823
# avg_dlsc=23.938828
# sdv_dlsc=3.378998
# nb_iteration=4000
# Line i (starting from i=0) correspond to P(F >= i) where F is the score function when the target b is uniform (this is a first approximation of P_wrong(i)). nb_iteration correspond to the number of time we ran the algorithm with each time a different lattice, target
4.990028428783925274e-01
4.954996644584423460e-01
4.919973781964677717e-01
4.884948976500910200e-01
4.849938947403615308e-01
4.814944782365391807e-01
4.779963590338603407e-01
4.745000272905466887e-01
4.710062685564108120e-01
4.675146072829610144e-01
4.640254635088598700e-01
4.605392994766716042e-01
4.570559330291413813e-01
4.535761862761270580e-01
4.501001606284427137e-01
4.466283903235437336e-01
4.431613250839201990e-01
4.396983790201136055e-01
4.362400886556984103e-01
4.327871931036931241e-01
4.293395852022654502e-01
4.258971369644667937e-01
4.224605270819025704e-01
4.190297404983353569e-01
4.156054641568317498e-01
4.121877058266245619e-01
4.087769712579820136e-01
4.053724750261135656e-01
4.019761824433055186e-01
3.985866183376327587e-01
3.952053194276329284e-01
3.918320193625713932e-01
3.884669325732749146e-01
3.851099043001971478e-01
3.817619993747464191e-01
3.784236116880981826e-01
3.750937738725307335e-01
3.717736801752253295e-01
3.684631076995705246e-01
3.651626328512027064e-01
3.618720703294533436e-01
3.585918825912102759e-01
3.553221785664761878e-01
3.520632737575460913e-01
3.488151382305481052e-01
3.455788651254746990e-01
3.423533348869417514e-01
3.391395136503099206e-01
3.359374897526497539e-01
3.327472777679704730e-01
3.295691667117341961e-01
3.264037339718940389e-01
3.232508165017219937e-01
3.201111041197937657e-01
3.169840028459324777e-01
3.138701978193138564e-01
3.107695547483014797e-01
3.076825206942000457e-01
3.046094039973221146e-01
3.015498318059319227e-01
2.985048201749438412e-01
2.954735003433822116e-01
2.924571504304226410e-01
2.894547341454247746e-01
2.864671102654534063e-01
2.834947062590583156e-01
2.805371755291526381e-01
2.775944764790851393e-01
2.746674410776022146e-01
2.717560161367145177e-01
2.688598037466777280e-01
2.659792773484676576e-01
2.631146973810576939e-01
2.602660890631991464e-01
2.574337735231831403e-01
2.546179921073167263e-01
2.518184448696308420e-01
2.490349179151079562e-01
2.462680095461189100e-01
2.435183223872284253e-01
2.407852138425082555e-01
2.380689588177792304e-01
2.353696574021928722e-01
2.326869662492379864e-01
2.300221497970962037e-01
2.273745149051749903e-01
2.247443963470388828e-01
2.221317303435372537e-01
2.195368252171223666e-01
2.169592416221415299e-01
2.143992590902346340e-01
2.118570975710627746e-01
2.093330347923750279e-01
2.068264098157095165e-01
2.043378866336403310e-01
2.018674522260048843e-01
1.994155700498681238e-01
1.969822711107202529e-01
1.945665476944095917e-01
1.921690320378872940e-01
1.897899437514685705e-01
1.874291179845345434e-01
1.850864963874674640e-01
1.827622450611076088e-01
1.804565787399068644e-01
1.781692639003720768e-01
1.759004797528076480e-01
1.736503352986575321e-01
1.714185267341267194e-01
1.692051850645553690e-01
1.670105823916963605e-01
1.648342463640526112e-01
1.626765186492665494e-01
1.605375719922120525e-01
1.584166897302743959e-01
1.563149203884030558e-01
1.542316807026044012e-01
1.521666020004542319e-01
1.501203700283786080e-01
1.480928272584838279e-01
1.460837384169668407e-01
1.440928388319617504e-01
1.421204978903050087e-01
1.401666272013451509e-01
1.382315768270681589e-01
1.363149501615321668e-01
1.344165854796717241e-01
1.325367216630716216e-01
1.306749867887321004e-01
1.288314606029167531e-01
1.270059970440480246e-01
1.251990772866138357e-01
1.234100308726095163e-01
1.216391998268836344e-01
1.198860508228564159e-01
1.181513338861931300e-01
1.164345220664430441e-01
1.147353335637074645e-01
1.130541800758863014e-01
1.113908721408597979e-01
1.097450152066212353e-01
1.081170652110470115e-01
1.065064610905031017e-01
1.049137057733294381e-01
1.033381425003755960e-01
1.017798525717518165e-01
1.002385359521875269e-01
9.871442632591871658e-02
9.720784014183654620e-02
9.571828288380491989e-02
9.424590048837933054e-02
9.279002442646808180e-02
9.135105580481001075e-02
8.992873750644846120e-02
8.852310525199426350e-02
8.713393834165349128e-02
8.576138474805646006e-02
8.440474420434875003e-02
8.306433662432083365e-02
8.174011453528091942e-02
8.043226920323963414e-02
7.914015653200305589e-02
7.786377766463076222e-02
7.660341188271838075e-02
7.535835945522068036e-02
7.412913761658225520e-02
7.291527753378615473e-02
7.171695100511012166e-02
7.053385051181562670e-02
6.936570373782614818e-02
6.821257774858847933e-02
6.707462339224209980e-02
6.595129703681101851e-02
6.484266005030461799e-02
6.374863906258829149e-02
6.266889887145016269e-02
6.160385054967947721e-02
6.055291901330242532e-02
5.951636648732300250e-02
5.849369609804479231e-02
5.748478073367419700e-02
5.649011196339694812e-02
5.550880704161829937e-02
5.454122269221814423e-02
5.358704309141597288e-02
5.264629079677751733e-02
5.171870349399725758e-02
5.080433479971203231e-02
4.990282370356865366e-02
4.901423812830857374e-02
4.813852724350261431e-02
4.727529403242188705e-02
4.642455824856415308e-02
4.558619790604350602e-02
4.476008321402053652e-02
4.394629547260547192e-02
4.314448197648712569e-02
4.235438160800044510e-02
4.157614376860016558e-02
4.080977969241839087e-02
4.005502995851908249e-02
3.931152887714903232e-02
3.857929818429992053e-02
3.785823961257139825e-02
3.714836416391159579e-02
3.644942797371048676e-02
3.576129785767065417e-02
3.508406647505654674e-02
3.441723850601831336e-02
3.376101536122003144e-02
3.311523267227103884e-02
3.247964487783229492e-02
3.185418094746919615e-02
3.123892541400723893e-02
3.063329810328557432e-02
3.003775623912262674e-02
2.945170909191706030e-02
2.887502135199511433e-02
2.830798866099218727e-02
2.775038663989145074e-02
2.720193193494762490e-02
2.666260047046901949e-02
2.613220703508857198e-02
2.561093017827942644e-02
2.509807747386126608e-02
2.459404674227672061e-02
2.409864202025487068e-02
2.361180420804512292e-02
2.313332192893298792e-02
2.266280656053311013e-02
2.220057942760007147e-02
2.174645708693703772e-02
2.130010213951456094e-02
2.086153341009454321e-02
2.043071346347685377e-02
2.000744624708903838e-02
1.959176512398159639e-02
1.918341542405973058e-02
1.878258128707218852e-02
1.838872365328117833e-02
1.800203202052706383e-02
1.762232989327181670e-02
1.724944672345910326e-02
1.688338785132024317e-02
1.652391900322921353e-02
1.617115514597191814e-02
1.582481692651148755e-02
1.548502311587887648e-02
1.515158496636654500e-02
1.482428502875616366e-02
1.450309758420794716e-02
1.418798843023703904e-02
1.387880061047952647e-02
1.357539215336772860e-02
1.327781287129342451e-02
1.298593058013629634e-02
1.269979180599193312e-02
1.241894738003965215e-02
1.214366486751475467e-02
1.187353642834327629e-02
1.160874277309532215e-02
1.134913351799936646e-02
1.109473404254939129e-02
1.084532696896829164e-02
1.060074165989820585e-02
1.036095886192990936e-02
1.012592113632121080e-02
9.895735019793861983e-03
9.670213997178499915e-03
9.449136064878916816e-03
9.232301348217302264e-03
9.019881752633199246e-03
8.811952344990230460e-03
8.608257026369168369e-03
8.408573150202811042e-03
8.213105967120892109e-03
8.021610594475979059e-03
7.834153186839297456e-03
7.650485182340501476e-03
7.470591614043658318e-03
7.294550549343701944e-03
7.122212068837046467e-03
6.953427842687287010e-03
6.788323982510903118e-03
6.626673698149837012e-03
6.468417764831358580e-03
6.313508959907972347e-03
6.161964464993480162e-03
6.013597782778821663e-03
5.868550420463737767e-03
5.726507733047872875e-03
5.587539786509340169e-03
5.451685659196368015e-03
5.318808826934426706e-03
5.188777552110834801e-03
5.061623822532575374e-03
4.937295557549082822e-03
4.815578790701582380e-03
4.696581344653814188e-03
4.580244834067403494e-03
4.466545433294938708e-03
4.355349743715333788e-03
4.246744602133477840e-03
4.140524990103604600e-03
4.036683799224162657e-03
3.935244158590653699e-03
3.836134698422670550e-03
3.739230128677785078e-03
3.644494157215409820e-03
3.552028730658807372e-03
3.461555817633707975e-03
3.373257914740760300e-03
3.287049471117064418e-03
3.202817681073670281e-03
3.120493443088958544e-03
3.040063290492652035e-03
2.961537653703109202e-03
2.884875793363696206e-03
2.809992390795484386e-03
2.736872836268650685e-03
2.665501519876269446e-03
2.595828968572363483e-03
2.527843144511088963e-03
2.461441654561546868e-03
2.396645931090226819e-03
2.333416163476375715e-03
2.271785053939193947e-03
2.211597003497976690e-03
2.152814719835033450e-03
2.095526379278159126e-03
2.039538001050328689e-03
1.984961015596975898e-03
1.931741895582796348e-03
1.879782087842554392e-03
1.829173965875814786e-03
1.779746713721665338e-03
1.731524799998513959e-03
1.684576022425685136e-03
1.638748282642333567e-03
1.594072336094369763e-03
1.550588904278121880e-03
1.508187378322204319e-03
1.466870830199147385e-03
1.426571390748404729e-03
1.387255018227870600e-03
1.348986902752280200e-03
1.311686172858751243e-03
1.275364777091600671e-03
1.239883976598427778e-03
1.205379652582768118e-03
1.171772612450447523e-03
1.138996987395125273e-03
1.107084408017676869e-03
1.076006279969145968e-03
1.045710736922630816e-03
1.016213281623224492e-03
9.875121280403865217e-04
9.595605357548668297e-04
9.323301247413739003e-04
9.058202341686074624e-04
8.800040914387625805e-04
8.548664617113272898e-04
8.304036836236930929e-04
8.066040943964291948e-04
7.834707660020656834e-04
7.609466526251327297e-04
7.389822097784315034e-04
7.176323043201720923e-04
6.968038483385736136e-04
6.765687295628990301e-04
6.568802790151199132e-04
6.377035619378602742e-04
6.190779067236262985e-04
6.009675570409931875e-04
5.833660474594036874e-04
5.662491951253367925e-04
5.495999613074343789e-04
5.334104160300955771e-04
5.176547154313967296e-04
5.023511841846852463e-04
4.874463842561836701e-04
4.729521748886820489e-04
4.588719852608186961e-04
4.451744169556880789e-04
4.319031741406210599e-04
4.189668477725448734e-04
4.063856021362639652e-04
3.941955686296166081e-04
3.823243772950938972e-04
3.707965503320194900e-04
3.596186246121723935e-04
3.487332506948908955e-04
3.381723806665480072e-04
3.278997223865568627e-04
3.179122753236090734e-04
3.082283998716629802e-04
2.988091427046260344e-04
2.896600405171744289e-04
2.807803967573972324e-04
2.721806061230413651e-04
2.638225190017575144e-04
2.557058496286592625e-04
2.478097728876420551e-04
2.401434153947688290e-04
2.326961681286279185e-04
2.254856056297397315e-04
2.184760608682065797e-04
2.116840724868353425e-04
2.050861006030996571e-04
1.986750368154475456e-04
1.924624546017826923e-04
1.864338156735039008e-04
1.805742602565125717e-04
1.749135972005328788e-04
1.694148735336778477e-04
1.640664264765168189e-04
1.588918673527976917e-04
1.538687636189293854e-04
1.490083315467074403e-04
1.442809766100725910e-04
1.396971828082987054e-04
1.352668268902757767e-04
1.309659760467585569e-04
1.267799669670079436e-04
1.227186406793031345e-04
1.187902307844367604e-04
1.149740729090529683e-04
1.113031550372383792e-04
1.077238248115505601e-04
1.042484237030257037e-04
1.008876500346025593e-04
9.763805676733759167e-05
9.448401613399973382e-05
9.142154528648323460e-05
8.846059241489974585e-05
8.558660137034264630e-05
8.280266198564731328e-05
8.011029238677333888e-05
7.749875853017116505e-05
7.496091629367800471e-05
7.251951970638230080e-05
7.016106637739639887e-05
6.786315948374001359e-05
6.564898170183135000e-05
6.349106388195452811e-05
6.140114024476190670e-05
5.938330080019169099e-05
5.743275898639480561e-05
5.554365662319777681e-05
5.370588477774028516e-05
5.192919517677451277e-05
5.021712416077103741e-05
4.856820718468648725e-05
4.696117262478120244e-05
4.541143392462136907e-05
4.389905898337284054e-05
4.245019528815138131e-05
4.103714150527082585e-05
3.967341788592422633e-05
3.835529162628154200e-05
3.708147678435345950e-05
3.584613304027191636e-05
3.465270743298045432e-05
3.349226980977559968e-05
3.236507021493305601e-05
3.127405559884496470e-05
3.022910271040136302e-05
2.920804691059224103e-05
2.822856990177046392e-05
2.728449201826523300e-05
2.636947285165708877e-05
2.548712018363823037e-05
2.463539793939226763e-05
2.381589568610041738e-05
2.301645055578055535e-05
2.224170622783848707e-05
2.149359161525815881e-05
2.076803456840679019e-05
2.006991095066047904e-05
1.939120148489150284e-05
1.873642482836782209e-05
1.810163385359450482e-05
1.749072210715025934e-05
1.690059975619968800e-05
1.633357078014028229e-05
1.578306258658229719e-05
1.524859294727973680e-05
1.473226937827062454e-05
1.423518135818478195e-05
1.375806115954389327e-05
1.329608649988808768e-05
1.284436365553586288e-05
1.240901871124179732e-05
1.198653318684072618e-05
1.158180080601415008e-05
1.119085658096172917e-05
1.081712969032159392e-05
1.046015576615316312e-05
1.010955797101501096e-05
9.774373619443043210e-06
9.450369819055817007e-06
9.134921104958514226e-06
8.829831367997232751e-06
8.533743224961048046e-06
8.246960301041877174e-06
7.972393826021050830e-06
7.706632481565843019e-06
7.450354959281718549e-06
7.203704141611932856e-06
6.964197446104920712e-06
6.733817366660853739e-06
6.508384591814507651e-06
6.293435816242032963e-06
6.084577404813323504e-06
5.881237827755357525e-06
5.683899313314121597e-06
5.494722958443856005e-06
5.310940415806484645e-06
5.135427194572524988e-06
4.964039703887566817e-06
4.801957432319622478e-06
4.646215569171141019e-06
4.493188472444513710e-06
4.346769688718452272e-06
4.206244805776680366e-06
4.067005864824207393e-06
3.935696899472414142e-06
3.809763886048108087e-06
3.688510272640419502e-06
3.571328808865512568e-06
3.453111447377003502e-06
3.343109826375684610e-06
3.234001220644712834e-06
3.128303933246465359e-06
3.027982597775706351e-06
2.932840750872957996e-06
2.839359912373055049e-06
2.749736899841050597e-06
2.663185859839038465e-06
2.580331903056262780e-06
2.497835152381625263e-06
2.420946537604765981e-06
2.344522290768486657e-06
2.270294861497260843e-06
2.201354082626487895e-06
2.133985010631525601e-06
2.069973676053066925e-06
2.006623172774664752e-06
1.946308921415442098e-06
1.888227208232086178e-06
1.830967069097449445e-06
1.775600122335947888e-06
1.723287287799032464e-06
1.672403277694671833e-06
1.620626252319964297e-06
1.572939236883445236e-06
1.527145413820061350e-06
1.482673253356790893e-06
1.439754939463923632e-06
1.398354751530646131e-06
1.359240682689456258e-06
1.320751724537509239e-06
1.283173641961315950e-06
1.245649140301343344e-06
1.210250014984796317e-06
1.176083250741327752e-06
1.142362994133032534e-06
1.110696672646534966e-06
1.079530439711431850e-06
1.049846612125104211e-06
1.020537850952322201e-06
9.924078699363979701e-07
9.653316469394831169e-07
9.386483506615207156e-07
9.127509078214635358e-07
8.894253489600051761e-07
8.658676061282565195e-07
8.429349739857507176e-07
8.213061441379513084e-07
7.996594539847448636e-07
7.791022424613615500e-07
7.596523698732082972e-07
7.397381293444746621e-07
7.202882567563213034e-07
7.020350246304327596e-07
6.842997413613453868e-07
6.668502229787688882e-07
6.503294404773530482e-07
6.343087465273315555e-07
6.187881411287041984e-07
6.030353517597866503e-07
5.878362318584841325e-07
5.742445394438058111e-07
5.606885676399413490e-07
5.483828172145624906e-07
5.356126988486032499e-07
5.230747644529342004e-07
5.109476170816246384e-07
4.996599040644410867e-07
4.884614925742922891e-07
4.779239123841999938e-07
4.677792589130604151e-07
4.580096718554664117e-07
4.490080779303706472e-07
4.388098435430102267e-07
4.287009106826844543e-07
4.193599709548569209e-07
4.110906495514455890e-07
4.023390999020469453e-07
3.934089471985789522e-07
3.849610227410982181e-07
3.767988631701284640e-07
3.687974463478211825e-07
3.621891333472548359e-07
3.551878936277359315e-07
3.478115874946713989e-07
3.411854141886981226e-07
3.347021233259803893e-07
3.286296194876221435e-07
3.229143217574025962e-07
3.168060973082304911e-07
3.107157331644653156e-07
3.050361560450596805e-07
2.991243949553639072e-07
2.931590529494472392e-07
2.872651521651583955e-07
2.816212956565666197e-07
2.763882261723343843e-07
2.713158994367645685e-07
2.665293375877057327e-07
2.619035184873092636e-07
2.569383535841810785e-07
2.524732772324470820e-07
2.478117375212368066e-07
2.436681466668276493e-07
2.397924603935225425e-07
2.354881267904509656e-07
2.315945802117389291e-07
2.278081954654684969e-07
2.238967885813495043e-07
2.201818450567068171e-07
2.162704381725878510e-07
2.126269358695729087e-07
2.088941320395232919e-07
2.052327694311014200e-07
2.020893556794806664e-07
1.988923610116391238e-07
1.958025281762392120e-07
1.922304670948520148e-07
1.888370090675341668e-07
1.857471762321342550e-07
1.829609685886522264e-07
1.802283418613910396e-07
1.773885533016881955e-07
1.750131326825657073e-07
1.726734326742571048e-07
1.702980120551346165e-07
1.677618486873497086e-07
1.654935899006688511e-07
1.629574265328839432e-07
1.604569837759128945e-07
1.580815631567904063e-07
1.556882822322609884e-07
1.536879280266841547e-07
1.519197577913974858e-07
1.498658226695998633e-07
1.480083509072785197e-07
1.459722760908878003e-07
1.441862455501942017e-07
1.422037516500243242e-07
1.399890737795642556e-07
1.381673226280567712e-07
1.361491081170730080e-07
1.342380554385308755e-07
1.327377897843482304e-07
1.306838546625506079e-07
1.289156844272639389e-07
1.270582126649425953e-07
1.254686454837253021e-07
1.238254973862871935e-07
1.222180698996629441e-07
1.205034805805970905e-07
1.185924279020549448e-07
1.167170958343266583e-07
1.150025065152608047e-07
1.135558217772989882e-07
1.118948133744539500e-07
1.103766874148643886e-07
1.090728851201580621e-07
1.078048034362656082e-07
1.062688171712691171e-07
1.047685515170864852e-07
1.035183301386009741e-07
1.021609469276738323e-07
1.008571446329675059e-07
9.955334233826117941e-08
9.839242248681034297e-08
9.708862019210401651e-08
9.585625911902543506e-08
9.480250110001621612e-08
9.378446369182085645e-08
9.249852170252147286e-08
9.133760185107062318e-08
9.031956444287527674e-08
8.914078428601749742e-08
8.799772473997360385e-08
8.672964305608114989e-08
8.587234839654822309e-08
8.489003159916673592e-08
8.367553083149509734e-08
8.274679495033442553e-08
8.162159570969744835e-08
8.074644074475759192e-08
7.963910180952755760e-08
7.865678501214608367e-08
7.772804913098541186e-08
7.665643080656925005e-08
7.565625370378083324e-08
7.467393690639935930e-08
7.365589949820399963e-08
7.288790636570576070e-08
7.208419262239363603e-08
7.117331704663990709e-08
7.028030177629310779e-08
6.956588956001565776e-08
6.874431551129660346e-08
6.801204298961223703e-08
6.713688802467236736e-08
6.626173305973251093e-08
6.535085748397876876e-08
6.458286435148051659e-08
6.370770938654066016e-08
6.308259869729789800e-08
6.243962770264820621e-08
6.188595823503318905e-08
6.101080327009331938e-08
6.033211166462975509e-08
5.958197883753844579e-08
5.883184601044713649e-08
5.806385287794889094e-08
5.742088188329919253e-08
5.661716813998707449e-08
5.586703531289576519e-08
5.529550553987381178e-08
5.472397576685185838e-08
5.408100477220216658e-08
5.329515133429697817e-08
5.272362156127503138e-08
5.224139331528775922e-08
5.154484140441725206e-08
5.104475285302304366e-08
5.038392155296641562e-08
4.958020780965429757e-08
4.909797956366702541e-08
4.854431009605200826e-08
4.811566276628554486e-08
4.761557421489133645e-08
4.715120627431100055e-08
4.652609558506824501e-08
4.615102917152258374e-08
4.572238184175612034e-08
4.513299176332723730e-08
4.465076351733996515e-08
4.411495435513188424e-08
4.372202763617929334e-08
4.327552000100589369e-08
4.290045358746023904e-08
4.256110778472845028e-08
4.216818106577585938e-08
4.172167343060245973e-08
4.131088640624293258e-08
4.086437877106953293e-08
4.047145205211694203e-08
4.006066502775741488e-08
3.961415739258401523e-08
3.931053220066610558e-08
3.900690700874818932e-08
3.866756120601640717e-08
3.813175204380832627e-08
3.773882532485573537e-08
3.731017799508927197e-08
3.691725127613668107e-08
3.639930241933553641e-08
3.598851539497600926e-08
3.570275050846503587e-08
3.548842684358180086e-08
3.509550012462920996e-08
3.480973523811823657e-08
3.452397035160725655e-08
3.416676424346853816e-08
3.373811691370207476e-08
3.334519019474948386e-08
3.298798408661076546e-08
3.270221920009979206e-08
3.241645431358881205e-08
3.204138790004315740e-08
3.168418179190443901e-08
3.138055659998652936e-08
3.096976957562699559e-08
3.063042377289521345e-08
3.038037949719811255e-08
2.996959247283858540e-08
2.964810697551373620e-08
2.941592300522356825e-08
2.907657720249178279e-08
2.870151078894612814e-08
2.839788559702821519e-08
2.812998101592417804e-08
2.775491460237852009e-08
2.750487032668141588e-08
2.723696574557737874e-08
2.696906116447333829e-08
2.677259780499704284e-08
2.643325200226525738e-08
2.623678864278896193e-08
2.602246497790573023e-08
2.571883978598781728e-08
2.543307489947684388e-08
2.518303062377973968e-08
2.498656726430344423e-08
2.471866268319940378e-08
2.446861840750229958e-08
2.423643443721213163e-08
2.393280924529421867e-08
2.370062527500405403e-08
2.359346344256243653e-08
2.336127947227226857e-08
2.311123519657516437e-08
2.284333061547112392e-08
2.270044817221563722e-08
2.248612450733240552e-08
2.227180084244917382e-08
2.209319778837981462e-08
2.180743290186883792e-08
2.159310923698560622e-08
2.139664587750931077e-08
2.125376343425382407e-08
2.102157946396365612e-08
2.078939549367348817e-08
2.055721152338332022e-08
2.037860846931395771e-08
2.016428480443072601e-08
1.986065961251281637e-08
1.964633594762958467e-08
1.941415197733941671e-08
1.916410770164231251e-08
1.900336495297988956e-08
1.882476189891052706e-08
1.857471762321342616e-08
1.839611456914406366e-08
1.819965120966776821e-08
1.798532754478453651e-08
1.780672449071517731e-08
1.769956265827355980e-08
1.753881990961113685e-08
1.741379777176258641e-08
1.714589319065854596e-08
1.702087105280999551e-08
1.693156952577531426e-08
1.686012830414756925e-08
1.666366494467127380e-08
1.652078250141578711e-08
1.636003975275336416e-08
1.621715730949787415e-08
1.612785578246319621e-08
1.596711303380076995e-08
1.584209089595221950e-08
1.571706875810366575e-08
1.559204662025511530e-08
1.550274509322043405e-08
1.535986264996494735e-08
1.514553898508171565e-08
1.509195806886090690e-08
1.489549470938461145e-08
1.477047257153605935e-08
1.457400921205976390e-08
1.441326646339734095e-08
1.430610463095572344e-08
1.419894279851410759e-08
1.403820004985168465e-08
1.389531760659619629e-08
1.384173669037538920e-08
1.364527333089909209e-08
1.344880997142279664e-08
1.337736874979505329e-08
1.323448630653956494e-08
1.309160386328407659e-08
1.302016264165633324e-08
1.296658172543552614e-08
1.280583897677310154e-08
1.268081683892454944e-08
1.264509622811067694e-08
1.248435347944825399e-08
1.234147103619276564e-08
1.228789011997195854e-08
1.214500767671647019e-08
1.207356645508872684e-08
1.196640462264710934e-08
1.189496340101936599e-08
1.166277943072919804e-08
1.151989698747371134e-08
1.141273515503209383e-08
1.126985271177660714e-08
1.114483057392805504e-08
1.109124965770724628e-08
1.093050690904482334e-08
1.078762446578933498e-08
1.071618324416159164e-08
1.066260232794078288e-08
1.062688171712691204e-08
1.053758019009223078e-08
1.043041835765061493e-08
1.039469774683674409e-08
1.034111683061593533e-08
1.023395499817431948e-08
1.018037408195351238e-08
1.005535194410496028e-08
9.966050417070279030e-09
9.912469500849471932e-09
9.841028279221728584e-09
9.769587057593983581e-09
9.716006141373176483e-09
9.680285530559303981e-09
9.608844308931560632e-09
9.465961865676072281e-09
9.412380949455263528e-09
9.376660338641392681e-09
9.287358811606713082e-09
9.251638200792840580e-09
9.126616062944288479e-09
9.001593925095736378e-09
8.983733619688800128e-09
8.894432092654120528e-09
8.840851176433313430e-09
8.751549649398632177e-09
8.608667206143145479e-09
8.537225984515400476e-09
8.465784762887657128e-09
8.358622930446041277e-09
8.233600792597489176e-09
8.162159570969745828e-09
8.108578654748937076e-09
8.001416822307321225e-09
7.804953462831025776e-09
7.804953462831025776e-09
7.697791630389409926e-09
7.608490103354730326e-09
7.572769492540857825e-09
7.554909187133921574e-09
7.447747354692305724e-09
7.412026743878434049e-09
7.376306133064561548e-09
7.376306133064561548e-09
7.251283995216010274e-09
7.179842773588266098e-09
7.072680941146650248e-09
7.036960330332778574e-09
7.036960330332778574e-09
7.019100024925842323e-09
6.965519108705034398e-09
6.894077887077290222e-09
6.840496970856482297e-09
6.697614527600994772e-09
6.608313000566314346e-09
6.554732084345506421e-09
6.483290862717763072e-09
6.429709946496954320e-09
6.393989335683082645e-09
6.322548114055338470e-09
6.251106892427595121e-09
6.233246587020658870e-09
6.233246587020658870e-09
6.197525976206787196e-09
6.126084754579043020e-09
6.036783227544363421e-09
6.001062616730490919e-09
5.965342005916619245e-09
5.911761089695811320e-09
5.858180173475003394e-09
5.822459562661130893e-09
5.751018341033387544e-09
5.733158035626451294e-09
5.697437424812579619e-09
5.661716813998707118e-09
5.572415286964027518e-09
5.554554981557091268e-09
5.518834370743219593e-09
5.483113759929347092e-09
5.447393149115475417e-09
5.447393149115475417e-09
5.340231316673859567e-09
5.250929789639179968e-09
5.197348873418372043e-09
5.197348873418372043e-09
5.125907651790627867e-09
5.072326735569819942e-09
5.018745819349012017e-09
4.965164903128204091e-09
4.911583986907396166e-09
4.858003070686588241e-09
4.822282459872715740e-09
4.804422154465780316e-09
4.786561849058844065e-09
4.768701543651907815e-09
4.732980932838036140e-09
4.697260322024164466e-09
4.679400016617228215e-09
4.679400016617228215e-09
4.643679405803356541e-09
4.572238184175612365e-09
4.536517573361739864e-09
4.536517573361739864e-09
4.500796962547868189e-09
4.429355740920124013e-09
4.375774824699316088e-09
4.340054213885444414e-09
4.304333603071572740e-09
4.268612992257700238e-09
4.232892381443828564e-09
4.215032076036892313e-09
4.197171770629956889e-09
4.197171770629956889e-09
4.143590854409148964e-09
4.143590854409148964e-09
4.072149632781404789e-09
4.036429021967532287e-09
4.018568716560596863e-09
3.982848105746724362e-09
3.982848105746724362e-09
3.911406884118981013e-09
3.911406884118981013e-09
3.911406884118981013e-09
3.911406884118981013e-09
3.857825967898173088e-09
3.839965662491236837e-09
3.839965662491236837e-09
3.804245051677365163e-09
3.804245051677365163e-09
3.697083219235748899e-09
3.697083219235748899e-09
3.625641997608005137e-09
3.607781692201068886e-09
3.482759554352517199e-09
3.464899248945580948e-09
3.464899248945580948e-09
3.411318332724773023e-09
3.375597721910901349e-09
3.339877111097029261e-09
3.304156500283157173e-09
3.286296194876221336e-09
3.268435889469285499e-09
3.268435889469285499e-09
3.250575584062349248e-09
3.214854973248477160e-09
3.179134362434605486e-09
3.179134362434605486e-09
3.161274057027669235e-09
3.161274057027669235e-09
3.161274057027669235e-09
3.125553446213797560e-09
3.125553446213797560e-09
3.089832835399925473e-09
3.089832835399925473e-09
3.089832835399925473e-09
3.071972529992989635e-09
3.071972529992989635e-09
3.000531308365245459e-09
3.000531308365245459e-09
2.982671002958309622e-09
2.982671002958309622e-09
2.982671002958309622e-09
2.946950392144437534e-09
2.929090086737501697e-09
2.875509170516693772e-09
2.875509170516693772e-09
2.804067948888949596e-09
2.804067948888949596e-09
2.786207643482013759e-09
2.786207643482013759e-09
2.768347338075077922e-09
2.732626727261205834e-09
2.714766421854269583e-09
2.679045811040397909e-09
2.661185505633461658e-09
2.625464894819589984e-09
2.625464894819589984e-09
2.625464894819589984e-09
2.589744284005717896e-09
2.571883978598782059e-09
2.554023673191845808e-09
2.554023673191845808e-09
2.554023673191845808e-09
2.536163367784909971e-09
2.536163367784909971e-09
2.536163367784909971e-09
2.500442756971037883e-09
2.500442756971037883e-09
2.482582451564102046e-09
2.464722146157165795e-09
2.446861840750229958e-09
2.429001535343294121e-09
2.429001535343294121e-09
2.411141229936357870e-09
2.393280924529422033e-09
2.357560313715549945e-09
2.357560313715549945e-09
2.339700008308614108e-09
2.321839702901678270e-09
2.303979397494742020e-09
2.250398481273934095e-09
2.250398481273934095e-09
2.232538175866998257e-09
2.232538175866998257e-09
2.214677870460062007e-09
2.196817565053126170e-09
2.196817565053126170e-09
2.178957259646190332e-09
2.178957259646190332e-09
2.161096954239254082e-09
2.161096954239254082e-09
2.143236648832318244e-09
2.089655732611510319e-09
2.071795427204574482e-09
2.053935121797638231e-09
2.036074816390702394e-09
2.018214510983766143e-09
2.000354205576830306e-09
1.982493900169894469e-09
1.982493900169894469e-09
1.982493900169894469e-09
1.964633594762958218e-09
1.946773289356022381e-09
1.928912983949086544e-09
1.928912983949086544e-09
1.857471762321342575e-09
1.857471762321342575e-09
1.803890846100534443e-09
1.732449624472790474e-09
1.714589319065854637e-09
1.714589319065854637e-09
1.696729013658918593e-09
1.678868708251982549e-09
1.678868708251982549e-09
1.661008402845046712e-09
1.625287792031174624e-09
1.625287792031174624e-09
1.607427486624238580e-09
1.607427486624238580e-09
1.607427486624238580e-09
1.607427486624238580e-09
1.589567181217302743e-09
1.571706875810366699e-09
1.571706875810366699e-09
1.571706875810366699e-09
1.571706875810366699e-09
1.553846570403430655e-09
1.553846570403430655e-09
1.553846570403430655e-09
1.553846570403430655e-09
1.518125959589558774e-09
1.500265654182622730e-09
1.500265654182622730e-09
1.500265654182622730e-09
1.500265654182622730e-09
1.482405348775686686e-09
1.482405348775686686e-09
1.464545043368750849e-09
1.446684737961814805e-09
1.446684737961814805e-09
1.428824432554878761e-09
1.428824432554878761e-09
1.428824432554878761e-09
1.428824432554878761e-09
1.428824432554878761e-09
1.428824432554878761e-09
1.410964127147942924e-09
1.393103821741006880e-09
1.375243516334070836e-09
1.357383210927134792e-09
1.339522905520198954e-09
1.339522905520198954e-09
1.339522905520198954e-09
1.339522905520198954e-09
1.339522905520198954e-09
1.303802294706326867e-09
1.285941989299391029e-09
1.285941989299391029e-09
1.268081683892454985e-09
1.268081683892454985e-09
1.268081683892454985e-09
1.268081683892454985e-09
1.250221378485518941e-09
1.250221378485518941e-09
1.232361073078582897e-09
1.232361073078582897e-09
1.232361073078582897e-09
1.232361073078582897e-09
1.214500767671647060e-09
1.214500767671647060e-09
1.196640462264711016e-09
1.196640462264711016e-09
1.196640462264711016e-09
1.178780156857774972e-09
1.178780156857774972e-09
1.178780156857774972e-09
1.178780156857774972e-09
1.143059546043903091e-09
1.143059546043903091e-09
1.143059546043903091e-09
1.143059546043903091e-09
1.125199240636967047e-09
1.125199240636967047e-09
1.107338935230031003e-09
1.107338935230031003e-09
1.071618324416159122e-09
1.053758019009223078e-09
1.035897713602287241e-09
1.018037408195351197e-09
1.000177102788415153e-09
9.823167973814791092e-10
9.823167973814791092e-10
9.823167973814791092e-10
9.823167973814791092e-10
9.823167973814791092e-10
9.644564919745432720e-10
9.644564919745432720e-10
9.644564919745432720e-10
9.644564919745432720e-10
9.644564919745432720e-10
9.644564919745432720e-10
9.644564919745432720e-10
9.644564919745432720e-10
9.465961865676072281e-10
9.465961865676072281e-10
9.465961865676072281e-10
9.108755757537352435e-10
9.108755757537352435e-10
9.108755757537352435e-10
8.930152703467993030e-10
8.751549649398632590e-10
8.751549649398632590e-10
8.394343541259912745e-10
8.394343541259912745e-10
8.394343541259912745e-10
8.394343541259912745e-10
8.394343541259912745e-10
8.215740487190553339e-10
8.215740487190553339e-10
8.215740487190553339e-10
8.215740487190553339e-10
8.215740487190553339e-10
8.215740487190553339e-10
8.215740487190553339e-10
8.215740487190553339e-10
8.037137433121192900e-10
8.037137433121192900e-10
8.037137433121192900e-10
8.037137433121192900e-10
8.037137433121192900e-10
8.037137433121192900e-10
7.679931324982474088e-10
7.679931324982474088e-10
7.679931324982474088e-10
7.679931324982474088e-10
7.501328270913113649e-10
7.501328270913113649e-10
7.501328270913113649e-10
7.322725216843754243e-10
7.322725216843754243e-10
7.322725216843754243e-10
7.322725216843754243e-10
7.144122162774393803e-10
7.144122162774393803e-10
7.144122162774393803e-10
6.965519108705034398e-10
6.965519108705034398e-10
6.965519108705034398e-10
6.965519108705034398e-10
6.786916054635673958e-10
6.786916054635673958e-10
6.608313000566314553e-10
6.608313000566314553e-10
6.608313000566314553e-10
6.608313000566314553e-10
6.608313000566314553e-10
6.608313000566314553e-10
6.608313000566314553e-10
6.608313000566314553e-10
6.608313000566314553e-10
6.608313000566314553e-10
6.608313000566314553e-10
6.608313000566314553e-10
6.608313000566314553e-10
6.608313000566314553e-10
6.608313000566314553e-10
6.608313000566314553e-10
6.608313000566314553e-10
6.608313000566314553e-10
6.608313000566314553e-10
6.608313000566314553e-10
6.608313000566314553e-10
6.608313000566314553e-10
6.072503838358235302e-10
6.072503838358235302e-10
6.072503838358235302e-10
6.072503838358235302e-10
5.715297730219515456e-10
5.715297730219515456e-10
5.715297730219515456e-10
5.715297730219515456e-10
5.715297730219515456e-10
5.536694676150155017e-10
5.536694676150155017e-10
5.536694676150155017e-10
5.536694676150155017e-10
5.358091622080795611e-10
5.179488568011436205e-10
5.179488568011436205e-10
5.179488568011436205e-10
5.179488568011436205e-10
5.179488568011436205e-10
5.179488568011436205e-10
5.000885513942075766e-10
5.000885513942075766e-10
5.000885513942075766e-10
5.000885513942075766e-10
4.822282459872716360e-10
4.822282459872716360e-10
4.643679405803356438e-10
4.643679405803356438e-10
4.643679405803356438e-10
4.643679405803356438e-10
4.643679405803356438e-10
4.643679405803356438e-10
4.643679405803356438e-10
4.465076351733996515e-10
4.286473297664636592e-10
4.107870243595276670e-10
3.929267189525916747e-10
3.750664135456556824e-10
3.750664135456556824e-10
3.750664135456556824e-10
3.750664135456556824e-10
3.572061081387196902e-10
3.393458027317836979e-10
3.393458027317836979e-10
3.393458027317836979e-10
3.393458027317836979e-10
3.393458027317836979e-10
3.393458027317836979e-10
3.393458027317836979e-10
3.393458027317836979e-10
3.393458027317836979e-10
3.393458027317836979e-10
3.393458027317836979e-10
3.393458027317836979e-10
3.393458027317836979e-10
3.393458027317836979e-10
3.214854973248477573e-10
3.214854973248477573e-10
3.214854973248477573e-10
3.214854973248477573e-10
3.214854973248477573e-10
3.036251919179117651e-10
3.036251919179117651e-10
3.036251919179117651e-10
3.036251919179117651e-10
3.036251919179117651e-10
3.036251919179117651e-10
3.036251919179117651e-10
3.036251919179117651e-10
3.036251919179117651e-10
2.857648865109757728e-10
2.857648865109757728e-10
2.857648865109757728e-10
2.857648865109757728e-10
2.857648865109757728e-10
2.857648865109757728e-10
2.857648865109757728e-10
2.857648865109757728e-10
2.857648865109757728e-10
2.857648865109757728e-10
2.857648865109757728e-10
2.679045811040397806e-10
2.679045811040397806e-10
2.500442756971037883e-10
2.500442756971037883e-10
2.500442756971037883e-10
2.500442756971037883e-10
2.500442756971037883e-10
2.500442756971037883e-10
2.500442756971037883e-10
2.500442756971037883e-10
2.500442756971037883e-10
2.500442756971037883e-10
2.500442756971037883e-10
2.500442756971037883e-10
2.500442756971037883e-10
2.500442756971037883e-10
2.500442756971037883e-10
2.500442756971037883e-10
2.500442756971037883e-10
2.500442756971037883e-10
2.321839702901678219e-10
2.321839702901678219e-10
2.321839702901678219e-10
2.321839702901678219e-10
2.321839702901678219e-10
2.321839702901678219e-10
2.321839702901678219e-10
2.321839702901678219e-10
2.321839702901678219e-10
2.321839702901678219e-10
2.321839702901678219e-10
2.321839702901678219e-10
2.321839702901678219e-10
2.321839702901678219e-10
2.321839702901678219e-10
2.321839702901678219e-10
2.321839702901678219e-10
2.321839702901678219e-10
2.321839702901678219e-10
2.321839702901678219e-10
2.143236648832318296e-10
2.143236648832318296e-10
2.143236648832318296e-10
2.143236648832318296e-10
2.143236648832318296e-10
2.143236648832318296e-10
2.143236648832318296e-10
2.143236648832318296e-10
2.143236648832318296e-10
2.143236648832318296e-10
2.143236648832318296e-10
2.143236648832318296e-10
2.143236648832318296e-10
2.143236648832318296e-10
2.143236648832318296e-10
2.143236648832318296e-10
2.143236648832318296e-10
2.143236648832318296e-10
2.143236648832318296e-10
2.143236648832318296e-10
2.143236648832318296e-10
2.143236648832318296e-10
2.143236648832318296e-10
2.143236648832318296e-10
2.143236648832318296e-10
2.143236648832318296e-10
2.143236648832318296e-10
2.143236648832318296e-10
2.143236648832318296e-10
2.143236648832318296e-10
2.143236648832318296e-10
2.143236648832318296e-10
2.143236648832318296e-10
2.143236648832318296e-10
2.143236648832318296e-10
2.143236648832318296e-10
2.143236648832318296e-10
2.143236648832318296e-10
2.143236648832318296e-10
2.143236648832318296e-10
1.964633594762958374e-10
1.964633594762958374e-10
1.964633594762958374e-10
1.964633594762958374e-10
1.964633594762958374e-10
1.964633594762958374e-10
1.964633594762958374e-10
1.964633594762958374e-10
1.964633594762958374e-10
1.964633594762958374e-10
1.964633594762958374e-10
1.964633594762958374e-10
1.964633594762958374e-10
1.964633594762958374e-10
1.964633594762958374e-10
1.964633594762958374e-10
1.964633594762958374e-10
1.964633594762958374e-10
1.964633594762958374e-10
1.964633594762958374e-10
1.964633594762958374e-10
1.964633594762958374e-10
1.964633594762958374e-10
1.964633594762958374e-10
1.964633594762958374e-10
1.964633594762958374e-10
1.964633594762958374e-10
1.786030540693598451e-10
1.786030540693598451e-10
1.786030540693598451e-10
1.607427486624238787e-10
1.607427486624238787e-10
1.607427486624238787e-10
1.607427486624238787e-10
1.607427486624238787e-10
1.607427486624238787e-10
1.607427486624238787e-10
1.607427486624238787e-10
1.607427486624238787e-10
1.607427486624238787e-10
1.607427486624238787e-10
1.607427486624238787e-10
1.607427486624238787e-10
1.607427486624238787e-10
1.607427486624238787e-10
1.607427486624238787e-10
1.607427486624238787e-10
1.607427486624238787e-10
1.607427486624238787e-10
1.607427486624238787e-10
1.607427486624238787e-10
1.428824432554878864e-10
1.428824432554878864e-10
1.428824432554878864e-10
1.428824432554878864e-10
1.428824432554878864e-10
1.428824432554878864e-10
1.428824432554878864e-10
1.428824432554878864e-10
1.428824432554878864e-10
1.428824432554878864e-10
1.428824432554878864e-10
1.428824432554878864e-10
1.428824432554878864e-10
1.428824432554878864e-10
1.428824432554878864e-10
1.428824432554878864e-10
1.428824432554878864e-10
1.428824432554878864e-10
1.428824432554878864e-10
1.428824432554878864e-10
1.428824432554878864e-10
1.428824432554878864e-10
1.428824432554878864e-10
1.428824432554878864e-10
1.428824432554878864e-10
1.428824432554878864e-10
1.428824432554878864e-10
1.428824432554878864e-10
1.428824432554878864e-10
1.428824432554878864e-10
1.428824432554878864e-10
1.428824432554878864e-10
1.428824432554878864e-10
1.428824432554878864e-10
1.428824432554878864e-10
1.428824432554878864e-10
1.428824432554878864e-10
1.428824432554878864e-10
1.428824432554878864e-10
1.250221378485518941e-10
1.250221378485518941e-10
1.250221378485518941e-10
1.250221378485518941e-10
1.250221378485518941e-10
1.071618324416159148e-10
1.071618324416159148e-10
1.071618324416159148e-10
1.071618324416159148e-10
1.071618324416159148e-10
1.071618324416159148e-10
1.071618324416159148e-10
1.071618324416159148e-10
1.071618324416159148e-10
1.071618324416159148e-10
1.071618324416159148e-10
1.071618324416159148e-10
1.071618324416159148e-10
1.071618324416159148e-10
1.071618324416159148e-10
1.071618324416159148e-10
1.071618324416159148e-10
1.071618324416159148e-10
1.071618324416159148e-10
1.071618324416159148e-10
1.071618324416159148e-10
1.071618324416159148e-10
1.071618324416159148e-10
1.071618324416159148e-10
1.071618324416159148e-10
1.071618324416159148e-10
1.071618324416159148e-10
1.071618324416159148e-10
1.071618324416159148e-10
1.071618324416159148e-10
1.071618324416159148e-10
1.071618324416159148e-10
1.071618324416159148e-10
1.071618324416159148e-10
1.071618324416159148e-10
1.071618324416159148e-10
1.071618324416159148e-10
1.071618324416159148e-10
1.071618324416159148e-10
1.071618324416159148e-10
1.071618324416159148e-10
1.071618324416159148e-10
1.071618324416159148e-10
1.071618324416159148e-10
1.071618324416159148e-10
1.071618324416159148e-10
1.071618324416159148e-10
1.071618324416159148e-10
1.071618324416159148e-10
1.071618324416159148e-10
1.071618324416159148e-10
1.071618324416159148e-10
1.071618324416159148e-10
1.071618324416159148e-10
1.071618324416159148e-10
1.071618324416159148e-10
1.071618324416159148e-10
1.071618324416159148e-10
1.071618324416159148e-10
8.930152703467992254e-11
8.930152703467992254e-11
8.930152703467992254e-11
7.144122162774394320e-11
7.144122162774394320e-11
7.144122162774394320e-11
7.144122162774394320e-11
7.144122162774394320e-11
7.144122162774394320e-11
7.144122162774394320e-11
7.144122162774394320e-11
7.144122162774394320e-11
7.144122162774394320e-11
7.144122162774394320e-11
7.144122162774394320e-11
7.144122162774394320e-11
7.144122162774394320e-11
7.144122162774394320e-11
7.144122162774394320e-11
7.144122162774394320e-11
7.144122162774394320e-11
7.144122162774394320e-11
7.144122162774394320e-11
7.144122162774394320e-11
7.144122162774394320e-11
7.144122162774394320e-11
7.144122162774394320e-11
7.144122162774394320e-11
7.144122162774394320e-11
7.144122162774394320e-11
7.144122162774394320e-11
7.144122162774394320e-11
5.358091622080795740e-11
5.358091622080795740e-11
5.358091622080795740e-11
5.358091622080795740e-11
5.358091622080795740e-11
5.358091622080795740e-11
5.358091622080795740e-11
5.358091622080795740e-11
5.358091622080795740e-11
5.358091622080795740e-11
5.358091622080795740e-11
5.358091622080795740e-11
5.358091622080795740e-11
5.358091622080795740e-11
5.358091622080795740e-11
5.358091622080795740e-11
5.358091622080795740e-11
5.358091622080795740e-11
5.358091622080795740e-11
5.358091622080795740e-11
5.358091622080795740e-11
5.358091622080795740e-11
5.358091622080795740e-11
5.358091622080795740e-11
5.358091622080795740e-11
5.358091622080795740e-11
5.358091622080795740e-11
5.358091622080795740e-11
5.358091622080795740e-11
5.358091622080795740e-11
5.358091622080795740e-11
5.358091622080795740e-11
5.358091622080795740e-11
3.572061081387197160e-11
3.572061081387197160e-11
3.572061081387197160e-11
3.572061081387197160e-11
3.572061081387197160e-11
3.572061081387197160e-11
3.572061081387197160e-11
3.572061081387197160e-11
3.572061081387197160e-11
3.572061081387197160e-11
3.572061081387197160e-11
3.572061081387197160e-11
3.572061081387197160e-11
3.572061081387197160e-11
3.572061081387197160e-11
3.572061081387197160e-11
3.572061081387197160e-11
3.572061081387197160e-11
3.572061081387197160e-11
3.572061081387197160e-11
3.572061081387197160e-11
3.572061081387197160e-11
3.572061081387197160e-11
3.572061081387197160e-11
3.572061081387197160e-11
3.572061081387197160e-11
3.572061081387197160e-11
3.572061081387197160e-11
3.572061081387197160e-11
3.572061081387197160e-11
3.572061081387197160e-11
3.572061081387197160e-11
3.572061081387197160e-11
3.572061081387197160e-11
3.572061081387197160e-11
3.572061081387197160e-11
3.572061081387197160e-11
3.572061081387197160e-11
3.572061081387197160e-11
3.572061081387197160e-11
3.572061081387197160e-11
3.572061081387197160e-11
3.572061081387197160e-11
3.572061081387197160e-11
3.572061081387197160e-11
3.572061081387197160e-11
3.572061081387197160e-11
3.572061081387197160e-11
3.572061081387197160e-11
3.572061081387197160e-11
3.572061081387197160e-11
3.572061081387197160e-11
3.572061081387197160e-11
3.572061081387197160e-11
3.572061081387197160e-11
3.572061081387197160e-11
3.572061081387197160e-11
3.572061081387197160e-11
3.572061081387197160e-11
1.786030540693598580e-11
1.786030540693598580e-11
1.786030540693598580e-11
1.786030540693598580e-11
1.786030540693598580e-11
1.786030540693598580e-11
1.786030540693598580e-11
1.786030540693598580e-11
1.786030540693598580e-11
1.786030540693598580e-11
1.786030540693598580e-11
1.786030540693598580e-11
1.786030540693598580e-11
1.786030540693598580e-11
1.786030540693598580e-11
1.786030540693598580e-11
1.786030540693598580e-11
1.786030540693598580e-11
1.786030540693598580e-11
1.786030540693598580e-11
1.786030540693598580e-11
1.786030540693598580e-11
1.786030540693598580e-11
1.786030540693598580e-11
1.786030540693598580e-11
1.786030540693598580e-11
1.786030540693598580e-11
1.786030540693598580e-11
1.786030540693598580e-11
1.786030540693598580e-11
1.786030540693598580e-11
1.786030540693598580e-11
1.786030540693598580e-11
1.786030540693598580e-11
1.786030540693598580e-11
1.786030540693598580e-11
1.786030540693598580e-11
1.786030540693598580e-11
1.786030540693598580e-11
1.786030540693598580e-11
1.786030540693598580e-11
1.786030540693598580e-11
1.786030540693598580e-11
1.786030540693598580e-11
1.786030540693598580e-11
1.786030540693598580e-11
1.786030540693598580e-11
1.786030540693598580e-11
1.786030540693598580e-11
1.786030540693598580e-11
1.786030540693598580e-11
1.786030540693598580e-11
1.786030540693598580e-11
1.786030540693598580e-11
1.786030540693598580e-11
1.786030540693598580e-11
1.786030540693598580e-11
1.786030540693598580e-11
1.786030540693598580e-11
1.786030540693598580e-11
1.786030540693598580e-11
1.786030540693598580e-11
0.000000000000000000e+00
