# q=241
# m=40
# n=50
# n_fft=8
# k_fft=3
# n_lat=42
# beta_0=35
# beta_1=41
# avg_N=25970.000000
# avg_dlat=57.889159
# sdv_dlat=1.739062
# avg_dlsc=23.873986
# sdv_dlsc=3.304260
# nb_iteration=6000
# Line i (starting from i=0) correspond to P(F >= i) where F is the score function when the target b is uniform (this is a first approximation of P_wrong(i)). nb_iteration correspond to the number of time we ran the algorithm with each time a different lattice, target
4.982513596633765807e-01
4.947444188153030664e-01
4.912375707455627349e-01
4.877322098558261598e-01
4.842279938831073327e-01
4.807250430748892245e-01
4.772240014499710137e-01
4.737248640908153230e-01
4.702279072606261323e-01
4.667338104130486220e-01
4.632423283260895253e-01
4.597541742927194197e-01
4.562693004115990769e-01
4.527881631087866676e-01
4.493110176675808032e-01
4.458376685057304223e-01
4.423686137471532498e-01
4.389040710970654735e-01
4.354447300466037230e-01
4.319908300548361280e-01
4.285420093434163524e-01
4.250989848369102764e-01
4.216617369127957371e-01
4.182310744881183040e-01
4.148070559660766432e-01
4.113898010345308220e-01
4.079792776282790689e-01
4.045759271350024555e-01
4.011800835185982961e-01
3.977921564349382599e-01
3.944120499384617395e-01
3.910401826866343189e-01
3.876766287640028286e-01
3.843216270104780063e-01
3.809754854091663701e-01
3.776385448418568824e-01
3.743109406777576087e-01
3.709932917407303687e-01
3.676852693297144037e-01
3.643876517253781255e-01
3.610993712505711772e-01
3.578221584498188501e-01
3.545555488718323822e-01
3.512999223814941008e-01
3.480557732210820543e-01
3.448223203951614191e-01
3.416008801844269693e-01
3.383909680387929830e-01
3.351932066875746297e-01
3.320075360129839948e-01
3.288342123223105262e-01
3.256738347216386886e-01
3.225257777668869563e-01
3.193910214768267419e-01
3.162691032457342621e-01
3.131603283300426477e-01
3.100657140527478539e-01
3.069840713104365904e-01
3.039164450738574552e-01
3.008626886503688591e-01
2.978232627644090136e-01
2.947983852997970167e-01
2.917876480056718624e-01
2.887918864347479575e-01
2.858107874244303903e-01
2.828447300894684768e-01
2.798939035109621609e-01
2.769580926270206467e-01
2.740379745099150166e-01
2.711333082836596686e-01
2.682446779921482949e-01
2.653716455935304364e-01
2.625143303827394137e-01
2.596732138855158967e-01
2.568486632144839632e-01
2.540399303562395072e-01
2.512480608173404684e-01
2.484727496866528385e-01
2.457145232597496010e-01
2.429723694883782203e-01
2.402472060588442815e-01
2.375393534088405256e-01
2.348482327454030349e-01
2.321741738173971337e-01
2.295175588710791359e-01
2.268782164832377490e-01
2.242567752532751979e-01
2.216522101663573052e-01
2.190657228638318577e-01
2.164966905806630648e-01
2.139453944380579897e-01
2.114120611428266516e-01
2.088961553263609938e-01
2.063986479105835992e-01
2.039190083848894941e-01
2.014577117857750121e-01
1.990146501060199580e-01
1.965893563343585337e-01
1.941827327853267726e-01
1.917944152634836752e-01
1.894243054180808072e-01
1.870724102741716521e-01
1.847389973553174303e-01
1.824240086274324379e-01
1.801271364050820167e-01
1.778489191288467053e-01
1.755891258292569534e-01
1.733480830641368486e-01
1.711256626560279381e-01
1.689216723208821491e-01
1.667361824283028482e-01
1.645691303957798335e-01
1.624206123236631161e-01
1.602904667786055337e-01
1.581790841035351780e-01
1.560862170284771644e-01
1.540118877121170182e-01
1.519561169081296570e-01
1.499189839043642003e-01
1.479004376203472138e-01
1.459003374597544755e-01
1.439184553107653863e-01
1.419552463730303915e-01
1.400103979721361580e-01
1.380838686364535550e-01
1.361758441965068844e-01
1.342860382087180671e-01
1.324148505772319850e-01
1.305619577209421456e-01
1.287270701123910954e-01
1.269104867092775424e-01
1.251120404939322361e-01
1.233313704381416298e-01
1.215691776303342159e-01
1.198247896061976486e-01
1.180983750860837012e-01
1.163894583905250024e-01
1.146986259924168000e-01
1.130254311698002390e-01
1.113700098395994514e-01
1.097321118622838071e-01
1.081116363866620883e-01
1.065086674871452838e-01
1.049234896545847839e-01
1.033553825828635447e-01
1.018045466765150758e-01
1.002710787622084349e-01
9.875453253472525617e-02
9.725485971170656774e-02
9.577227269981115898e-02
9.430696589060305612e-02
9.285810930378314565e-02
9.142586854010316399e-02
9.001043687188134412e-02
8.861160392853373313e-02
8.722904175913244462e-02
8.586298884638216000e-02
8.451302131760807246e-02
8.317926415922743955e-02
8.186177116648012120e-02
8.055993408880519902e-02
7.927391441908415715e-02
7.800395470026443012e-02
7.674920981841475143e-02
7.551035008270393090e-02
7.428692846159450081e-02
7.307901714644091107e-02
7.188619290753936464e-02
7.070845150604405938e-02
6.954556373470226205e-02
6.839775577642165372e-02
6.726501631967546357e-02
6.614663808446272220e-02
6.504323000003596478e-02
6.395406867639871762e-02
6.287916694915716975e-02
6.181877473161140335e-02
6.077263013214982690e-02
5.974043146640037327e-02
5.872240710813483866e-02
5.771794596105029457e-02
5.672710810721412478e-02
5.574981642582758912e-02
5.478617376843609305e-02
5.383588342773933805e-02
5.289867362942338169e-02
5.197476450770580764e-02
5.106361025165336714e-02
5.016542450623935612e-02
4.928029813279079935e-02
4.840770772910431979e-02
4.754758477114150172e-02
4.669992856830387090e-02
4.586456998349922043e-02
4.504148232152441200e-02
4.423031188879802261e-02
4.343106730589414016e-02
4.264348678836298034e-02
4.186792909020580628e-02
4.110375129996232668e-02
4.035119847292959611e-02
3.961008459998023590e-02
3.888001247982886960e-02
3.816097887380677511e-02
3.745309988580596688e-02
3.675598274389681869e-02
3.606977810570886206e-02
3.539402005540838447e-02
3.472904656950803748e-02
3.407436475120606545e-02
3.342971903143897305e-02
3.279547254593628836e-02
3.217123691640350752e-02
3.155695226319003149e-02
3.095258817614919208e-02
3.035790719656716527e-02
2.977271246815775541e-02
2.919711015257630410e-02
2.863081698537905256e-02
2.807383856279503653e-02
2.752591354092866552e-02
2.698713338835736358e-02
2.645725389517186721e-02
2.593614908668470664e-02
2.542399001699419819e-02
2.492020328694869238e-02
2.442498097817939751e-02
2.393811508956954909e-02
2.345941367046350604e-02
2.298881562670990197e-02
2.252655557128056124e-02
2.207212797418438288e-02
2.162569661442194022e-02
2.118688805682091697e-02
2.075574615438452800e-02
2.033218847584987790e-02
1.991591811149988692e-02
1.950705153433954578e-02
1.910545294651341125e-02
1.871087885252443322e-02
1.832343817642185721e-02
1.794287458710248223e-02
1.756929006691018008e-02
1.720232864805132378e-02
1.684208289453539495e-02
1.648840112474201855e-02
1.614118480931968705e-02
1.580028568391979304e-02
1.546555001894025887e-02
1.513706084098748704e-02
1.481465064421049957e-02
1.449821165952647380e-02
1.418769861701463589e-02
1.388288472651693153e-02
1.358392572989650625e-02
1.329064141667180531e-02
1.300289425058432334e-02
1.272060733706585102e-02
1.244370519846573798e-02
1.217212289471352425e-02
1.190573678486831107e-02
1.164439630655552012e-02
1.138812853599814774e-02
1.113689403764185626e-02
1.089054280873496573e-02
1.064904349848805332e-02
1.041234527647193209e-02
1.018015990117107118e-02
9.952546883123089896e-03
9.729446318863651730e-03
9.510803936878061207e-03
9.296592518060876539e-03
9.086756266818008312e-03
8.881015181188155541e-03
8.679425128206630369e-03
8.481944112341988085e-03
8.288384136019514431e-03
8.098797613282141677e-03
7.913007989057490102e-03
7.731127604666569383e-03
7.553003373478298609e-03
7.378540969266391379e-03
7.207690061690209468e-03
7.040405999986235758e-03
6.876559165964696817e-03
6.716250208399996910e-03
6.559321111216764866e-03
6.405607130957926588e-03
6.255060890186674161e-03
6.107761355266645709e-03
5.963685403055774339e-03
5.822575178371465141e-03
5.684442969103838464e-03
5.549283440975012922e-03
5.417011114563309582e-03
5.287581339105212191e-03
5.160986006022066745e-03
5.037114393327218539e-03
4.915970156429841711e-03
4.797422129247028849e-03
4.681468561468848238e-03
4.568104047376198365e-03
4.457114560975952190e-03
4.348707353252051142e-03
4.242696248380933670e-03
4.138998767472230368e-03
4.037661716432978595e-03
3.938501931877795049e-03
3.841621181826886805e-03
3.746931605484523416e-03
3.654337852633572376e-03
3.563922759370510233e-03
3.475471573383125210e-03
3.389055723986173288e-03
3.304664435462060200e-03
3.222087920663475793e-03
3.141486481784881712e-03
3.062729012277721520e-03
2.985743713714259472e-03
2.910530312236478574e-03
2.837000089753988208e-03
2.765285176806188319e-03
2.695140422841063761e-03
2.626725225130935489e-03
2.559941280554845020e-03
2.494708467782735719e-03
2.430969562396084402e-03
2.368756558155309371e-03
2.308013719000671753e-03
2.248656339457060470e-03
2.190809858402784343e-03
2.134298351829584748e-03
2.079147467136025981e-03
2.025312124911261055e-03
1.972755521019281619e-03
1.921469558788302607e-03
1.871415124149483416e-03
1.822563152432491460e-03
1.774927788999209211e-03
1.728438592805111749e-03
1.683051139317216695e-03
1.638805542781468332e-03
1.595620586435745735e-03
1.553517273999208007e-03
1.512463933196933055e-03
1.472397552871445312e-03
1.433328896833470324e-03
1.395229626731761974e-03
1.358069689625755966e-03
1.321832630220736923e-03
1.286495242026546503e-03
1.252075171024926489e-03
1.218505976879763215e-03
1.185797863778879089e-03
1.153919814325217496e-03
1.122806888448318885e-03
1.092521478148404494e-03
1.062956528754865513e-03
1.034184898406891691e-03
1.006121583957616432e-03
9.787785160910516483e-04
9.521598383980515610e-04
9.262161254601201541e-04
9.009230277275526557e-04
8.763007154385884677e-04
8.523323046511831029e-04
8.289830868384956376e-04
8.061980998873538628e-04
7.840482015827421151e-04
7.624585453381352556e-04
7.414244636603867450e-04
7.209449325586532930e-04
7.010135104161182304e-04
6.816009182387843587e-04
6.626962731472237512e-04
6.442930382696574008e-04
6.263651018395805349e-04
6.089129758524145820e-04
5.919312903096674407e-04
5.754238077823447400e-04
5.593689411146445228e-04
5.437038101246641653e-04
5.284615278186282489e-04
5.136424990301258426e-04
4.991996559009746759e-04
4.851634323915880189e-04
4.714931546331192097e-04
4.581724983064263041e-04
4.452187521871432381e-04
4.326243315989071838e-04
4.203822353019986036e-04
4.084880815681577013e-04
3.969123770797224515e-04
3.856508710840060019e-04
3.746968123855645726e-04
3.640560829783121271e-04
3.537080482560685702e-04
3.436354789775513188e-04
3.338343387137384559e-04
3.242716216202378679e-04
3.149814170666363116e-04
3.059612246101768053e-04
2.971926481362902397e-04
2.886726632999276417e-04
2.803967931178670938e-04
2.723477369076043137e-04
2.645160168004034211e-04
2.569274111704017644e-04
2.495278628265676650e-04
2.423444837125088183e-04
2.353554247212774338e-04
2.285725450956637220e-04
2.219641725607460518e-04
2.155505964234666935e-04
2.093461763693728393e-04
2.032992246746167945e-04
1.974064907636144937e-04
1.917069934502449848e-04
1.861692152489001376e-04
1.807685208449886811e-04
1.755298313179883853e-04
1.704455858052770069e-04
1.655055563052915005e-04
1.607041465890043474e-04
1.560375821785395722e-04
1.515109711212435514e-04
1.471114778109638174e-04
1.428377329576191739e-04
1.386921536558747192e-04
1.346627377804969798e-04
1.307568914047946979e-04
1.269551587027445698e-04
1.232780671186943316e-04
1.196956351533008293e-04
1.162126612752834373e-04
1.128438385625568939e-04
1.095748668639254003e-04
1.063907554297174001e-04
1.032975172294198815e-04
1.002968311317411110e-04
9.738456545269694186e-05
9.455913657854129659e-05
9.180787559930552811e-05
8.913856960814703953e-05
8.655243310583352620e-05
8.405162123588407722e-05
8.161671389288622505e-05
7.926226127231148551e-05
7.696958149470419603e-05
7.474173462572408463e-05
7.258189979973358498e-05
7.048005143196426757e-05
6.845043013926060537e-05
6.647391348796690856e-05
6.455113254220752801e-05
6.268324226839880624e-05
6.088037541314160651e-05
5.912833898707254356e-05
5.743568212304640992e-05
5.578752123322408275e-05
5.418404682752991279e-05
5.263289120980779528e-05
5.112701741972739040e-05
4.966497281911561181e-05
4.824574532399939359e-05
4.687440726111431012e-05
4.553536063040495712e-05
4.423973835557501216e-05
4.297108514190953329e-05
4.174746371161007703e-05
4.055833648448654833e-05
3.941394336897226453e-05
3.830784274825044803e-05
3.721937620240041244e-05
3.617448880174329955e-05
3.515579651568302526e-05
3.417182466333383827e-05
3.321590539734380803e-05
3.229461131010269648e-05
3.139460670690664930e-05
3.051666553432330411e-05
2.967208741224011491e-05
2.884665553755316275e-05
2.804431108432224026e-05
2.727161473806683409e-05
2.652610177664078181e-05
2.579509138320516443e-05
2.508931164787441082e-05
2.439897512328551972e-05
2.373283335908789280e-05
2.308531393999456547e-05
2.245778615608673418e-05
2.184563014169913726e-05
2.125327525257269919e-05
2.067968559099381360e-05
2.012109858595675653e-05
1.958106248480236751e-05
1.905469547071942293e-05
1.854795097884356177e-05
1.804887451142241498e-05
1.757064697384629856e-05
1.710394528669278909e-05
1.665599692021656357e-05
1.621890761942775466e-05
1.579682097518077087e-05
1.538436698898326352e-05
1.498523679061933011e-05
1.459916842894300194e-05
1.422425680471087147e-05
1.385713227363616783e-05
1.350272428001120063e-05
1.315875861161415650e-05
1.282728325013169584e-05
1.250402362913642578e-05
1.218824152267152613e-05
1.188273504525075111e-05
1.158294386556019527e-05
1.129457137445980586e-05
1.101541480094939596e-05
1.074539079693706718e-05
1.047959373187104530e-05
1.022116701950295331e-05
9.970324983497673953e-06
9.727734408590397566e-06
9.491144896299851230e-06
9.261770947393708277e-06
9.036397706898719256e-06
8.817632779404296106e-06
8.605309468726640392e-06
8.402118727547065811e-06
8.203369248978682548e-06
8.009894513940481075e-06
7.822551817091994016e-06
7.641996036298141488e-06
7.464071673834245589e-06
7.290731456424795598e-06
7.122296869567118153e-06
6.957910618601679787e-06
6.798989621090762946e-06
6.643223944201738490e-06
6.493971325351110460e-06
6.349886288198222008e-06
6.208111183877964392e-06
6.071170268887850334e-06
5.937872856200751192e-06
5.807040165659809398e-06
5.679350888870488913e-06
5.557150679276232952e-06
5.436998451368639102e-06
5.319465734920729112e-06
5.205647961997461332e-06
5.095426063896123323e-06
4.988311858935592553e-06
4.881864438710254669e-06
4.778500897885180180e-06
4.678852300584748749e-06
4.580763503289856051e-06
4.488008983876502211e-06
4.397504862944422140e-06
4.306179167963622671e-06
4.218639857729093555e-06
4.132981832997428964e-06
4.049740902930835728e-06
3.968047865999510151e-06
3.890557954273951010e-06
3.813806268505211204e-06
3.738483407169026616e-06
3.665720522941169243e-06
3.594898458567532617e-06
3.525136105648040693e-06
3.457374106934125312e-06
3.391064746393307722e-06
3.327220107998647479e-06
3.264673318463557669e-06
3.202150342669010431e-06
3.142746966885541083e-06
3.084284233853503998e-06
3.027762320675687235e-06
2.973216947962904865e-06
2.919826541666437489e-06
2.866459949110512687e-06
2.816284397787293916e-06
2.765763547226207627e-06
2.716469104303064475e-06
2.667710470542129000e-06
2.619666248997471134e-06
2.572931783182655621e-06
2.528304833405858017e-06
2.483987462256114284e-06
2.440682175079430108e-06
2.400055933713786436e-06
2.360203638915776593e-06
2.321184825036757223e-06
2.282475589784791300e-06
2.244075933159878824e-06
2.206938404783723132e-06
2.169431763429157773e-06
2.134985187734313660e-06
2.100276660893501669e-06
2.065210927944550662e-06
2.031240627060558429e-06
1.997794228468502799e-06
1.966181487898226125e-06
1.934640188549577169e-06
1.904682502947009943e-06
1.875010582230953591e-06
1.845814936325748908e-06
1.817107472101667179e-06
1.787888012455919923e-06
1.760311700907610617e-06
1.733556963408020709e-06
1.706897480870600880e-06
1.680916689938644590e-06
1.654900178395874440e-06
1.630098167620776140e-06
1.605379504937576634e-06
1.581530043784181460e-06
1.558704573474117342e-06
1.535283759650488690e-06
1.511755783994418250e-06
1.488882686203268986e-06
1.467664643379828958e-06
1.446339438723947353e-06
1.425561950100545135e-06
1.405082133233925289e-06
1.384935708734901462e-06
1.364646401792622199e-06
1.344130864315188282e-06
1.324948896308139080e-06
1.306255109982212832e-06
1.287597044267100444e-06
1.268569865573577965e-06
1.250173751004433878e-06
1.232468234911024616e-06
1.215191366147381876e-06
1.198366958454048232e-06
1.181435388928272799e-06
1.165111069786333397e-06
1.149405907898500888e-06
1.133367353643072360e-06
1.117459774960628194e-06
1.101445034445742239e-06
1.086990093936395440e-06
1.071820741210771033e-06
1.057687286198748967e-06
1.042601281565023777e-06
1.028396385331373993e-06
1.014322464670708571e-06
1.001129652410118345e-06
9.877106096143738884e-07
9.744225423916135825e-07
9.619203286067583923e-07
9.490966293245782569e-07
9.362729300423982273e-07
9.241517361062243085e-07
9.121138902619495005e-07
8.998736276230627174e-07
8.878476886490590899e-07
8.767266718156736540e-07
8.655342137606603938e-07
8.549966335705682043e-07
8.442209159750501806e-07
8.338619388390272875e-07
8.227528288759131381e-07
8.120961799831079785e-07
8.018205509389840904e-07
7.916758974678444588e-07
7.811502241480235558e-07
7.712079874714957934e-07
7.616943981247346598e-07
7.517997889292920430e-07
7.423695476744299144e-07
7.331179094736370821e-07
7.238781781431155362e-07
7.155909964342972217e-07
7.070061429686966408e-07
6.987784956112347584e-07
6.901102940537351726e-07
6.817992986043742853e-07
6.741312741496630765e-07
6.658321855705735815e-07
6.580331855428781162e-07
6.508652496395611489e-07
6.433162938875629103e-07
6.352315289733565709e-07
6.279683381078692063e-07
6.205146373180412590e-07
6.124894067551913517e-07
6.055834219978427916e-07
5.991894326621597595e-07
5.916642906507039878e-07
5.849130952068822570e-07
5.781738066333317068e-07
5.709463363786583075e-07
5.642665821564641894e-07
5.574201317504720614e-07
5.509666080634325971e-07
5.441558782682543284e-07
5.375475652676880347e-07
5.317846400563832888e-07
5.259621804937222166e-07
5.192228919201716664e-07
5.129717850277440713e-07
5.073517422596948683e-07
5.011839834591662782e-07
4.954924994694893566e-07
4.898486429608975808e-07
4.840976246198642272e-07
4.788347879599537227e-07
4.736195787811284699e-07
4.684519970833883097e-07
4.636892489748720468e-07
4.580692062068228438e-07
4.529373451198965959e-07
4.478531115140554937e-07
4.424354855406182128e-07
4.376251099510168042e-07
4.328028274911441091e-07
4.282424961772397683e-07
4.235750030308938496e-07
4.194433190467559788e-07
4.145615022355267987e-07
4.098106609972818222e-07
4.049288441860526421e-07
4.001780029478076655e-07
3.959272502609569305e-07
3.917479387957339140e-07
3.875090929791544124e-07
3.836512670112562352e-07
3.795672105082035630e-07
3.750068791942992222e-07
3.708037539885336329e-07
3.667435112260235335e-07
3.626118272418856627e-07
3.587659081442587719e-07
3.548247340844615897e-07
3.510502562084624174e-07
3.472281508513781524e-07
3.436679966402622416e-07
3.400125874669759865e-07
3.365715019585729929e-07
3.326541416393183836e-07
3.289749187254895556e-07
3.256171813089856199e-07
3.223666057249232620e-07
3.193184469354728261e-07
3.160202438703253225e-07
3.125434377511084696e-07
3.091023522427054760e-07
3.059470316208134094e-07
3.028869659610917401e-07
2.995649491554016107e-07
2.964572560145947957e-07
2.930637979872769478e-07
2.899680117167413663e-07
2.874675689597703177e-07
2.845027582622189397e-07
2.819070605430775997e-07
2.789898773266113675e-07
2.763465521263848818e-07
2.735484376126315667e-07
2.709646467637614602e-07
2.681069978986517130e-07
2.651064665902864758e-07
2.625107688711451358e-07
2.597364680979343936e-07
2.572003047301494857e-07
2.545807932704655199e-07
2.521756054756648156e-07
2.496156283673373348e-07
2.467341657616850148e-07
2.443885123182407426e-07
2.415308634531309954e-07
2.389470726042608889e-07
2.364228161067472939e-07
2.340890695335743081e-07
2.317196023495874630e-07
2.290643702790896644e-07
2.268615992789008822e-07
2.246588282787121265e-07
2.222298267433688229e-07
2.196817565053126285e-07
2.173718236726822421e-07
2.153238419860202363e-07
2.132401396885443712e-07
2.110254618180843026e-07
2.086917152449113433e-07
2.065722923366216190e-07
2.046910068337576761e-07
2.029406969038779632e-07
2.008808083469446710e-07
1.988328266602826917e-07
1.970706098601316659e-07
1.952369518383528952e-07
1.933199457246750930e-07
1.913553121299121451e-07
1.893549579243353115e-07
1.875093930322852543e-07
1.859019655456610314e-07
1.840444937833396878e-07
1.821274876696618856e-07
1.802938296478831149e-07
1.786864021612588920e-07
1.772575777287040184e-07
1.753762922258400755e-07
1.737569578689445662e-07
1.722328784742193483e-07
1.706373578578664119e-07
1.689108616685292454e-07
1.670295761656653289e-07
1.655412173817539968e-07
1.638980692843158882e-07
1.622192005760639203e-07
1.606236799597109574e-07
1.591472280460709116e-07
1.574564524675476573e-07
1.558371181106521216e-07
1.545273623808101387e-07
1.531104448185265515e-07
1.517649684778707093e-07
1.505742814507416436e-07
1.493716875533412915e-07
1.480143043424141629e-07
1.467640829639286385e-07
1.453114447908311656e-07
1.440850371528882406e-07
1.428824432554878885e-07
1.413821776013052699e-07
1.402867455363465220e-07
1.390127104173184248e-07
1.378577440010032184e-07
1.366551501036028662e-07
1.354168355953886283e-07
1.341428004763605311e-07
1.328925790978750333e-07
1.317971470329162854e-07
1.305350187841594747e-07
1.292252630543174918e-07
1.280464828974597124e-07
1.269867714433148503e-07
1.257603638053719253e-07
1.245458630377002602e-07
1.234147103619276531e-07
1.223430920375115045e-07
1.213071943239092152e-07
1.202593897400356395e-07
1.191282370642630191e-07
1.181637805722884748e-07
1.170921622478723262e-07
1.159967301829135783e-07
1.148179500260557990e-07
1.138534935340812547e-07
1.127818752096651061e-07
1.118174187176905618e-07
1.108053347446308586e-07
1.097932507715711421e-07
1.086740049660698214e-07
1.075190385497546281e-07
1.065903026685939563e-07
1.054234293820074767e-07
1.045661347224745499e-07
1.036731194521277506e-07
1.026967560898819198e-07
1.017084858573647895e-07
1.007202156248476723e-07
9.968431791124538300e-08
9.848172401384501760e-08
9.761252248404080438e-08
9.665997286233754650e-08
9.587411942443236470e-08
9.513589346761234182e-08
9.432622628916458718e-08
9.356418659180197823e-08
9.284977437552454143e-08
9.192103849436386963e-08
9.119471940781514641e-08
9.039695909963866495e-08
8.965873314281864208e-08
8.892050718599861920e-08
8.808702626700827848e-08
8.743214840208728703e-08
8.662248122363953239e-08
8.599141709926112702e-08
8.531272549379756273e-08
8.444352396399333627e-08
8.363385678554556839e-08
8.300279266116716302e-08
8.224075296380456730e-08
8.138345830427164050e-08
8.063332547718033120e-08
7.989509952036030833e-08
7.943073157977996581e-08
7.872822623377382867e-08
7.815669646075186864e-08
7.754944607691604935e-08
7.700173004443667541e-08
7.628731782815923861e-08
7.562053309296696074e-08
7.507281706048758680e-08
7.448938041719435358e-08
7.379878194145948963e-08
7.332250713060786069e-08
7.254856056297397855e-08
7.184605521696782818e-08
7.116736361150425065e-08
7.064346131956746278e-08
7.009574528708810207e-08
6.961947047623647313e-08
6.922654375728387561e-08
6.860738650317676990e-08
6.804776360042610953e-08
6.750004756794673559e-08
6.702377275709510665e-08
6.626173305973251093e-08
6.569020328671055090e-08
6.521392847585892196e-08
6.458286435148051659e-08
6.396370709737341088e-08
6.349933915679306836e-08
6.295162312431370765e-08
6.241581396210562013e-08
6.193953915125399118e-08
6.148707808094494832e-08
6.091554830792300153e-08
6.040355288625750009e-08
6.004634677811878831e-08
5.965342005916619079e-08
5.920095898885714793e-08
5.874849791854809845e-08
5.834366432932422113e-08
5.792692386982904415e-08
5.740302157789225628e-08
5.683149180487030288e-08
5.635521699401868055e-08
5.583131470208189269e-08
5.549792233448575375e-08
5.500974065336283177e-08
5.461681393441024087e-08
5.412863225328732551e-08
5.383096049650505907e-08
5.347375438836634067e-08
5.312845515049890870e-08
5.271171469100373834e-08
5.231878797205114744e-08
5.185442003147081154e-08
5.153293453414596564e-08
5.106856659356562974e-08
5.059229178271400080e-08
5.025889941511786186e-08
4.984215895562269150e-08
4.936588414477106256e-08
4.898486429608976470e-08
4.855621696632330130e-08
4.816329024737070378e-08
4.771082917706166092e-08
4.743697116082197395e-08
4.707976505268325555e-08
4.671065207427324411e-08
4.618674978233645624e-08
4.588907802555418981e-08
4.542471008497385391e-08
4.498415588493610408e-08
4.461504290652609265e-08
4.424592992811608121e-08
4.380537572807832477e-08
4.351961084156735138e-08
4.317431160369991940e-08
4.284091923610378046e-08
4.245989938742248260e-08
4.209078640901247117e-08
4.173358030087375277e-08
4.140018793327761383e-08
4.109060930622405436e-08
4.085247190079824651e-08
4.044763831157436257e-08
4.011424594397822363e-08
3.984038792773853666e-08
3.938792685742949380e-08
3.905453448983335486e-08
3.860207341952431200e-08
3.838774975464107699e-08
3.810198486813010359e-08
3.774477875999138520e-08
3.753045509510815019e-08
3.729231768968233572e-08
3.694701845181491036e-08
3.669697417611780285e-08
3.637548867879295695e-08
3.607781692201069052e-08
3.570870394360067908e-08
3.545865966790357819e-08
3.506573294895098729e-08
3.476806119216872085e-08
3.445848256511516138e-08
3.420843828941806049e-08
3.398220775426353244e-08
3.367262912720997958e-08
3.336305050015642011e-08
3.307728561364544671e-08
3.280342759740575974e-08
3.252956958116607277e-08
3.223189782438380633e-08
3.196994667841541240e-08
3.177943675407476347e-08
3.155320621892024204e-08
3.127934820268055507e-08
3.110074514861119256e-08
3.083879400264279863e-08
3.056493598640311827e-08
3.026726422962085184e-08
2.996959247283858540e-08
2.971954819714148120e-08
2.951713140252953923e-08
2.921945964574727280e-08
2.901704285113533083e-08
2.882653292679468190e-08
2.854076804028370519e-08
2.820737567268756626e-08
2.795733139699046206e-08
2.773110086183594062e-08
2.746914971586754669e-08
2.727863979152689445e-08
2.702859551582979025e-08
2.676664436986139632e-08
2.655232070497816462e-08
2.632609016982364319e-08
2.615939398602557372e-08
2.598079093195621452e-08
2.582600161842943478e-08
2.567121230490265505e-08
2.548070238056200612e-08
2.536163367784909888e-08
2.508777566160941522e-08
2.489726573726876298e-08
2.469484894265682101e-08
2.452815275885875154e-08
2.424238787234777815e-08
2.403997107773583618e-08
2.387327489393776671e-08
2.374229932095356974e-08
2.364704435878324528e-08
2.349225504525646554e-08
2.334937260200097884e-08
2.314695580738903687e-08
2.296835275331967768e-08
2.283737718033548071e-08
2.259923977490966624e-08
2.237300923975514481e-08
2.219440618568578561e-08
2.205152374243029560e-08
2.192054816944609864e-08
2.173003824510544971e-08
2.157524893157866997e-08
2.138473900723802104e-08
2.115850847208349630e-08
2.099181228828542683e-08
2.083702297475865040e-08
2.075367488285961567e-08
2.056316495851896343e-08
2.030121381255056950e-08
2.014642449902379307e-08
1.990828709359797860e-08
1.976540465034249190e-08
1.953917411518796716e-08
1.930103670976215600e-08
1.915815426650666599e-08
1.901527182325117930e-08
1.886048250972439956e-08
1.876522754755407509e-08
1.868187945565504036e-08
1.856281075294213312e-08
1.849136953131439143e-08
1.825323212588857696e-08
1.818179090426083196e-08
1.799128097992018303e-08
1.781267792585082383e-08
1.771742296368049605e-08
1.758644739069629909e-08
1.749119242852597462e-08
1.738403059608436043e-08
1.719352067174370819e-08
1.706254509875951122e-08
1.702682448794563872e-08
1.686012830414756925e-08
1.675296647170595506e-08
1.664580463926433755e-08
1.652673593655143032e-08
1.644338784465239558e-08
1.636003975275336416e-08
1.626478479058303638e-08
1.619334356895529469e-08
1.607427486624238745e-08
1.595520616352948022e-08
1.581232372027399352e-08
1.574088249864624852e-08
1.559800005539076182e-08
1.550274509322043405e-08
1.539558326077881985e-08
1.524079394725204011e-08
1.503837715264009814e-08
1.490740157965590118e-08
1.485977409857074060e-08
1.477642600667170587e-08
1.463354356341621751e-08
1.452638173097460166e-08
1.440731302826169443e-08
1.425252371473491635e-08
1.415726875256459023e-08
1.406201379039426576e-08
1.385959699578232379e-08
1.378815577415458044e-08
1.368099394171296459e-08
1.356192523900005736e-08
1.349048401737231401e-08
1.337141531465940843e-08
1.333569470384553593e-08
1.324043974167520981e-08
1.315709164977617507e-08
1.309755729841972311e-08
1.302611607679197811e-08
1.295467485516423476e-08
1.287132676326520002e-08
1.281179241190874641e-08
1.268081683892454944e-08
1.254984126594035247e-08
1.249030691458389886e-08
1.239505195241357439e-08
1.227598324970066716e-08
1.221644889834421354e-08
1.212119393617388907e-08
1.201403210373227322e-08
1.191877714156194710e-08
1.182352217939162264e-08
1.169254660640742567e-08
1.158538477396580982e-08
1.152585042260935620e-08
1.144250233071032147e-08
1.134724736853999535e-08
1.122817866582708977e-08
1.115673744419934477e-08
1.109720309284289280e-08
1.103766874148643919e-08
1.097813439012998557e-08
1.089478629823095083e-08
1.081143820633191610e-08
1.076381072524675387e-08
1.070427637389030025e-08
1.062092828199126552e-08
1.052567331982094105e-08
1.044232522792190632e-08
1.040660461710803382e-08
1.038279087656545270e-08
1.033516339548029047e-08
1.018037408195351238e-08
1.008511911978318627e-08
1.000177102788415153e-08
9.906516065713827067e-09
9.870795454899954565e-09
9.787447363000919831e-09
9.727913011644466214e-09
9.644564919745431480e-09
9.585030568388979516e-09
9.501682476489944782e-09
9.406427514319618663e-09
9.311172552149294198e-09
9.192103849436386963e-09
9.192103849436386963e-09
9.120662627808643614e-09
9.037314535909608880e-09
8.977780184553155262e-09
8.942059573739282761e-09
8.894432092654120528e-09
8.811084000755085794e-09
8.763456519669923562e-09
8.739642779127342446e-09
8.692015298042180213e-09
8.644387816957016326e-09
8.572946595329272978e-09
8.561039725057981592e-09
8.513412243972819360e-09
8.501505373701529629e-09
8.418157281802494895e-09
8.394343541259913779e-09
8.310995449360879045e-09
8.251461098004425427e-09
8.191926746647971809e-09
8.120485525020228461e-09
8.060951173663774843e-09
8.025230562849902342e-09
7.953789341222158993e-09
7.906161860136996760e-09
7.894254989865705375e-09
7.858534379051832874e-09
7.787093157424089525e-09
7.703745065525054791e-09
7.644210714168601173e-09
7.584676362812149210e-09
7.501328270913114476e-09
7.429887049285370300e-09
7.382259568200207240e-09
7.322725216843753623e-09
7.298911476301172506e-09
7.298911476301172506e-09
7.239377124944719716e-09
7.167935903316975540e-09
7.084587811417940806e-09
7.036960330332778574e-09
7.025053460061487188e-09
7.001239719518906072e-09
6.941705368162453282e-09
6.882171016805999664e-09
6.846450405992127990e-09
6.786916054635674372e-09
6.763102314093093256e-09
6.727381703279220754e-09
6.644033611380186847e-09
6.632126741108896289e-09
6.596406130295023788e-09
6.501151168124698496e-09
6.465430557310826821e-09
6.405896205954373204e-09
6.370175595140501529e-09
6.298734373512757353e-09
6.274920632970176237e-09
6.215386281613722619e-09
6.179665670799850945e-09
6.155851930257269829e-09
6.108224449172106769e-09
6.036783227544363421e-09
5.953435135645328687e-09
5.917714524831456185e-09
5.858180173475003394e-09
5.834366432932422278e-09
5.751018341033387544e-09
5.703390859948224485e-09
5.691483989676933927e-09
5.643856508591771694e-09
5.620042768049189751e-09
5.596229027506608634e-09
5.548601546421446402e-09
5.512880935607573901e-09
5.489067195064992784e-09
5.477160324793702226e-09
5.453346584251121110e-09
5.453346584251121110e-09
5.441439713979830552e-09
5.429532843708539167e-09
5.381905362623376934e-09
5.358091622080795818e-09
5.310464140995632758e-09
5.262836659910470526e-09
5.227116049096598024e-09
5.179488568011435792e-09
5.155674827468854676e-09
5.131861086926272732e-09
5.096140476112401058e-09
5.060419865298529384e-09
5.048512995027238825e-09
5.012792384213366324e-09
4.988978643670785208e-09
4.953258032856913533e-09
4.953258032856913533e-09
4.941351162585622975e-09
4.893723681500459916e-09
4.881816811229169358e-09
4.858003070686588241e-09
4.846096200415297683e-09
4.810375589601425182e-09
4.786561849058844065e-09
4.762748108516262949e-09
4.750841238244972391e-09
4.727027497702390448e-09
4.715120627431099890e-09
4.691306886888518773e-09
4.679400016617228215e-09
4.667493146345937657e-09
4.643679405803356541e-09
4.631772535532065156e-09
4.596051924718193481e-09
4.560331313904321807e-09
4.524610703090449305e-09
4.512703832819158747e-09
4.429355740920124013e-09
4.405542000377542897e-09
4.381728259834961781e-09
4.357914519292380665e-09
4.322193908478508163e-09
4.262659557122055373e-09
4.250752686850764815e-09
4.250752686850764815e-09
4.226938946308182871e-09
4.215032076036892313e-09
4.191218335494311197e-09
4.167404594951730081e-09
4.143590854409148964e-09
4.119777113866567021e-09
4.119777113866567021e-09
4.107870243595276463e-09
4.084056503052695347e-09
4.072149632781404789e-09
4.060242762510114230e-09
4.024522151696241729e-09
4.012615281424951171e-09
4.000708411153660613e-09
3.988801540882370055e-09
3.988801540882370055e-09
3.988801540882370055e-09
3.964987800339788938e-09
3.953080930068498380e-09
3.929267189525916437e-09
3.917360319254625879e-09
3.917360319254625879e-09
3.893546578712044762e-09
3.881639708440754204e-09
3.869732838169463646e-09
3.845919097626882530e-09
3.845919097626882530e-09
3.834012227355591145e-09
3.798291616541719470e-09
3.774477875999138354e-09
3.762571005727847796e-09
3.726850394913975295e-09
3.726850394913975295e-09
3.691129784100103620e-09
3.667316043557522504e-09
3.655409173286231532e-09
3.655409173286231532e-09
3.655409173286231532e-09
3.619688562472359858e-09
3.595874821929778328e-09
3.572061081387197212e-09
3.524433600302034566e-09
3.500619859759453036e-09
3.476806119216871920e-09
3.464899248945580948e-09
3.452992378674290390e-09
3.417271767860418716e-09
3.405364897589127744e-09
3.369644286775256070e-09
3.322016805690093424e-09
3.310109935418802452e-09
3.310109935418802452e-09
3.286296194876221336e-09
3.250575584062349248e-09
3.202948102977186602e-09
3.167227492163314927e-09
3.155320621892023956e-09
3.155320621892023956e-09
3.131506881349442839e-09
3.119600011078152281e-09
3.107693140806861310e-09
3.107693140806861310e-09
3.095786270535570752e-09
3.083879400264280193e-09
3.060065659721698664e-09
3.048158789450408106e-09
3.024345048907826989e-09
3.000531308365245459e-09
2.976717567822664343e-09
2.964810697551373372e-09
2.929090086737501697e-09
2.905276346194920167e-09
2.893369475923629609e-09
2.893369475923629609e-09
2.869555735381048493e-09
2.821928254295885847e-09
2.821928254295885847e-09
2.786207643482013759e-09
2.762393902939432229e-09
2.738580162396851113e-09
2.714766421854269583e-09
2.714766421854269583e-09
2.714766421854269583e-09
2.714766421854269583e-09
2.690952681311688467e-09
2.679045811040397909e-09
2.631418329955235263e-09
2.619511459683944705e-09
2.607604589412653733e-09
2.595697719141363175e-09
2.595697719141363175e-09
2.571883978598782059e-09
2.571883978598782059e-09
2.559977108327491087e-09
2.559977108327491087e-09
2.548070238056200529e-09
2.536163367784909971e-09
2.500442756971037883e-09
2.500442756971037883e-09
2.488535886699747325e-09
2.476629016428456767e-09
2.464722146157165795e-09
2.452815275885875237e-09
2.417094665072003149e-09
2.405187794800712591e-09
2.405187794800712591e-09
2.393280924529422033e-09
2.381374054258131475e-09
2.345653443444259387e-09
2.333746573172968829e-09
2.286119092087806183e-09
2.274212221816515624e-09
2.274212221816515624e-09
2.262305351545224653e-09
2.238491611002643537e-09
2.238491611002643537e-09
2.226584740731352978e-09
2.190864129917480890e-09
2.143236648832318244e-09
2.119422908289737128e-09
2.107516038018446157e-09
2.095609167747155598e-09
2.071795427204574482e-09
2.071795427204574482e-09
2.059888556933283510e-09
2.036074816390702394e-09
2.036074816390702394e-09
2.024167946119411836e-09
2.012261075848120864e-09
2.012261075848120864e-09
2.000354205576830306e-09
2.000354205576830306e-09
2.000354205576830306e-09
1.976540465034249190e-09
1.976540465034249190e-09
1.976540465034249190e-09
1.976540465034249190e-09
1.964633594762958218e-09
1.964633594762958218e-09
1.928912983949086544e-09
1.917006113677795572e-09
1.893192373135214456e-09
1.881285502863923898e-09
1.821751151507470487e-09
1.797937410964889164e-09
1.774123670422307841e-09
1.774123670422307841e-09
1.774123670422307841e-09
1.762216800151017283e-09
1.762216800151017283e-09
1.750309929879726518e-09
1.726496189337145195e-09
1.714589319065854637e-09
1.702682448794563872e-09
1.690775578523273314e-09
1.678868708251982549e-09
1.678868708251982549e-09
1.678868708251982549e-09
1.666961837980691991e-09
1.655054967709401226e-09
1.631241227166819903e-09
1.631241227166819903e-09
1.631241227166819903e-09
1.631241227166819903e-09
1.631241227166819903e-09
1.619334356895529345e-09
1.619334356895529345e-09
1.619334356895529345e-09
1.619334356895529345e-09
1.607427486624238580e-09
1.571706875810366699e-09
1.547893135267785376e-09
1.547893135267785376e-09
1.547893135267785376e-09
1.547893135267785376e-09
1.547893135267785376e-09
1.547893135267785376e-09
1.535986264996494818e-09
1.524079394725204053e-09
1.512172524453913495e-09
1.500265654182622730e-09
1.500265654182622730e-09
1.488358783911332172e-09
1.488358783911332172e-09
1.488358783911332172e-09
1.488358783911332172e-09
1.488358783911332172e-09
1.464545043368750849e-09
1.464545043368750849e-09
1.452638173097460084e-09
1.440731302826169526e-09
1.440731302826169526e-09
1.440731302826169526e-09
1.428824432554878761e-09
1.416917562283588203e-09
1.416917562283588203e-09
1.416917562283588203e-09
1.416917562283588203e-09
1.405010692012297438e-09
1.405010692012297438e-09
1.405010692012297438e-09
1.405010692012297438e-09
1.381196951469716115e-09
1.369290081198425557e-09
1.357383210927134792e-09
1.357383210927134792e-09
1.357383210927134792e-09
1.357383210927134792e-09
1.357383210927134792e-09
1.321662600113262911e-09
1.297848859570681587e-09
1.297848859570681587e-09
1.297848859570681587e-09
1.297848859570681587e-09
1.297848859570681587e-09
1.297848859570681587e-09
1.297848859570681587e-09
1.274035119028100264e-09
1.262128248756809706e-09
1.262128248756809706e-09
1.262128248756809706e-09
1.262128248756809706e-09
1.250221378485518941e-09
1.250221378485518941e-09
1.226407637942937618e-09
1.226407637942937618e-09
1.226407637942937618e-09
1.226407637942937618e-09
1.226407637942937618e-09
1.226407637942937618e-09
1.214500767671647060e-09
1.202593897400356295e-09
1.190687027129065737e-09
1.190687027129065737e-09
1.190687027129065737e-09
1.178780156857774972e-09
1.166873286586484414e-09
1.166873286586484414e-09
1.166873286586484414e-09
1.154966416315193649e-09
1.143059546043903091e-09
1.131152675772612326e-09
1.131152675772612326e-09
1.131152675772612326e-09
1.107338935230031003e-09
1.107338935230031003e-09
1.107338935230031003e-09
1.095432064958740445e-09
1.095432064958740445e-09
1.095432064958740445e-09
1.083525194687449680e-09
1.071618324416159122e-09
1.071618324416159122e-09
1.071618324416159122e-09
1.071618324416159122e-09
1.071618324416159122e-09
1.059711454144868564e-09
1.059711454144868564e-09
1.047804583873577799e-09
1.035897713602287241e-09
1.035897713602287241e-09
1.035897713602287241e-09
1.012083973059705918e-09
1.012083973059705918e-09
1.012083973059705918e-09
1.000177102788415153e-09
1.000177102788415153e-09
1.000177102788415153e-09
9.763633622458338301e-10
9.763633622458338301e-10
9.763633622458338301e-10
9.644564919745432720e-10
9.644564919745432720e-10
9.644564919745432720e-10
9.644564919745432720e-10
9.644564919745432720e-10
9.644564919745432720e-10
9.644564919745432720e-10
9.644564919745432720e-10
9.644564919745432720e-10
9.644564919745432720e-10
9.525496217032525071e-10
9.406427514319619490e-10
9.168290108893806260e-10
8.930152703467993030e-10
8.930152703467993030e-10
8.930152703467993030e-10
8.811084000755086415e-10
8.692015298042179800e-10
8.692015298042179800e-10
8.692015298042179800e-10
8.692015298042179800e-10
8.692015298042179800e-10
8.692015298042179800e-10
8.692015298042179800e-10
8.692015298042179800e-10
8.692015298042179800e-10
8.692015298042179800e-10
8.692015298042179800e-10
8.572946595329273185e-10
8.572946595329273185e-10
8.572946595329273185e-10
8.334809189903459954e-10
8.215740487190553339e-10
8.215740487190553339e-10
8.096671784477646724e-10
8.096671784477646724e-10
7.858534379051833494e-10
7.739465676338926879e-10
7.739465676338926879e-10
7.739465676338926879e-10
7.739465676338926879e-10
7.620396973626020264e-10
7.620396973626020264e-10
7.501328270913113649e-10
7.501328270913113649e-10
7.501328270913113649e-10
7.501328270913113649e-10
7.501328270913113649e-10
7.501328270913113649e-10
7.501328270913113649e-10
7.263190865487300419e-10
7.263190865487300419e-10
7.263190865487300419e-10
7.263190865487300419e-10
7.263190865487300419e-10
7.263190865487300419e-10
7.144122162774393803e-10
7.025053460061487188e-10
7.025053460061487188e-10
6.786916054635673958e-10
6.786916054635673958e-10
6.786916054635673958e-10
6.786916054635673958e-10
6.667847351922767343e-10
6.667847351922767343e-10
6.667847351922767343e-10
6.548778649209861762e-10
6.548778649209861762e-10
6.548778649209861762e-10
6.429709946496955147e-10
6.191572541071141917e-10
5.953435135645328687e-10
5.953435135645328687e-10
5.953435135645328687e-10
5.715297730219515456e-10
5.715297730219515456e-10
5.715297730219515456e-10
5.596229027506608841e-10
5.358091622080795611e-10
5.358091622080795611e-10
5.239022919367888996e-10
5.239022919367888996e-10
5.239022919367888996e-10
5.000885513942075766e-10
5.000885513942075766e-10
5.000885513942075766e-10
5.000885513942075766e-10
5.000885513942075766e-10
5.000885513942075766e-10
5.000885513942075766e-10
5.000885513942075766e-10
5.000885513942075766e-10
5.000885513942075766e-10
5.000885513942075766e-10
5.000885513942075766e-10
5.000885513942075766e-10
4.881816811229169151e-10
4.881816811229169151e-10
4.881816811229169151e-10
4.881816811229169151e-10
4.881816811229169151e-10
4.881816811229169151e-10
4.762748108516262536e-10
4.762748108516262536e-10
4.762748108516262536e-10
4.762748108516262536e-10
4.762748108516262536e-10
4.762748108516262536e-10
4.643679405803356438e-10
4.643679405803356438e-10
4.524610703090449822e-10
4.405542000377543207e-10
4.405542000377543207e-10
4.286473297664636592e-10
4.286473297664636592e-10
4.286473297664636592e-10
4.286473297664636592e-10
4.286473297664636592e-10
4.286473297664636592e-10
4.286473297664636592e-10
4.286473297664636592e-10
4.286473297664636592e-10
4.286473297664636592e-10
4.286473297664636592e-10
4.286473297664636592e-10
4.286473297664636592e-10
4.286473297664636592e-10
4.286473297664636592e-10
4.286473297664636592e-10
4.286473297664636592e-10
4.286473297664636592e-10
4.286473297664636592e-10
4.286473297664636592e-10
4.286473297664636592e-10
4.286473297664636592e-10
4.286473297664636592e-10
4.286473297664636592e-10
4.167404594951729977e-10
4.167404594951729977e-10
4.167404594951729977e-10
4.167404594951729977e-10
4.167404594951729977e-10
4.048335892238823362e-10
4.048335892238823362e-10
4.048335892238823362e-10
4.048335892238823362e-10
4.048335892238823362e-10
4.048335892238823362e-10
4.048335892238823362e-10
4.048335892238823362e-10
4.048335892238823362e-10
4.048335892238823362e-10
4.048335892238823362e-10
4.048335892238823362e-10
4.048335892238823362e-10
4.048335892238823362e-10
4.048335892238823362e-10
4.048335892238823362e-10
4.048335892238823362e-10
4.048335892238823362e-10
3.929267189525916747e-10
3.929267189525916747e-10
3.929267189525916747e-10
3.929267189525916747e-10
3.810198486813010132e-10
3.810198486813010132e-10
3.810198486813010132e-10
3.691129784100103517e-10
3.572061081387196902e-10
3.572061081387196902e-10
3.572061081387196902e-10
3.572061081387196902e-10
3.572061081387196902e-10
3.572061081387196902e-10
3.452992378674290287e-10
3.452992378674290287e-10
3.452992378674290287e-10
3.214854973248477573e-10
3.214854973248477573e-10
3.214854973248477573e-10
3.214854973248477573e-10
3.214854973248477573e-10
3.214854973248477573e-10
3.214854973248477573e-10
3.214854973248477573e-10
3.214854973248477573e-10
3.214854973248477573e-10
3.214854973248477573e-10
3.214854973248477573e-10
3.214854973248477573e-10
3.095786270535570958e-10
3.095786270535570958e-10
3.095786270535570958e-10
3.095786270535570958e-10
2.976717567822664343e-10
2.857648865109757728e-10
2.857648865109757728e-10
2.857648865109757728e-10
2.857648865109757728e-10
2.857648865109757728e-10
2.857648865109757728e-10
2.738580162396851113e-10
2.738580162396851113e-10
2.619511459683944498e-10
2.619511459683944498e-10
2.619511459683944498e-10
2.619511459683944498e-10
2.619511459683944498e-10
2.619511459683944498e-10
2.619511459683944498e-10
2.619511459683944498e-10
2.619511459683944498e-10
2.619511459683944498e-10
2.619511459683944498e-10
2.619511459683944498e-10
2.619511459683944498e-10
2.619511459683944498e-10
2.619511459683944498e-10
2.619511459683944498e-10
2.619511459683944498e-10
2.619511459683944498e-10
2.500442756971037883e-10
2.500442756971037883e-10
2.500442756971037883e-10
2.500442756971037883e-10
2.500442756971037883e-10
2.500442756971037883e-10
2.500442756971037883e-10
2.500442756971037883e-10
2.500442756971037883e-10
2.500442756971037883e-10
2.500442756971037883e-10
2.500442756971037883e-10
2.500442756971037883e-10
2.500442756971037883e-10
2.500442756971037883e-10
2.500442756971037883e-10
2.500442756971037883e-10
2.500442756971037883e-10
2.500442756971037883e-10
2.500442756971037883e-10
2.500442756971037883e-10
2.500442756971037883e-10
2.500442756971037883e-10
2.500442756971037883e-10
2.500442756971037883e-10
2.500442756971037883e-10
2.500442756971037883e-10
2.500442756971037883e-10
2.500442756971037883e-10
2.500442756971037883e-10
2.500442756971037883e-10
2.500442756971037883e-10
2.500442756971037883e-10
2.381374054258131268e-10
2.381374054258131268e-10
2.381374054258131268e-10
2.381374054258131268e-10
2.381374054258131268e-10
2.381374054258131268e-10
2.381374054258131268e-10
2.381374054258131268e-10
2.381374054258131268e-10
2.381374054258131268e-10
2.381374054258131268e-10
2.381374054258131268e-10
2.381374054258131268e-10
2.381374054258131268e-10
2.262305351545224911e-10
2.262305351545224911e-10
2.262305351545224911e-10
2.262305351545224911e-10
2.262305351545224911e-10
2.262305351545224911e-10
2.262305351545224911e-10
2.262305351545224911e-10
2.262305351545224911e-10
2.262305351545224911e-10
2.262305351545224911e-10
2.262305351545224911e-10
2.262305351545224911e-10
2.262305351545224911e-10
2.262305351545224911e-10
2.262305351545224911e-10
2.143236648832318296e-10
2.143236648832318296e-10
2.024167946119411681e-10
2.024167946119411681e-10
2.024167946119411681e-10
2.024167946119411681e-10
1.905099243406505066e-10
1.905099243406505066e-10
1.905099243406505066e-10
1.905099243406505066e-10
1.905099243406505066e-10
1.905099243406505066e-10
1.905099243406505066e-10
1.905099243406505066e-10
1.905099243406505066e-10
1.905099243406505066e-10
1.905099243406505066e-10
1.905099243406505066e-10
1.905099243406505066e-10
1.905099243406505066e-10
1.905099243406505066e-10
1.905099243406505066e-10
1.905099243406505066e-10
1.905099243406505066e-10
1.905099243406505066e-10
1.905099243406505066e-10
1.905099243406505066e-10
1.905099243406505066e-10
1.905099243406505066e-10
1.905099243406505066e-10
1.905099243406505066e-10
1.905099243406505066e-10
1.905099243406505066e-10
1.905099243406505066e-10
1.905099243406505066e-10
1.905099243406505066e-10
1.905099243406505066e-10
1.905099243406505066e-10
1.905099243406505066e-10
1.905099243406505066e-10
1.905099243406505066e-10
1.905099243406505066e-10
1.905099243406505066e-10
1.905099243406505066e-10
1.905099243406505066e-10
1.905099243406505066e-10
1.905099243406505066e-10
1.786030540693598451e-10
1.786030540693598451e-10
1.786030540693598451e-10
1.786030540693598451e-10
1.786030540693598451e-10
1.786030540693598451e-10
1.666961837980691836e-10
1.666961837980691836e-10
1.666961837980691836e-10
1.666961837980691836e-10
1.666961837980691836e-10
1.666961837980691836e-10
1.666961837980691836e-10
1.666961837980691836e-10
1.666961837980691836e-10
1.666961837980691836e-10
1.666961837980691836e-10
1.547893135267785479e-10
1.547893135267785479e-10
1.547893135267785479e-10
1.547893135267785479e-10
1.547893135267785479e-10
1.547893135267785479e-10
1.547893135267785479e-10
1.428824432554878864e-10
1.428824432554878864e-10
1.309755729841972249e-10
1.309755729841972249e-10
1.309755729841972249e-10
1.309755729841972249e-10
1.309755729841972249e-10
1.309755729841972249e-10
1.309755729841972249e-10
1.309755729841972249e-10
1.309755729841972249e-10
1.309755729841972249e-10
1.309755729841972249e-10
1.309755729841972249e-10
1.309755729841972249e-10
1.309755729841972249e-10
1.309755729841972249e-10
1.309755729841972249e-10
1.309755729841972249e-10
1.309755729841972249e-10
1.309755729841972249e-10
1.309755729841972249e-10
1.309755729841972249e-10
1.309755729841972249e-10
1.309755729841972249e-10
1.309755729841972249e-10
1.309755729841972249e-10
1.309755729841972249e-10
1.309755729841972249e-10
1.309755729841972249e-10
1.309755729841972249e-10
1.309755729841972249e-10
1.309755729841972249e-10
1.309755729841972249e-10
1.309755729841972249e-10
1.309755729841972249e-10
1.309755729841972249e-10
1.309755729841972249e-10
1.309755729841972249e-10
1.309755729841972249e-10
1.309755729841972249e-10
1.190687027129065634e-10
1.190687027129065634e-10
1.190687027129065634e-10
1.190687027129065634e-10
1.190687027129065634e-10
1.190687027129065634e-10
1.190687027129065634e-10
1.190687027129065634e-10
1.190687027129065634e-10
1.190687027129065634e-10
1.190687027129065634e-10
1.190687027129065634e-10
1.071618324416159148e-10
1.071618324416159148e-10
1.071618324416159148e-10
1.071618324416159148e-10
1.071618324416159148e-10
1.071618324416159148e-10
1.071618324416159148e-10
1.071618324416159148e-10
1.071618324416159148e-10
1.071618324416159148e-10
1.071618324416159148e-10
1.071618324416159148e-10
1.071618324416159148e-10
1.071618324416159148e-10
1.071618324416159148e-10
1.071618324416159148e-10
1.071618324416159148e-10
1.071618324416159148e-10
1.071618324416159148e-10
1.071618324416159148e-10
1.071618324416159148e-10
1.071618324416159148e-10
1.071618324416159148e-10
1.071618324416159148e-10
1.071618324416159148e-10
1.071618324416159148e-10
1.071618324416159148e-10
1.071618324416159148e-10
1.071618324416159148e-10
1.071618324416159148e-10
1.071618324416159148e-10
1.071618324416159148e-10
1.071618324416159148e-10
1.071618324416159148e-10
1.071618324416159148e-10
1.071618324416159148e-10
1.071618324416159148e-10
1.071618324416159148e-10
1.071618324416159148e-10
1.071618324416159148e-10
1.071618324416159148e-10
1.071618324416159148e-10
1.071618324416159148e-10
1.071618324416159148e-10
1.071618324416159148e-10
1.071618324416159148e-10
1.071618324416159148e-10
1.071618324416159148e-10
1.071618324416159148e-10
1.071618324416159148e-10
1.071618324416159148e-10
1.071618324416159148e-10
1.071618324416159148e-10
1.071618324416159148e-10
8.334809189903459179e-11
8.334809189903459179e-11
8.334809189903459179e-11
8.334809189903459179e-11
8.334809189903459179e-11
8.334809189903459179e-11
8.334809189903459179e-11
8.334809189903459179e-11
8.334809189903459179e-11
8.334809189903459179e-11
8.334809189903459179e-11
8.334809189903459179e-11
8.334809189903459179e-11
8.334809189903459179e-11
7.144122162774394320e-11
7.144122162774394320e-11
5.953435135645328170e-11
5.953435135645328170e-11
5.953435135645328170e-11
5.953435135645328170e-11
5.953435135645328170e-11
4.762748108516262665e-11
4.762748108516262665e-11
4.762748108516262665e-11
4.762748108516262665e-11
4.762748108516262665e-11
4.762748108516262665e-11
4.762748108516262665e-11
4.762748108516262665e-11
4.762748108516262665e-11
4.762748108516262665e-11
4.762748108516262665e-11
4.762748108516262665e-11
4.762748108516262665e-11
4.762748108516262665e-11
4.762748108516262665e-11
4.762748108516262665e-11
4.762748108516262665e-11
4.762748108516262665e-11
4.762748108516262665e-11
4.762748108516262665e-11
4.762748108516262665e-11
4.762748108516262665e-11
4.762748108516262665e-11
4.762748108516262665e-11
4.762748108516262665e-11
4.762748108516262665e-11
4.762748108516262665e-11
4.762748108516262665e-11
4.762748108516262665e-11
4.762748108516262665e-11
4.762748108516262665e-11
4.762748108516262665e-11
4.762748108516262665e-11
4.762748108516262665e-11
4.762748108516262665e-11
4.762748108516262665e-11
4.762748108516262665e-11
4.762748108516262665e-11
4.762748108516262665e-11
4.762748108516262665e-11
4.762748108516262665e-11
4.762748108516262665e-11
4.762748108516262665e-11
4.762748108516262665e-11
4.762748108516262665e-11
4.762748108516262665e-11
4.762748108516262665e-11
4.762748108516262665e-11
4.762748108516262665e-11
4.762748108516262665e-11
4.762748108516262665e-11
4.762748108516262665e-11
4.762748108516262665e-11
4.762748108516262665e-11
4.762748108516262665e-11
4.762748108516262665e-11
4.762748108516262665e-11
4.762748108516262665e-11
4.762748108516262665e-11
4.762748108516262665e-11
4.762748108516262665e-11
4.762748108516262665e-11
4.762748108516262665e-11
4.762748108516262665e-11
4.762748108516262665e-11
4.762748108516262665e-11
4.762748108516262665e-11
4.762748108516262665e-11
4.762748108516262665e-11
4.762748108516262665e-11
4.762748108516262665e-11
4.762748108516262665e-11
4.762748108516262665e-11
4.762748108516262665e-11
4.762748108516262665e-11
4.762748108516262665e-11
4.762748108516262665e-11
4.762748108516262665e-11
4.762748108516262665e-11
4.762748108516262665e-11
4.762748108516262665e-11
4.762748108516262665e-11
4.762748108516262665e-11
4.762748108516262665e-11
4.762748108516262665e-11
4.762748108516262665e-11
4.762748108516262665e-11
4.762748108516262665e-11
4.762748108516262665e-11
4.762748108516262665e-11
4.762748108516262665e-11
4.762748108516262665e-11
4.762748108516262665e-11
4.762748108516262665e-11
4.762748108516262665e-11
4.762748108516262665e-11
4.762748108516262665e-11
4.762748108516262665e-11
4.762748108516262665e-11
4.762748108516262665e-11
4.762748108516262665e-11
4.762748108516262665e-11
4.762748108516262665e-11
4.762748108516262665e-11
4.762748108516262665e-11
4.762748108516262665e-11
4.762748108516262665e-11
4.762748108516262665e-11
4.762748108516262665e-11
4.762748108516262665e-11
4.762748108516262665e-11
4.762748108516262665e-11
4.762748108516262665e-11
4.762748108516262665e-11
4.762748108516262665e-11
4.762748108516262665e-11
4.762748108516262665e-11
4.762748108516262665e-11
4.762748108516262665e-11
4.762748108516262665e-11
4.762748108516262665e-11
4.762748108516262665e-11
4.762748108516262665e-11
4.762748108516262665e-11
4.762748108516262665e-11
4.762748108516262665e-11
4.762748108516262665e-11
3.572061081387197160e-11
3.572061081387197160e-11
3.572061081387197160e-11
3.572061081387197160e-11
3.572061081387197160e-11
3.572061081387197160e-11
3.572061081387197160e-11
3.572061081387197160e-11
3.572061081387197160e-11
3.572061081387197160e-11
3.572061081387197160e-11
3.572061081387197160e-11
3.572061081387197160e-11
3.572061081387197160e-11
3.572061081387197160e-11
3.572061081387197160e-11
3.572061081387197160e-11
3.572061081387197160e-11
3.572061081387197160e-11
3.572061081387197160e-11
3.572061081387197160e-11
3.572061081387197160e-11
3.572061081387197160e-11
3.572061081387197160e-11
3.572061081387197160e-11
3.572061081387197160e-11
3.572061081387197160e-11
3.572061081387197160e-11
3.572061081387197160e-11
3.572061081387197160e-11
3.572061081387197160e-11
3.572061081387197160e-11
3.572061081387197160e-11
3.572061081387197160e-11
3.572061081387197160e-11
3.572061081387197160e-11
3.572061081387197160e-11
3.572061081387197160e-11
3.572061081387197160e-11
3.572061081387197160e-11
3.572061081387197160e-11
3.572061081387197160e-11
3.572061081387197160e-11
3.572061081387197160e-11
3.572061081387197160e-11
3.572061081387197160e-11
3.572061081387197160e-11
3.572061081387197160e-11
3.572061081387197160e-11
3.572061081387197160e-11
3.572061081387197160e-11
3.572061081387197160e-11
3.572061081387197160e-11
3.572061081387197160e-11
3.572061081387197160e-11
3.572061081387197160e-11
3.572061081387197160e-11
3.572061081387197160e-11
3.572061081387197160e-11
3.572061081387197160e-11
3.572061081387197160e-11
3.572061081387197160e-11
3.572061081387197160e-11
3.572061081387197160e-11
3.572061081387197160e-11
3.572061081387197160e-11
3.572061081387197160e-11
3.572061081387197160e-11
3.572061081387197160e-11
3.572061081387197160e-11
3.572061081387197160e-11
3.572061081387197160e-11
3.572061081387197160e-11
3.572061081387197160e-11
3.572061081387197160e-11
3.572061081387197160e-11
3.572061081387197160e-11
3.572061081387197160e-11
3.572061081387197160e-11
3.572061081387197160e-11
3.572061081387197160e-11
3.572061081387197160e-11
3.572061081387197160e-11
3.572061081387197160e-11
3.572061081387197160e-11
3.572061081387197160e-11
3.572061081387197160e-11
3.572061081387197160e-11
3.572061081387197160e-11
3.572061081387197160e-11
3.572061081387197160e-11
3.572061081387197160e-11
3.572061081387197160e-11
3.572061081387197160e-11
3.572061081387197160e-11
3.572061081387197160e-11
3.572061081387197160e-11
3.572061081387197160e-11
3.572061081387197160e-11
3.572061081387197160e-11
3.572061081387197160e-11
3.572061081387197160e-11
3.572061081387197160e-11
3.572061081387197160e-11
3.572061081387197160e-11
3.572061081387197160e-11
3.572061081387197160e-11
3.572061081387197160e-11
3.572061081387197160e-11
3.572061081387197160e-11
3.572061081387197160e-11
3.572061081387197160e-11
3.572061081387197160e-11
2.381374054258131332e-11
2.381374054258131332e-11
1.190687027129065666e-11
1.190687027129065666e-11
1.190687027129065666e-11
1.190687027129065666e-11
1.190687027129065666e-11
1.190687027129065666e-11
1.190687027129065666e-11
1.190687027129065666e-11
1.190687027129065666e-11
1.190687027129065666e-11
1.190687027129065666e-11
1.190687027129065666e-11
1.190687027129065666e-11
1.190687027129065666e-11
1.190687027129065666e-11
1.190687027129065666e-11
1.190687027129065666e-11
1.190687027129065666e-11
1.190687027129065666e-11
1.190687027129065666e-11
1.190687027129065666e-11
1.190687027129065666e-11
1.190687027129065666e-11
1.190687027129065666e-11
0.000000000000000000e+00
